Using pre-set license
Built from '2023.1/staging' branch; Version is '2023.1.2f1 (e348e726afe7) revision 14895335'; Using compiler version '192829333'; Build Type 'Release'
OS: 'Windows 11  (10.0.22621) 64bit Enterprise' Language: 'es' Physical Memory: 32565 MB
BatchMode: 1, IsHumanControllingUs: 0, StartBugReporterOnCrash: 0, Is64bit: 1, IsPro: 1

COMMAND LINE ARGUMENTS:
C:\Program Files\Unity 2023.1.2f1\Editor\Unity.exe
-adb2
-batchMode
-noUpm
-name
AssetImportWorker1
-projectPath
D:/Desktop/InterfazV.2/Interfaz1
-logFile
Logs/AssetImportWorker1.log
-srvPort
53304
Successfully changed project path to: D:/Desktop/InterfazV.2/Interfaz1
D:/Desktop/InterfazV.2/Interfaz1
[UnityMemory] Configuration Parameters - Can be set up in boot.config
    "memorysetup-bucket-allocator-granularity=16"
    "memorysetup-bucket-allocator-bucket-count=8"
    "memorysetup-bucket-allocator-block-size=33554432"
    "memorysetup-bucket-allocator-block-count=8"
    "memorysetup-main-allocator-block-size=16777216"
    "memorysetup-thread-allocator-block-size=16777216"
    "memorysetup-gfx-main-allocator-block-size=16777216"
    "memorysetup-gfx-thread-allocator-block-size=16777216"
    "memorysetup-cache-allocator-block-size=4194304"
    "memorysetup-typetree-allocator-block-size=2097152"
    "memorysetup-profiler-bucket-allocator-granularity=16"
    "memorysetup-profiler-bucket-allocator-bucket-count=8"
    "memorysetup-profiler-bucket-allocator-block-size=33554432"
    "memorysetup-profiler-bucket-allocator-block-count=8"
    "memorysetup-profiler-allocator-block-size=16777216"
    "memorysetup-profiler-editor-allocator-block-size=1048576"
    "memorysetup-temp-allocator-size-main=16777216"
    "memorysetup-job-temp-allocator-block-size=2097152"
    "memorysetup-job-temp-allocator-block-size-background=1048576"
    "memorysetup-job-temp-allocator-reduction-small-platforms=262144"
    "memorysetup-allocator-temp-initial-block-size-main=262144"
    "memorysetup-allocator-temp-initial-block-size-worker=262144"
    "memorysetup-temp-allocator-size-background-worker=32768"
    "memorysetup-temp-allocator-size-job-worker=262144"
    "memorysetup-temp-allocator-size-preload-manager=33554432"
    "memorysetup-temp-allocator-size-nav-mesh-worker=65536"
    "memorysetup-temp-allocator-size-audio-worker=65536"
    "memorysetup-temp-allocator-size-cloud-worker=32768"
    "memorysetup-temp-allocator-size-gi-baking-worker=262144"
    "memorysetup-temp-allocator-size-gfx=262144"
Player connection [11864] Host "[IP] 10.179.64.14 [Port] 0 [Flags] 2 [Guid] 2873253298 [EditorId] 2873253298 [Version] 1048832 [Id] WindowsEditor(7,BOGDFPCGMF5014) [Debug] 1 [PackageName] WindowsEditor [ProjectName] Editor" joined multi-casting on [225.0.0.222:54997]...

Player connection [11864] Host "[IP] 10.179.64.14 [Port] 0 [Flags] 2 [Guid] 2873253298 [EditorId] 2873253298 [Version] 1048832 [Id] WindowsEditor(7,BOGDFPCGMF5014) [Debug] 1 [PackageName] WindowsEditor [ProjectName] Editor" joined alternative multi-casting on [225.0.0.222:34997]...

Library Redirect Path: Library/Refreshing native plugins compatible for Editor in 19.35 ms, found 3 plugins.
Preloading 0 native plugins for Editor in 0.00 ms.
Initialize engine version: 2023.1.2f1 (e348e726afe7)
[Subsystems] Discovering subsystems at path C:/Program Files/Unity 2023.1.2f1/Editor/Data/Resources/UnitySubsystems
[Subsystems] Discovering subsystems at path D:/Desktop/InterfazV.2/Interfaz1/Assets
GfxDevice: creating device client; threaded=0; jobified=0
Direct3D:
    Version:  Direct3D 11.0 [level 11.1]
    Renderer: Intel(R) UHD Graphics 630 (ID=0x3e98)
    Vendor:   Intel
    VRAM:     16282 MB
    Driver:   30.0.100.9864
Initialize mono
Mono path[0] = 'C:/Program Files/Unity 2023.1.2f1/Editor/Data/Managed'
Mono path[1] = 'C:/Program Files/Unity 2023.1.2f1/Editor/Data/MonoBleedingEdge/lib/mono/unityjit-win32'
Mono config path = 'C:/Program Files/Unity 2023.1.2f1/Editor/Data/MonoBleedingEdge/etc'
Using monoOptions --debugger-agent=transport=dt_socket,embedding=1,server=y,suspend=n,address=127.0.0.1:56880
Begin MonoManager ReloadAssembly
C:\build\output\Unity-Technologies\mono\mono\metadata\icall.c:1842:
C:\build\output\Unity-Technologies\mono\mono\metadata\icall.c:1842:
C:\build\output\Unity-Technologies\mono\mono\metadata\icall.c:1842:
C:\build\output\Unity-Technologies\mono\mono\metadata\icall.c:1842:
C:\build\output\Unity-Technologies\mono\mono\metadata\icall.c:1842:
C:\build\output\Unity-Technologies\mono\mono\metadata\icall.c:1842:
C:\build\output\Unity-Technologies\mono\mono\metadata\icall.c:1842:
C:\build\output\Unity-Technologies\mono\mono\metadata\icall.c:1842:
C:\build\output\Unity-Technologies\mono\mono\metadata\icall.c:1842:
C:\build\output\Unity-Technologies\mono\mono\metadata\icall.c:1842:
Registering precompiled unity dll's ...
Register platform support module: C:/Program Files/Unity 2023.1.2f1/Editor/Data/PlaybackEngines/WindowsStandaloneSupport/UnityEditor.WindowsStandalone.Extensions.dll
Registered in 0.003518 seconds.
- Loaded All Assemblies, in  0.503 seconds
Native extension for WindowsStandalone target not found
Mono: successfully reloaded assembly
C:\build\output\Unity-Technologies\mono\mono\metadata\icall.c:1842:
C:\build\output\Unity-Technologies\mono\mono\metadata\icall.c:1842:
- Finished resetting the current domain, in  0.291 seconds
Domain Reload Profiling: 791ms
	BeginReloadAssembly (195ms)
		ExecutionOrderSort (0ms)
		DisableScriptedObjects (0ms)
		BackupInstance (0ms)
		ReleaseScriptingObjects (0ms)
		CreateAndSetChildDomain (1ms)
	RebuildCommonClasses (57ms)
	RebuildNativeTypeToScriptingClass (12ms)
	initialDomainReloadingComplete (56ms)
	LoadAllAssembliesAndSetupDomain (179ms)
		LoadAssemblies (193ms)
		RebuildTransferFunctionScriptingTraits (0ms)
		AnalyzeDomain (172ms)
			TypeCache.Refresh (171ms)
				TypeCache.ScanAssembly (153ms)
			ScanForSourceGeneratedMonoScriptInfo (0ms)
			ResolveRequiredComponents (0ms)
	FinalizeReload (291ms)
		ReleaseScriptCaches (0ms)
		RebuildScriptCaches (0ms)
		SetupLoadedEditorAssemblies (247ms)
			LogAssemblyErrors (0ms)
			InitializePlatformSupportModulesInManaged (8ms)
			SetLoadedEditorAssemblies (5ms)
			BeforeProcessingInitializeOnLoad (6ms)
			ProcessInitializeOnLoadAttributes (175ms)
			ProcessInitializeOnLoadMethodAttributes (53ms)
			AfterProcessingInitializeOnLoad (0ms)
			EditorAssembliesLoaded (0ms)
		ExecutionOrderSort2 (0ms)
		AwakeInstancesAfterBackupRestoration (0ms)
========================================================================
Worker process is ready to serve import requests
Import Worker Mode flag is 0x00
Begin MonoManager ReloadAssembly
C:\build\output\Unity-Technologies\mono\mono\metadata\icall.c:1842:
C:\build\output\Unity-Technologies\mono\mono\metadata\icall.c:1842:
C:\build\output\Unity-Technologies\mono\mono\metadata\icall.c:1842:
C:\build\output\Unity-Technologies\mono\mono\metadata\icall.c:1842:
C:\build\output\Unity-Technologies\mono\mono\metadata\icall.c:1842:
C:\build\output\Unity-Technologies\mono\mono\metadata\icall.c:1842:
C:\build\output\Unity-Technologies\mono\mono\metadata\icall.c:1842:
C:\build\output\Unity-Technologies\mono\mono\metadata\icall.c:1842:
C:\build\output\Unity-Technologies\mono\mono\metadata\icall.c:1842:
C:\build\output\Unity-Technologies\mono\mono\metadata\icall.c:1842:
C:\build\output\Unity-Technologies\mono\mono\metadata\icall.c:1842:
C:\build\output\Unity-Technologies\mono\mono\metadata\icall.c:1842:
Symbol file LoadedFromMemory doesn't match image D:\Desktop\InterfazV.2\Interfaz1\Library\PackageCache\com.unity.visualscripting@1.8.0\Editor\VisualScripting.Core\Dependencies\YamlDotNet\Unity.VisualScripting.YamlDotNet.dll
Symbol file LoadedFromMemory doesn't match image D:\Desktop\InterfazV.2\Interfaz1\Library\PackageCache\com.unity.visualscripting@1.8.0\Editor\VisualScripting.Core\Dependencies\DotNetZip\Unity.VisualScripting.IonicZip.dll
- Loaded All Assemblies, in  1.015 seconds
Refreshing native plugins compatible for Editor in 5.70 ms, found 3 plugins.
Native extension for WindowsStandalone target not found
Mono: successfully reloaded assembly
- Finished resetting the current domain, in  0.578 seconds
Domain Reload Profiling: 1591ms
	BeginReloadAssembly (348ms)
		ExecutionOrderSort (0ms)
		DisableScriptedObjects (5ms)
		BackupInstance (0ms)
		ReleaseScriptingObjects (0ms)
		CreateAndSetChildDomain (26ms)
	RebuildCommonClasses (45ms)
	RebuildNativeTypeToScriptingClass (11ms)
	initialDomainReloadingComplete (45ms)
	LoadAllAssembliesAndSetupDomain (564ms)
		LoadAssemblies (410ms)
		RebuildTransferFunctionScriptingTraits (0ms)
		AnalyzeDomain (327ms)
			TypeCache.Refresh (309ms)
				TypeCache.ScanAssembly (292ms)
			ScanForSourceGeneratedMonoScriptInfo (13ms)
			ResolveRequiredComponents (4ms)
	FinalizeReload (578ms)
		ReleaseScriptCaches (0ms)
		RebuildScriptCaches (0ms)
		SetupLoadedEditorAssemblies (387ms)
			LogAssemblyErrors (0ms)
			InitializePlatformSupportModulesInManaged (5ms)
			SetLoadedEditorAssemblies (5ms)
			BeforeProcessingInitializeOnLoad (67ms)
			ProcessInitializeOnLoadAttributes (287ms)
			ProcessInitializeOnLoadMethodAttributes (19ms)
			AfterProcessingInitializeOnLoad (4ms)
			EditorAssembliesLoaded (0ms)
		ExecutionOrderSort2 (0ms)
		AwakeInstancesAfterBackupRestoration (6ms)
Launched and connected shader compiler UnityShaderCompiler.exe after 0.10 seconds
Refreshing native plugins compatible for Editor in 10.54 ms, found 3 plugins.
Preloading 0 native plugins for Editor in 0.00 ms.
Unloading 3278 Unused Serialized files (Serialized files now loaded: 0)
Unloading 34 unused Assets / (52.8 KB). Loaded Objects now: 3843.
Memory consumption went from 144.2 MB to 144.1 MB.
Total: 3.566600 ms (FindLiveObjects: 0.237100 ms CreateObjectMapping: 0.210000 ms MarkObjects: 3.034100 ms  DeleteObjects: 0.084500 ms)

AssetImportParameters requested are different than current active one (requested -> active):
  custom:video-decoder-webm-vp8: 9c59270c3fd7afecdb556c50c9e8de78 -> 
  custom:audio-encoder-webm-vorbis: bf7c407c2cedff20999df2af8eb42d56 -> 
  custom:AudioImporter_EditorPlatform: d09bf68614088b80899f8185d706f6e7 -> 
  custom:audio-decoder-ogg-vorbis: bf7c407c2cedff20999df2af8eb42d56 -> 
  custom:video-encoder-webm-vp8: eb34c28f22e8b96e1ab97ce403110664 -> 
  custom:container-demuxer-ogg: 62fdf1f143b41e24485cea50d1cbac27 -> 
  custom:framework-win-MediaFoundation: 216162199b28c13a410421893ffa2e32 -> 
  custom:video-decoder-ogg-theora: a1e56fd34408186e4bbccfd4996cb3dc -> 
  custom:container-muxer-webm: aa71ff27fc2769a1b78a27578f13a17b -> 
  custom:video-codec-MediaFoundation-h265: 746d11721c4dcdbdad8f713fa42b33f4 -> 
  custom:CustomObjectIndexerAttribute: 756ad292c208cfabdd7b50bc23989ffe -> 
  custom:container-demuxer-webm: 4f35f7cbe854078d1ac9338744f61a02 -> 
========================================================================
Received Prepare
Begin MonoManager ReloadAssembly
C:\build\output\Unity-Technologies\mono\mono\metadata\icall.c:1842:
C:\build\output\Unity-Technologies\mono\mono\metadata\icall.c:1842:
C:\build\output\Unity-Technologies\mono\mono\metadata\icall.c:1842:
C:\build\output\Unity-Technologies\mono\mono\metadata\icall.c:1842:
C:\build\output\Unity-Technologies\mono\mono\metadata\icall.c:1842:
C:\build\output\Unity-Technologies\mono\mono\metadata\icall.c:1842:
C:\build\output\Unity-Technologies\mono\mono\metadata\icall.c:1842:
C:\build\output\Unity-Technologies\mono\mono\metadata\icall.c:1842:
C:\build\output\Unity-Technologies\mono\mono\metadata\icall.c:1842:
C:\build\output\Unity-Technologies\mono\mono\metadata\icall.c:1842:
C:\build\output\Unity-Technologies\mono\mono\metadata\icall.c:1842:
C:\build\output\Unity-Technologies\mono\mono\metadata\icall.c:1842:
Symbol file LoadedFromMemory doesn't match image D:\Desktop\InterfazV.2\Interfaz1\Library\PackageCache\com.unity.visualscripting@1.8.0\Editor\VisualScripting.Core\Dependencies\YamlDotNet\Unity.VisualScripting.YamlDotNet.dll
Symbol file LoadedFromMemory doesn't match image D:\Desktop\InterfazV.2\Interfaz1\Library\PackageCache\com.unity.visualscripting@1.8.0\Editor\VisualScripting.Core\Dependencies\DotNetZip\Unity.VisualScripting.IonicZip.dll
- Loaded All Assemblies, in  0.939 seconds
Refreshing native plugins compatible for Editor in 7.12 ms, found 3 plugins.
Native extension for WindowsStandalone target not found
Mono: successfully reloaded assembly
- Finished resetting the current domain, in  2.835 seconds
Domain Reload Profiling: 3772ms
	BeginReloadAssembly (230ms)
		ExecutionOrderSort (0ms)
		DisableScriptedObjects (6ms)
		BackupInstance (0ms)
		ReleaseScriptingObjects (0ms)
		CreateAndSetChildDomain (45ms)
	RebuildCommonClasses (44ms)
	RebuildNativeTypeToScriptingClass (14ms)
	initialDomainReloadingComplete (25ms)
	LoadAllAssembliesAndSetupDomain (623ms)
		LoadAssemblies (392ms)
		RebuildTransferFunctionScriptingTraits (0ms)
		AnalyzeDomain (373ms)
			TypeCache.Refresh (367ms)
				TypeCache.ScanAssembly (352ms)
			ScanForSourceGeneratedMonoScriptInfo (0ms)
			ResolveRequiredComponents (6ms)
	FinalizeReload (2836ms)
		ReleaseScriptCaches (0ms)
		RebuildScriptCaches (0ms)
		SetupLoadedEditorAssemblies (428ms)
			LogAssemblyErrors (0ms)
			InitializePlatformSupportModulesInManaged (6ms)
			SetLoadedEditorAssemblies (3ms)
			BeforeProcessingInitializeOnLoad (91ms)
			ProcessInitializeOnLoadAttributes (298ms)
			ProcessInitializeOnLoadMethodAttributes (24ms)
			AfterProcessingInitializeOnLoad (6ms)
			EditorAssembliesLoaded (0ms)
		ExecutionOrderSort2 (0ms)
		AwakeInstancesAfterBackupRestoration (11ms)
Refreshing native plugins compatible for Editor in 15.66 ms, found 3 plugins.
Preloading 0 native plugins for Editor in 0.00 ms.
Unloading 3244 Unused Serialized files (Serialized files now loaded: 0)
Unloading 24 unused Assets / (30.4 KB). Loaded Objects now: 3847.
Memory consumption went from 137.2 MB to 137.2 MB.
Total: 4.726000 ms (FindLiveObjects: 0.258700 ms CreateObjectMapping: 0.298700 ms MarkObjects: 4.080000 ms  DeleteObjects: 0.086800 ms)

Prepare: number of updated asset objects reloaded= 0
AssetImportParameters requested are different than current active one (requested -> active):
  custom:video-decoder-webm-vp8: 9c59270c3fd7afecdb556c50c9e8de78 -> 
  custom:audio-encoder-webm-vorbis: bf7c407c2cedff20999df2af8eb42d56 -> 
  custom:AudioImporter_EditorPlatform: d09bf68614088b80899f8185d706f6e7 -> 
  custom:audio-decoder-ogg-vorbis: bf7c407c2cedff20999df2af8eb42d56 -> 
  custom:video-encoder-webm-vp8: eb34c28f22e8b96e1ab97ce403110664 -> 
  custom:container-demuxer-ogg: 62fdf1f143b41e24485cea50d1cbac27 -> 
  custom:framework-win-MediaFoundation: 216162199b28c13a410421893ffa2e32 -> 
  custom:video-decoder-ogg-theora: a1e56fd34408186e4bbccfd4996cb3dc -> 
  custom:container-muxer-webm: aa71ff27fc2769a1b78a27578f13a17b -> 
  custom:video-codec-MediaFoundation-h265: 746d11721c4dcdbdad8f713fa42b33f4 -> 
  custom:CustomObjectIndexerAttribute: 756ad292c208cfabdd7b50bc23989ffe -> 
  custom:container-demuxer-webm: 4f35f7cbe854078d1ac9338744f61a02 -> 
========================================================================
Received Import Request.
  Time since last request: 1318991.458541 seconds.
  path: Assets/Scenas/Bosque.unity
  artifactKey: Guid(0a84bf8ae60760f4cb486eafe0c48fd2) Importer(815301076,1909f56bfc062723c751e8b465ee728b)
Start importing Assets/Scenas/Bosque.unity using Guid(0a84bf8ae60760f4cb486eafe0c48fd2) Importer(815301076,1909f56bfc062723c751e8b465ee728b)  -> (artifact id: '266e9f54faa92c4c9e20a35e9d248618') in 0.003201 seconds
Number of updated asset objects reloaded before import = 0
Number of asset objects unloaded after import = 0
========================================================================
Received Import Request.
  Time since last request: 19.612371 seconds.
  path: Assets/LobbyUltimo 1/Scenes/LobbyOrigin/Lightmap-0_comp_dir.png
  artifactKey: Guid(79aec324f458ae840bb1d702c344f5ed) Importer(815301076,1909f56bfc062723c751e8b465ee728b)
Start importing Assets/LobbyUltimo 1/Scenes/LobbyOrigin/Lightmap-0_comp_dir.png using Guid(79aec324f458ae840bb1d702c344f5ed) Importer(815301076,1909f56bfc062723c751e8b465ee728b)  -> (artifact id: '66733f3edbdb7a44f1850dc74cd14cf5') in 0.063197 seconds
Number of updated asset objects reloaded before import = 0
Number of asset objects unloaded after import = 2
========================================================================
Received Import Request.
  Time since last request: 0.000032 seconds.
  path: Assets/LobbyUltimo 1/Scenes/LobbyOrigin/Lightmap-8_comp_dir.png
  artifactKey: Guid(bc14eddee29bf3647a53bb7a5e054446) Importer(815301076,1909f56bfc062723c751e8b465ee728b)
Start importing Assets/LobbyUltimo 1/Scenes/LobbyOrigin/Lightmap-8_comp_dir.png using Guid(bc14eddee29bf3647a53bb7a5e054446) Importer(815301076,1909f56bfc062723c751e8b465ee728b)  -> (artifact id: '7b16829f13bf6fc9e3b8c82204d409e5') in 0.011824 seconds
Number of updated asset objects reloaded before import = 0
Number of asset objects unloaded after import = 2
========================================================================
Received Import Request.
  Time since last request: 0.000014 seconds.
  path: Assets/LobbyUltimo 1/Scenes/LobbyOrigin/Lightmap-6_comp_light.exr
  artifactKey: Guid(db73a272eb484274c940be7f196a9d3b) Importer(815301076,1909f56bfc062723c751e8b465ee728b)
Start importing Assets/LobbyUltimo 1/Scenes/LobbyOrigin/Lightmap-6_comp_light.exr using Guid(db73a272eb484274c940be7f196a9d3b) Importer(815301076,1909f56bfc062723c751e8b465ee728b)  -> (artifact id: '66499705a3958db45ecc092902d556b7') in 0.017911 seconds
Number of updated asset objects reloaded before import = 0
Number of asset objects unloaded after import = 2
========================================================================
Received Import Request.
  Time since last request: 0.000017 seconds.
  path: Assets/LobbyUltimo 1/Scenes/LobbyOrigin/Lightmap-3_comp_light.exr
  artifactKey: Guid(8f2d0203f738828468dbc0ce5492ad9d) Importer(815301076,1909f56bfc062723c751e8b465ee728b)
Start importing Assets/LobbyUltimo 1/Scenes/LobbyOrigin/Lightmap-3_comp_light.exr using Guid(8f2d0203f738828468dbc0ce5492ad9d) Importer(815301076,1909f56bfc062723c751e8b465ee728b)  -> (artifact id: 'dc6d10a0398528d298e89b919c0f15b6') in 0.035785 seconds
Number of updated asset objects reloaded before import = 0
Number of asset objects unloaded after import = 2
========================================================================
Received Import Request.
  Time since last request: 0.000015 seconds.
  path: Assets/LobbyUltimo 1/Scenes/LobbyOrigin/Lightmap-9_comp_dir.png
  artifactKey: Guid(a0a17042c9ee71f4cae1a7e90bce1222) Importer(815301076,1909f56bfc062723c751e8b465ee728b)
Start importing Assets/LobbyUltimo 1/Scenes/LobbyOrigin/Lightmap-9_comp_dir.png using Guid(a0a17042c9ee71f4cae1a7e90bce1222) Importer(815301076,1909f56bfc062723c751e8b465ee728b)  -> (artifact id: '0b115f17989dc76b439aea9611053b78') in 0.010265 seconds
Number of updated asset objects reloaded before import = 0
Number of asset objects unloaded after import = 2
========================================================================
Received Import Request.
  Time since last request: 0.000016 seconds.
  path: Assets/LobbyUltimo 1/Scenes/LobbyOrigin/Lightmap-4_comp_light.exr
  artifactKey: Guid(ae0e1b22d2fee5b44b42d99bafc08424) Importer(815301076,1909f56bfc062723c751e8b465ee728b)
Start importing Assets/LobbyUltimo 1/Scenes/LobbyOrigin/Lightmap-4_comp_light.exr using Guid(ae0e1b22d2fee5b44b42d99bafc08424) Importer(815301076,1909f56bfc062723c751e8b465ee728b)  -> (artifact id: 'd3380f8be749a5130f439b4349979114') in 0.041735 seconds
Number of updated asset objects reloaded before import = 0
Number of asset objects unloaded after import = 2
========================================================================
Received Import Request.
  Time since last request: 0.000021 seconds.
  path: Assets/LobbyUltimo 1/Scenes/LobbyOrigin/Lightmap-1_comp_shadowmask.png
  artifactKey: Guid(b16bf05299dd5af458088b6c882ffb81) Importer(815301076,1909f56bfc062723c751e8b465ee728b)
Start importing Assets/LobbyUltimo 1/Scenes/LobbyOrigin/Lightmap-1_comp_shadowmask.png using Guid(b16bf05299dd5af458088b6c882ffb81) Importer(815301076,1909f56bfc062723c751e8b465ee728b)  -> (artifact id: '4f82635e3fce3b2fcde1c8edc0f899e6') in 0.030091 seconds
Number of updated asset objects reloaded before import = 0
Number of asset objects unloaded after import = 2
========================================================================
Received Import Request.
  Time since last request: 0.000101 seconds.
  path: Assets/LobbyUltimo 1/Scenes/LobbyOrigin/Lightmap-2_comp_shadowmask.png
  artifactKey: Guid(a5f706584f7a4ba4781b3981e7b0c8b8) Importer(815301076,1909f56bfc062723c751e8b465ee728b)
Start importing Assets/LobbyUltimo 1/Scenes/LobbyOrigin/Lightmap-2_comp_shadowmask.png using Guid(a5f706584f7a4ba4781b3981e7b0c8b8) Importer(815301076,1909f56bfc062723c751e8b465ee728b)  -> (artifact id: '2d691d90d6595c5f1685363917ec8274') in 0.011081 seconds
Number of updated asset objects reloaded before import = 0
Number of asset objects unloaded after import = 2
========================================================================
Received Import Request.
  Time since last request: 0.000040 seconds.
  path: Assets/LobbyUltimo 1/Scenes/LobbyOrigin/Lightmap-0_comp_shadowmask.png
  artifactKey: Guid(a968738e68948fd469ee9a6503efba65) Importer(815301076,1909f56bfc062723c751e8b465ee728b)
Start importing Assets/LobbyUltimo 1/Scenes/LobbyOrigin/Lightmap-0_comp_shadowmask.png using Guid(a968738e68948fd469ee9a6503efba65) Importer(815301076,1909f56bfc062723c751e8b465ee728b)  -> (artifact id: 'cf4f420f0082eb290a905ae7e4687507') in 0.047657 seconds
Number of updated asset objects reloaded before import = 0
Number of asset objects unloaded after import = 2
========================================================================
Received Import Request.
  Time since last request: 0.000016 seconds.
  path: Assets/LobbyUltimo 1/Scenes/LobbyOrigin/Lightmap-4_comp_dir.png
  artifactKey: Guid(ac9019639925e324e9954158b48b9815) Importer(815301076,1909f56bfc062723c751e8b465ee728b)
Start importing Assets/LobbyUltimo 1/Scenes/LobbyOrigin/Lightmap-4_comp_dir.png using Guid(ac9019639925e324e9954158b48b9815) Importer(815301076,1909f56bfc062723c751e8b465ee728b)  -> (artifact id: 'bb447f23fdb46aa43ef641f4dcc404dd') in 0.027929 seconds
Number of updated asset objects reloaded before import = 0
Number of asset objects unloaded after import = 2
========================================================================
Received Import Request.
  Time since last request: 0.000017 seconds.
  path: Assets/LobbyUltimo 1/Scenes/LobbyOrigin/Lightmap-7_comp_dir.png
  artifactKey: Guid(18b8801778e654d4eabdc52efdf1b48a) Importer(815301076,1909f56bfc062723c751e8b465ee728b)
Start importing Assets/LobbyUltimo 1/Scenes/LobbyOrigin/Lightmap-7_comp_dir.png using Guid(18b8801778e654d4eabdc52efdf1b48a) Importer(815301076,1909f56bfc062723c751e8b465ee728b)  -> (artifact id: '3bddba546409c3489a3af8362f0803ff') in 0.031826 seconds
Number of updated asset objects reloaded before import = 0
Number of asset objects unloaded after import = 2
========================================================================
Received Import Request.
  Time since last request: 0.000062 seconds.
  path: Assets/LobbyUltimo 1/Scenes/LobbyOrigin/Lightmap-1_comp_dir.png
  artifactKey: Guid(8b7ffdd776ae94448b16c2d52c8ee6f2) Importer(815301076,1909f56bfc062723c751e8b465ee728b)
Start importing Assets/LobbyUltimo 1/Scenes/LobbyOrigin/Lightmap-1_comp_dir.png using Guid(8b7ffdd776ae94448b16c2d52c8ee6f2) Importer(815301076,1909f56bfc062723c751e8b465ee728b)  -> (artifact id: '404d7e0779e1b5b7503553df48981a2b') in 0.014148 seconds
Number of updated asset objects reloaded before import = 0
Number of asset objects unloaded after import = 2
========================================================================
Received Import Request.
  Time since last request: 0.000042 seconds.
  path: Assets/LobbyUltimo 1/Scenes/LobbyOrigin/Lightmap-3_comp_shadowmask.png
  artifactKey: Guid(8cdf49734d1cb02478c0d1d94dd69367) Importer(815301076,1909f56bfc062723c751e8b465ee728b)
Start importing Assets/LobbyUltimo 1/Scenes/LobbyOrigin/Lightmap-3_comp_shadowmask.png using Guid(8cdf49734d1cb02478c0d1d94dd69367) Importer(815301076,1909f56bfc062723c751e8b465ee728b)  -> (artifact id: 'e82f94c202e6148a6b336b7c533c3740') in 0.021702 seconds
Number of updated asset objects reloaded before import = 0
Number of asset objects unloaded after import = 2
========================================================================
Received Import Request.
  Time since last request: 0.000058 seconds.
  path: Assets/LobbyUltimo 1/Scenes/LobbyOrigin/Lightmap-2_comp_dir.png
  artifactKey: Guid(fc51d2cbb5761e44c84a1814f911f234) Importer(815301076,1909f56bfc062723c751e8b465ee728b)
Start importing Assets/LobbyUltimo 1/Scenes/LobbyOrigin/Lightmap-2_comp_dir.png using Guid(fc51d2cbb5761e44c84a1814f911f234) Importer(815301076,1909f56bfc062723c751e8b465ee728b)  -> (artifact id: '05d3642580fa6e4784a09bc72a35400a') in 0.010532 seconds
Number of updated asset objects reloaded before import = 0
Number of asset objects unloaded after import = 2
========================================================================
Received Import Request.
  Time since last request: 0.000015 seconds.
  path: Assets/LobbyUltimo 1/Scenes/LobbyOrigin/Lightmap-5_comp_shadowmask.png
  artifactKey: Guid(6dbf4d099113a7f4c9e934e2f28cb119) Importer(815301076,1909f56bfc062723c751e8b465ee728b)
Start importing Assets/LobbyUltimo 1/Scenes/LobbyOrigin/Lightmap-5_comp_shadowmask.png using Guid(6dbf4d099113a7f4c9e934e2f28cb119) Importer(815301076,1909f56bfc062723c751e8b465ee728b)  -> (artifact id: '9f6dcd60d03d537a38f117428741d468') in 0.022415 seconds
Number of updated asset objects reloaded before import = 0
Number of asset objects unloaded after import = 2
========================================================================
Received Import Request.
  Time since last request: 0.000061 seconds.
  path: Assets/LobbyUltimo 1/Scenes/LobbyOrigin/Lightmap-2_comp_light.exr
  artifactKey: Guid(fb42eabca2b5733429caa21eae885dc1) Importer(815301076,1909f56bfc062723c751e8b465ee728b)
Start importing Assets/LobbyUltimo 1/Scenes/LobbyOrigin/Lightmap-2_comp_light.exr using Guid(fb42eabca2b5733429caa21eae885dc1) Importer(815301076,1909f56bfc062723c751e8b465ee728b)  -> (artifact id: '8c2b19ac0663059f6cf17936b3426178') in 0.010898 seconds
Number of updated asset objects reloaded before import = 0
Number of asset objects unloaded after import = 2
========================================================================
Received Import Request.
  Time since last request: 0.000021 seconds.
  path: Assets/LobbyUltimo 1/Scenes/LobbyOrigin/Lightmap-9_comp_shadowmask.png
  artifactKey: Guid(75a55a1d6437aa2479016ef2deda5872) Importer(815301076,1909f56bfc062723c751e8b465ee728b)
Start importing Assets/LobbyUltimo 1/Scenes/LobbyOrigin/Lightmap-9_comp_shadowmask.png using Guid(75a55a1d6437aa2479016ef2deda5872) Importer(815301076,1909f56bfc062723c751e8b465ee728b)  -> (artifact id: '5f743586a683a215f8b92902dd3b6c1d') in 0.022777 seconds
Number of updated asset objects reloaded before import = 0
Number of asset objects unloaded after import = 2
========================================================================
Received Prepare
Begin MonoManager ReloadAssembly
C:\build\output\Unity-Technologies\mono\mono\metadata\icall.c:1842:
C:\build\output\Unity-Technologies\mono\mono\metadata\icall.c:1842:
C:\build\output\Unity-Technologies\mono\mono\metadata\icall.c:1842:
C:\build\output\Unity-Technologies\mono\mono\metadata\icall.c:1842:
C:\build\output\Unity-Technologies\mono\mono\metadata\icall.c:1842:
C:\build\output\Unity-Technologies\mono\mono\metadata\icall.c:1842:
C:\build\output\Unity-Technologies\mono\mono\metadata\icall.c:1842:
C:\build\output\Unity-Technologies\mono\mono\metadata\icall.c:1842:
C:\build\output\Unity-Technologies\mono\mono\metadata\icall.c:1842:
C:\build\output\Unity-Technologies\mono\mono\metadata\icall.c:1842:
C:\build\output\Unity-Technologies\mono\mono\metadata\icall.c:1842:
C:\build\output\Unity-Technologies\mono\mono\metadata\icall.c:1842:
Symbol file LoadedFromMemory doesn't match image D:\Desktop\InterfazV.2\Interfaz1\Library\PackageCache\com.unity.visualscripting@1.8.0\Editor\VisualScripting.Core\Dependencies\YamlDotNet\Unity.VisualScripting.YamlDotNet.dll
Symbol file LoadedFromMemory doesn't match image D:\Desktop\InterfazV.2\Interfaz1\Library\PackageCache\com.unity.visualscripting@1.8.0\Editor\VisualScripting.Core\Dependencies\DotNetZip\Unity.VisualScripting.IonicZip.dll
- Loaded All Assemblies, in  0.917 seconds
Refreshing native plugins compatible for Editor in 6.62 ms, found 3 plugins.
Native extension for WindowsStandalone target not found
Mono: successfully reloaded assembly
- Finished resetting the current domain, in  5.004 seconds
Domain Reload Profiling: 5919ms
	BeginReloadAssembly (274ms)
		ExecutionOrderSort (0ms)
		DisableScriptedObjects (6ms)
		BackupInstance (0ms)
		ReleaseScriptingObjects (0ms)
		CreateAndSetChildDomain (47ms)
	RebuildCommonClasses (44ms)
	RebuildNativeTypeToScriptingClass (13ms)
	initialDomainReloadingComplete (26ms)
	LoadAllAssembliesAndSetupDomain (558ms)
		LoadAssemblies (420ms)
		RebuildTransferFunctionScriptingTraits (0ms)
		AnalyzeDomain (322ms)
			TypeCache.Refresh (315ms)
				TypeCache.ScanAssembly (301ms)
			ScanForSourceGeneratedMonoScriptInfo (0ms)
			ResolveRequiredComponents (6ms)
	FinalizeReload (5005ms)
		ReleaseScriptCaches (0ms)
		RebuildScriptCaches (0ms)
		SetupLoadedEditorAssemblies (456ms)
			LogAssemblyErrors (0ms)
			InitializePlatformSupportModulesInManaged (14ms)
			SetLoadedEditorAssemblies (5ms)
			BeforeProcessingInitializeOnLoad (127ms)
			ProcessInitializeOnLoadAttributes (275ms)
			ProcessInitializeOnLoadMethodAttributes (28ms)
			AfterProcessingInitializeOnLoad (7ms)
			EditorAssembliesLoaded (0ms)
		ExecutionOrderSort2 (0ms)
		AwakeInstancesAfterBackupRestoration (10ms)
Refreshing native plugins compatible for Editor in 18.16 ms, found 3 plugins.
Preloading 0 native plugins for Editor in 0.00 ms.
Unloading 3243 Unused Serialized files (Serialized files now loaded: 0)
Unloading 24 unused Assets / (30.5 KB). Loaded Objects now: 3856.
Memory consumption went from 138.1 MB to 138.1 MB.
Total: 5.723900 ms (FindLiveObjects: 0.431900 ms CreateObjectMapping: 0.325000 ms MarkObjects: 4.887500 ms  DeleteObjects: 0.077800 ms)

Prepare: number of updated asset objects reloaded= 0
AssetImportParameters requested are different than current active one (requested -> active):
  custom:video-decoder-webm-vp8: 9c59270c3fd7afecdb556c50c9e8de78 -> 
  custom:audio-encoder-webm-vorbis: bf7c407c2cedff20999df2af8eb42d56 -> 
  custom:AudioImporter_EditorPlatform: d09bf68614088b80899f8185d706f6e7 -> 
  custom:audio-decoder-ogg-vorbis: bf7c407c2cedff20999df2af8eb42d56 -> 
  custom:video-encoder-webm-vp8: eb34c28f22e8b96e1ab97ce403110664 -> 
  custom:container-demuxer-ogg: 62fdf1f143b41e24485cea50d1cbac27 -> 
  custom:framework-win-MediaFoundation: 216162199b28c13a410421893ffa2e32 -> 
  custom:video-decoder-ogg-theora: a1e56fd34408186e4bbccfd4996cb3dc -> 
  custom:container-muxer-webm: aa71ff27fc2769a1b78a27578f13a17b -> 
  custom:video-codec-MediaFoundation-h265: 746d11721c4dcdbdad8f713fa42b33f4 -> 
  custom:CustomObjectIndexerAttribute: 756ad292c208cfabdd7b50bc23989ffe -> 
  custom:container-demuxer-webm: 4f35f7cbe854078d1ac9338744f61a02 -> 
Editor requested this worker to shutdown with reason: Scaling down because of idle timeout
AssetImportWorker is now disconnected from the server
Process exiting
Exiting without the bug reporter. Application will terminate with return code 0