Using pre-set license
Built from '2023.1/staging' branch; Version is '2023.1.2f1 (e348e726afe7) revision 14895335'; Using compiler version '192829333'; Build Type 'Release'
OS: 'Windows 11  (10.0.22621) 64bit Enterprise' Language: 'es' Physical Memory: 32565 MB
BatchMode: 1, IsHumanControllingUs: 0, StartBugReporterOnCrash: 0, Is64bit: 1, IsPro: 1

COMMAND LINE ARGUMENTS:
C:\Program Files\Unity 2023.1.2f1\Editor\Unity.exe
-adb2
-batchMode
-noUpm
-name
AssetImportWorker2
-projectPath
D:/Downloads/juego/Dark-Night--Proyecto-Final-
-logFile
Logs/AssetImportWorker2.log
-srvPort
57299
Successfully changed project path to: D:/Downloads/juego/Dark-Night--Proyecto-Final-
D:/Downloads/juego/Dark-Night--Proyecto-Final-
[UnityMemory] Configuration Parameters - Can be set up in boot.config
    "memorysetup-bucket-allocator-granularity=16"
    "memorysetup-bucket-allocator-bucket-count=8"
    "memorysetup-bucket-allocator-block-size=33554432"
    "memorysetup-bucket-allocator-block-count=8"
    "memorysetup-main-allocator-block-size=16777216"
    "memorysetup-thread-allocator-block-size=16777216"
    "memorysetup-gfx-main-allocator-block-size=16777216"
    "memorysetup-gfx-thread-allocator-block-size=16777216"
    "memorysetup-cache-allocator-block-size=4194304"
    "memorysetup-typetree-allocator-block-size=2097152"
    "memorysetup-profiler-bucket-allocator-granularity=16"
    "memorysetup-profiler-bucket-allocator-bucket-count=8"
    "memorysetup-profiler-bucket-allocator-block-size=33554432"
    "memorysetup-profiler-bucket-allocator-block-count=8"
    "memorysetup-profiler-allocator-block-size=16777216"
    "memorysetup-profiler-editor-allocator-block-size=1048576"
    "memorysetup-temp-allocator-size-main=16777216"
    "memorysetup-job-temp-allocator-block-size=2097152"
    "memorysetup-job-temp-allocator-block-size-background=1048576"
    "memorysetup-job-temp-allocator-reduction-small-platforms=262144"
    "memorysetup-allocator-temp-initial-block-size-main=262144"
    "memorysetup-allocator-temp-initial-block-size-worker=262144"
    "memorysetup-temp-allocator-size-background-worker=32768"
    "memorysetup-temp-allocator-size-job-worker=262144"
    "memorysetup-temp-allocator-size-preload-manager=33554432"
    "memorysetup-temp-allocator-size-nav-mesh-worker=65536"
    "memorysetup-temp-allocator-size-audio-worker=65536"
    "memorysetup-temp-allocator-size-cloud-worker=32768"
    "memorysetup-temp-allocator-size-gi-baking-worker=262144"
    "memorysetup-temp-allocator-size-gfx=262144"
Player connection [4468] Host "[IP] 10.179.64.24 [Port] 0 [Flags] 2 [Guid] 3915981518 [EditorId] 3915981518 [Version] 1048832 [Id] WindowsEditor(7,BOGDFPCGMF5014) [Debug] 1 [PackageName] WindowsEditor [ProjectName] Editor" joined multi-casting on [225.0.0.222:54997]...

Player connection [4468] Host "[IP] 10.179.64.24 [Port] 0 [Flags] 2 [Guid] 3915981518 [EditorId] 3915981518 [Version] 1048832 [Id] WindowsEditor(7,BOGDFPCGMF5014) [Debug] 1 [PackageName] WindowsEditor [ProjectName] Editor" joined alternative multi-casting on [225.0.0.222:34997]...

Library Redirect Path: Library/Setting multithreaded rendering option only supported for iOS, tvOS and Android platforms, VisionOS provided
Multithreaded rendering setting removed for platform VisionOS
Refreshing native plugins compatible for Editor in 26.06 ms, found 2 plugins.
Preloading 0 native plugins for Editor in 0.00 ms.
Initialize engine version: 2023.1.2f1 (e348e726afe7)
[Subsystems] Discovering subsystems at path C:/Program Files/Unity 2023.1.2f1/Editor/Data/Resources/UnitySubsystems
[Subsystems] Discovering subsystems at path D:/Downloads/juego/Dark-Night--Proyecto-Final-/Assets
GfxDevice: creating device client; threaded=0; jobified=0
Direct3D:
    Version:  Direct3D 11.0 [level 11.1]
    Renderer: Intel(R) UHD Graphics 630 (ID=0x3e98)
    Vendor:   Intel
    VRAM:     16282 MB
    Driver:   30.0.100.9864
Initialize mono
Mono path[0] = 'C:/Program Files/Unity 2023.1.2f1/Editor/Data/Managed'
Mono path[1] = 'C:/Program Files/Unity 2023.1.2f1/Editor/Data/MonoBleedingEdge/lib/mono/unityjit-win32'
Mono config path = 'C:/Program Files/Unity 2023.1.2f1/Editor/Data/MonoBleedingEdge/etc'
Using monoOptions --debugger-agent=transport=dt_socket,embedding=1,server=y,suspend=n,address=127.0.0.1:56356
Begin MonoManager ReloadAssembly
Registering precompiled unity dll's ...
Register platform support module: C:/Program Files/Unity 2023.1.2f1/Editor/Data/PlaybackEngines/WindowsStandaloneSupport/UnityEditor.WindowsStandalone.Extensions.dll
Registered in 0.003063 seconds.
- Loaded All Assemblies, in  0.518 seconds
Native extension for WindowsStandalone target not found
Mono: successfully reloaded assembly
- Finished resetting the current domain, in  0.378 seconds
Domain Reload Profiling: 895ms
	BeginReloadAssembly (199ms)
		ExecutionOrderSort (0ms)
		DisableScriptedObjects (0ms)
		BackupInstance (0ms)
		ReleaseScriptingObjects (0ms)
		CreateAndSetChildDomain (1ms)
	RebuildCommonClasses (49ms)
	RebuildNativeTypeToScriptingClass (11ms)
	initialDomainReloadingComplete (46ms)
	LoadAllAssembliesAndSetupDomain (211ms)
		LoadAssemblies (198ms)
		RebuildTransferFunctionScriptingTraits (0ms)
		AnalyzeDomain (204ms)
			TypeCache.Refresh (203ms)
				TypeCache.ScanAssembly (180ms)
			ScanForSourceGeneratedMonoScriptInfo (0ms)
			ResolveRequiredComponents (1ms)
	FinalizeReload (379ms)
		ReleaseScriptCaches (0ms)
		RebuildScriptCaches (0ms)
		SetupLoadedEditorAssemblies (324ms)
			LogAssemblyErrors (0ms)
			InitializePlatformSupportModulesInManaged (9ms)
			SetLoadedEditorAssemblies (7ms)
			BeforeProcessingInitializeOnLoad (8ms)
			ProcessInitializeOnLoadAttributes (229ms)
			ProcessInitializeOnLoadMethodAttributes (71ms)
			AfterProcessingInitializeOnLoad (0ms)
			EditorAssembliesLoaded (0ms)
		ExecutionOrderSort2 (0ms)
		AwakeInstancesAfterBackupRestoration (0ms)
========================================================================
Worker process is ready to serve import requests
Import Worker Mode flag is 0x00
Begin MonoManager ReloadAssembly
- Loaded All Assemblies, in  1.056 seconds
Refreshing native plugins compatible for Editor in 17.61 ms, found 2 plugins.
Native extension for WindowsStandalone target not found
Mono: successfully reloaded assembly
- Finished resetting the current domain, in  0.653 seconds
Domain Reload Profiling: 1706ms
	BeginReloadAssembly (428ms)
		ExecutionOrderSort (0ms)
		DisableScriptedObjects (7ms)
		BackupInstance (0ms)
		ReleaseScriptingObjects (0ms)
		CreateAndSetChildDomain (38ms)
	RebuildCommonClasses (48ms)
	RebuildNativeTypeToScriptingClass (12ms)
	initialDomainReloadingComplete (45ms)
	LoadAllAssembliesAndSetupDomain (521ms)
		LoadAssemblies (417ms)
		RebuildTransferFunctionScriptingTraits (0ms)
		AnalyzeDomain (285ms)
			TypeCache.Refresh (264ms)
				TypeCache.ScanAssembly (244ms)
			ScanForSourceGeneratedMonoScriptInfo (16ms)
			ResolveRequiredComponents (4ms)
	FinalizeReload (653ms)
		ReleaseScriptCaches (0ms)
		RebuildScriptCaches (0ms)
		SetupLoadedEditorAssemblies (461ms)
			LogAssemblyErrors (0ms)
			InitializePlatformSupportModulesInManaged (5ms)
			SetLoadedEditorAssemblies (3ms)
			BeforeProcessingInitializeOnLoad (73ms)
			ProcessInitializeOnLoadAttributes (221ms)
			ProcessInitializeOnLoadMethodAttributes (154ms)
			AfterProcessingInitializeOnLoad (4ms)
			EditorAssembliesLoaded (0ms)
		ExecutionOrderSort2 (0ms)
		AwakeInstancesAfterBackupRestoration (7ms)
Setting multithreaded rendering option only supported for iOS, tvOS and Android platforms, VisionOS provided
Multithreaded rendering setting removed for platform VisionOS
Launched and connected shader compiler UnityShaderCompiler.exe after 0.10 seconds
Refreshing native plugins compatible for Editor in 13.24 ms, found 2 plugins.
Preloading 0 native plugins for Editor in 0.00 ms.
Unloading 2687 Unused Serialized files (Serialized files now loaded: 0)
Unloading 61 unused Assets / (66.1 KB). Loaded Objects now: 3234.
Memory consumption went from 193.6 MB to 193.5 MB.
Total: 7.762500 ms (FindLiveObjects: 0.231000 ms CreateObjectMapping: 0.221500 ms MarkObjects: 7.165700 ms  DeleteObjects: 0.143100 ms)

AssetImportParameters requested are different than current active one (requested -> active):
  custom:container-demuxer-ogg: 62fdf1f143b41e24485cea50d1cbac27 -> 
  custom:framework-win-MediaFoundation: 216162199b28c13a410421893ffa2e32 -> 
  custom:video-decoder-webm-vp8: 9c59270c3fd7afecdb556c50c9e8de78 -> 
  custom:audio-encoder-webm-vorbis: bf7c407c2cedff20999df2af8eb42d56 -> 
  custom:video-decoder-ogg-theora: a1e56fd34408186e4bbccfd4996cb3dc -> 
  custom:container-muxer-webm: aa71ff27fc2769a1b78a27578f13a17b -> 
  custom:AudioImporter_EditorPlatform: d09bf68614088b80899f8185d706f6e7 -> 
  custom:audio-decoder-ogg-vorbis: bf7c407c2cedff20999df2af8eb42d56 -> 
  custom:video-codec-MediaFoundation-h265: 746d11721c4dcdbdad8f713fa42b33f4 -> 
  custom:CustomObjectIndexerAttribute: 756ad292c208cfabdd7b50bc23989ffe -> 
  custom:container-demuxer-webm: 4f35f7cbe854078d1ac9338744f61a02 -> 
  custom:video-encoder-webm-vp8: eb34c28f22e8b96e1ab97ce403110664 -> 
========================================================================
Received Import Request.
  Time since last request: 716289.539752 seconds.
  path: Assets/Prefabs 1/Objetos Bosque/Arbol1 Variant.prefab
  artifactKey: Guid(bd3993bd3b31da645b3d9f6f33e50267) Importer(815301076,1909f56bfc062723c751e8b465ee728b)
Start importing Assets/Prefabs 1/Objetos Bosque/Arbol1 Variant.prefab using Guid(bd3993bd3b31da645b3d9f6f33e50267) Importer(815301076,1909f56bfc062723c751e8b465ee728b)  -> (artifact id: 'e4438c87e162f94437d57c966d9ed182') in 0.125481 seconds
Number of updated asset objects reloaded before import = 0
Number of asset objects unloaded after import = 17
========================================================================
Received Import Request.
  Time since last request: 0.000031 seconds.
  path: Assets/Prefabs 1/Objetos Bosque/Roca2 Variant.prefab
  artifactKey: Guid(389b07fdd3013d04b9be3dec91a02614) Importer(815301076,1909f56bfc062723c751e8b465ee728b)
Start importing Assets/Prefabs 1/Objetos Bosque/Roca2 Variant.prefab using Guid(389b07fdd3013d04b9be3dec91a02614) Importer(815301076,1909f56bfc062723c751e8b465ee728b)  -> (artifact id: '74622ad344754884cbb4db88efd5a0d8') in 0.015797 seconds
Number of updated asset objects reloaded before import = 0
Number of asset objects unloaded after import = 16
========================================================================
Received Import Request.
  Time since last request: 0.343428 seconds.
  path: Assets/Prefabs 1/Objetos Bosque/Cosas/1.prefab
  artifactKey: Guid(5448d8fccbb5bd7458b920606bb94fd5) Importer(815301076,1909f56bfc062723c751e8b465ee728b)
Start importing Assets/Prefabs 1/Objetos Bosque/Cosas/1.prefab using Guid(5448d8fccbb5bd7458b920606bb94fd5) Importer(815301076,1909f56bfc062723c751e8b465ee728b)  -> (artifact id: '77ac738679ca3fd9de1aec8e725e1e6e') in 0.012837 seconds
Number of updated asset objects reloaded before import = 0
Number of asset objects unloaded after import = 9
========================================================================
Received Import Request.
  Time since last request: 0.000013 seconds.
  path: Assets/Prefabs 1/Objetos Bosque/Cosas/Llave.prefab
  artifactKey: Guid(243957e0e48eac24d860fd9f65710a93) Importer(815301076,1909f56bfc062723c751e8b465ee728b)
Start importing Assets/Prefabs 1/Objetos Bosque/Cosas/Llave.prefab using Guid(243957e0e48eac24d860fd9f65710a93) Importer(815301076,1909f56bfc062723c751e8b465ee728b)  -> (artifact id: '95e923b52c75290a1011b4960c4d1ad9') in 0.014192 seconds
Number of updated asset objects reloaded before import = 0
Number of asset objects unloaded after import = 8
========================================================================
Received Import Request.
  Time since last request: 0.000017 seconds.
  path: Assets/Prefabs 1/Objetos Bosque/Cosas/Tanque agua.prefab
  artifactKey: Guid(677fd9a957a71d34c99665cca9a084d0) Importer(815301076,1909f56bfc062723c751e8b465ee728b)
Start importing Assets/Prefabs 1/Objetos Bosque/Cosas/Tanque agua.prefab using Guid(677fd9a957a71d34c99665cca9a084d0) Importer(815301076,1909f56bfc062723c751e8b465ee728b)  -> (artifact id: '0815db723043c593709fff92d16f6cda') in 0.058155 seconds
Number of updated asset objects reloaded before import = 0
Number of asset objects unloaded after import = 202
========================================================================
Received Import Request.
  Time since last request: 2.103482 seconds.
  path: Assets/Recursos Slender/0.prefab
  artifactKey: Guid(f047d4dc733fbb0448f5e735c96746d5) Importer(815301076,1909f56bfc062723c751e8b465ee728b)
Start importing Assets/Recursos Slender/0.prefab using Guid(f047d4dc733fbb0448f5e735c96746d5) Importer(815301076,1909f56bfc062723c751e8b465ee728b)  -> (artifact id: '3044e6938dd51acf89c818206810a259') in 0.003169 seconds
Number of updated asset objects reloaded before import = 0
Number of asset objects unloaded after import = 4
========================================================================
Received Import Request.
  Time since last request: 0.000513 seconds.
  path: Assets/Recursos Slender/estatica.png
  artifactKey: Guid(3e778a40451a1fc4c8f5822fe3dfc1ea) Importer(815301076,1909f56bfc062723c751e8b465ee728b)
Start importing Assets/Recursos Slender/estatica.png using Guid(3e778a40451a1fc4c8f5822fe3dfc1ea) Importer(815301076,1909f56bfc062723c751e8b465ee728b)  -> (artifact id: '03eb5a69f73be7bd9a7709514d7b91b1') in 0.048966 seconds
Number of updated asset objects reloaded before import = 0
Number of asset objects unloaded after import = 3
========================================================================
Received Import Request.
  Time since last request: 0.000022 seconds.
  path: Assets/Recursos Slender/y2mate.com - Estatica TV sin señal static noise HD.mp3
  artifactKey: Guid(1ac1c06c9d04c514fad1f914c72d5b97) Importer(815301076,1909f56bfc062723c751e8b465ee728b)
Start importing Assets/Recursos Slender/y2mate.com - Estatica TV sin señal static noise HD.mp3 using Guid(1ac1c06c9d04c514fad1f914c72d5b97) Importer(815301076,1909f56bfc062723c751e8b465ee728b)  -> (artifact id: '853cabed8471d63bbadc38578373c2c4') in 0.045916 seconds
Number of updated asset objects reloaded before import = 0
Number of asset objects unloaded after import = 2
========================================================================
Received Import Request.
  Time since last request: 3.020821 seconds.
  path: Assets/Prefabs 1/Canvas/Canvas.prefab
  artifactKey: Guid(5d3936ca51a9c29438296c1f4d1e10c9) Importer(815301076,1909f56bfc062723c751e8b465ee728b)
Start importing Assets/Prefabs 1/Canvas/Canvas.prefab using Guid(5d3936ca51a9c29438296c1f4d1e10c9) Importer(815301076,1909f56bfc062723c751e8b465ee728b)  -> (artifact id: 'c9d8ff7d689f9b73a9927d1284a3d873') in 0.058687 seconds
Number of updated asset objects reloaded before import = 0
Number of asset objects unloaded after import = 88
========================================================================
Received Import Request.
  Time since last request: 2.036368 seconds.
  path: Assets/Modelos/ModelosUltimos/Prefaps/Agua.prefab
  artifactKey: Guid(d695e976c8cd1d04e8a74334f6e9c976) Importer(815301076,1909f56bfc062723c751e8b465ee728b)
Start importing Assets/Modelos/ModelosUltimos/Prefaps/Agua.prefab using Guid(d695e976c8cd1d04e8a74334f6e9c976) Importer(815301076,1909f56bfc062723c751e8b465ee728b)  -> (artifact id: '8903e5ac3853cd1de462d536726e6e6e') in 0.009790 seconds
Number of updated asset objects reloaded before import = 0
Number of asset objects unloaded after import = 18
========================================================================
Received Import Request.
  Time since last request: 0.000014 seconds.
  path: Assets/Modelos/ModelosUltimos/Prefaps/Lampara.prefab
  artifactKey: Guid(db1d7586e7a8ed9499a10407b327bce9) Importer(815301076,1909f56bfc062723c751e8b465ee728b)
Start importing Assets/Modelos/ModelosUltimos/Prefaps/Lampara.prefab using Guid(db1d7586e7a8ed9499a10407b327bce9) Importer(815301076,1909f56bfc062723c751e8b465ee728b)  -> (artifact id: '74dbdd47880af1235cf779d9d97757bf') in 0.013663 seconds
Number of updated asset objects reloaded before import = 0
Number of asset objects unloaded after import = 16
========================================================================
Received Import Request.
  Time since last request: 0.000130 seconds.
  path: Assets/Modelos/ModelosUltimos/Prefaps/Lampara Variant.prefab
  artifactKey: Guid(b8be619b70e671e488f40ee130b72460) Importer(815301076,1909f56bfc062723c751e8b465ee728b)
Start importing Assets/Modelos/ModelosUltimos/Prefaps/Lampara Variant.prefab using Guid(b8be619b70e671e488f40ee130b72460) Importer(815301076,1909f56bfc062723c751e8b465ee728b)  -> (artifact id: '8929cdfd4abb344baa1c2e6469a7771a') in 0.016109 seconds
Number of updated asset objects reloaded before import = 0
Number of asset objects unloaded after import = 24
========================================================================
Received Import Request.
  Time since last request: 0.000013 seconds.
  path: Assets/Modelos/ModelosUltimos/Prefaps/Camion.prefab
  artifactKey: Guid(efcacb40b286a6d4f9d983138698fc56) Importer(815301076,1909f56bfc062723c751e8b465ee728b)
Start importing Assets/Modelos/ModelosUltimos/Prefaps/Camion.prefab using Guid(efcacb40b286a6d4f9d983138698fc56) Importer(815301076,1909f56bfc062723c751e8b465ee728b)  -> (artifact id: '621bdebfc162c08c42dc37138060fc7e') in 0.021537 seconds
Number of updated asset objects reloaded before import = 0
Number of asset objects unloaded after import = 20
========================================================================
Received Import Request.
  Time since last request: 0.000023 seconds.
  path: Assets/Modelos/ModelosUltimos/Prefaps/TumbaGrande.prefab
  artifactKey: Guid(18f631568fa7b224b8588e97fc49eebb) Importer(815301076,1909f56bfc062723c751e8b465ee728b)
Start importing Assets/Modelos/ModelosUltimos/Prefaps/TumbaGrande.prefab using Guid(18f631568fa7b224b8588e97fc49eebb) Importer(815301076,1909f56bfc062723c751e8b465ee728b)  -> (artifact id: '927769d3de9c8648f5a3c6eeb972ec37') in 0.013830 seconds
Number of updated asset objects reloaded before import = 0
Number of asset objects unloaded after import = 13
Editor requested this worker to shutdown with reason: Scaling down because of idle timeout
AssetImportWorker is now disconnected from the server
Process exiting
Exiting without the bug reporter. Application will terminate with return code 0