Using pre-set license
Built from '2022.1/staging' branch; Version is '2022.1.8f1 (2961e8c2b463) revision 2712040'; Using compiler version '192829333'; Build Type 'Release'
OS: 'Windows 10  (10.0.19044) 64bit Professional' Language: 'es' Physical Memory: 8083 MB
BatchMode: 1, IsHumanControllingUs: 0, StartBugReporterOnCrash: 0, Is64bit: 1, IsPro: 1

COMMAND LINE ARGUMENTS:
C:\Program Files\Unity\Hub\Editor\2022.1.8f1\Editor\Unity.exe
-adb2
-batchMode
-noUpm
-name
AssetImportWorker0
-projectPath
C:/Users/Usuario/Downloads/Dark Night/Dark-Night--Proyecto-Final-
-logFile
Logs/AssetImportWorker0.log
-srvPort
50091
Successfully changed project path to: C:/Users/Usuario/Downloads/Dark Night/Dark-Night--Proyecto-Final-
C:/Users/Usuario/Downloads/Dark Night/Dark-Night--Proyecto-Final-
[UnityMemory] Configuration Parameters - Can be set up in boot.config
    "memorysetup-bucket-allocator-granularity=16"
    "memorysetup-bucket-allocator-bucket-count=8"
    "memorysetup-bucket-allocator-block-size=33554432"
    "memorysetup-bucket-allocator-block-count=8"
    "memorysetup-main-allocator-block-size=16777216"
    "memorysetup-thread-allocator-block-size=16777216"
    "memorysetup-gfx-main-allocator-block-size=16777216"
    "memorysetup-gfx-thread-allocator-block-size=16777216"
    "memorysetup-cache-allocator-block-size=4194304"
    "memorysetup-typetree-allocator-block-size=2097152"
    "memorysetup-profiler-bucket-allocator-granularity=16"
    "memorysetup-profiler-bucket-allocator-bucket-count=8"
    "memorysetup-profiler-bucket-allocator-block-size=33554432"
    "memorysetup-profiler-bucket-allocator-block-count=8"
    "memorysetup-profiler-allocator-block-size=16777216"
    "memorysetup-profiler-editor-allocator-block-size=1048576"
    "memorysetup-temp-allocator-size-main=16777216"
    "memorysetup-job-temp-allocator-block-size=2097152"
    "memorysetup-job-temp-allocator-block-size-background=1048576"
    "memorysetup-job-temp-allocator-reduction-small-platforms=262144"
    "memorysetup-temp-allocator-size-background-worker=32768"
    "memorysetup-temp-allocator-size-job-worker=262144"
    "memorysetup-temp-allocator-size-preload-manager=33554432"
    "memorysetup-temp-allocator-size-nav-mesh-worker=65536"
    "memorysetup-temp-allocator-size-audio-worker=65536"
    "memorysetup-temp-allocator-size-cloud-worker=32768"
    "memorysetup-temp-allocator-size-gi-baking-worker=262144"
    "memorysetup-temp-allocator-size-gfx=262144"
Setting multithreaded rendering option only supported for iOS, tvOS and Android platforms, VisionOS provided
Multithreaded rendering setting removed for platform VisionOS
Refreshing native plugins compatible for Editor in 142.67 ms, found 2 plugins.
Preloading 0 native plugins for Editor in 0.00 ms.
Initialize engine version: 2022.1.8f1 (2961e8c2b463)
[Subsystems] Discovering subsystems at path C:/Program Files/Unity/Hub/Editor/2022.1.8f1/Editor/Data/Resources/UnitySubsystems
[Subsystems] Discovering subsystems at path C:/Users/Usuario/Downloads/Dark Night/Dark-Night--Proyecto-Final-/Assets
GfxDevice: creating device client; threaded=0; jobified=0
Direct3D:
    Version:  Direct3D 11.0 [level 11.1]
    Renderer: AMD Radeon (TM) R7 M360 (ID=0x6900)
    Vendor:   ATI
    VRAM:     2038 MB
    Driver:   27.20.20913.2000
Initialize mono
Mono path[0] = 'C:/Program Files/Unity/Hub/Editor/2022.1.8f1/Editor/Data/Managed'
Mono path[1] = 'C:/Program Files/Unity/Hub/Editor/2022.1.8f1/Editor/Data/MonoBleedingEdge/lib/mono/unityjit-win32'
Mono config path = 'C:/Program Files/Unity/Hub/Editor/2022.1.8f1/Editor/Data/MonoBleedingEdge/etc'
Using monoOptions --debugger-agent=transport=dt_socket,embedding=1,server=y,suspend=n,address=127.0.0.1:56596
Begin MonoManager ReloadAssembly
Registering precompiled unity dll's ...
Register platform support module: C:/Program Files/Unity/Hub/Editor/2022.1.8f1/Editor/Data/PlaybackEngines/WindowsStandaloneSupport/UnityEditor.WindowsStandalone.Extensions.dll
Registered in 0.016902 seconds.
Native extension for WindowsStandalone target not found
Refreshing native plugins compatible for Editor in 129.25 ms, found 2 plugins.
Preloading 0 native plugins for Editor in 0.00 ms.
Mono: successfully reloaded assembly
- Completed reload, in  1.639 seconds
Domain Reload Profiling:
	ReloadAssembly (1640ms)
		BeginReloadAssembly (200ms)
			ExecutionOrderSort (0ms)
			DisableScriptedObjects (0ms)
			BackupInstance (0ms)
			ReleaseScriptingObjects (0ms)
			CreateAndSetChildDomain (1ms)
		EndReloadAssembly (1168ms)
			LoadAssemblies (195ms)
			RebuildTransferFunctionScriptingTraits (0ms)
			SetupTypeCache (303ms)
				TypeCache.Initialize (301ms)
					TypeCache.ScanAssembly (298ms)
				ResolveRequiredComponents (1ms)
			ReleaseScriptCaches (0ms)
			RebuildScriptCaches (108ms)
			SetupLoadedEditorAssemblies (627ms)
				LogAssemblyErrors (0ms)
				InitializePlatformSupportModulesInManaged (18ms)
				SetLoadedEditorAssemblies (19ms)
				RefreshPlugins (129ms)
				BeforeProcessingInitializeOnLoad (3ms)
				ProcessInitializeOnLoadAttributes (342ms)
				ProcessInitializeOnLoadMethodAttributes (115ms)
				AfterProcessingInitializeOnLoad (0ms)
				EditorAssembliesLoaded (0ms)
			ExecutionOrderSort2 (0ms)
			AwakeInstancesAfterBackupRestoration (0ms)
Platform modules already initialized, skipping
Registering precompiled user dll's ...
Registered in 0.011772 seconds.
Begin MonoManager ReloadAssembly
Native extension for WindowsStandalone target not found
Refreshing native plugins compatible for Editor in 1.85 ms, found 2 plugins.
Preloading 0 native plugins for Editor in 0.00 ms.
Mono: successfully reloaded assembly
- Completed reload, in  2.701 seconds
Domain Reload Profiling:
	ReloadAssembly (2703ms)
		BeginReloadAssembly (365ms)
			ExecutionOrderSort (0ms)
			DisableScriptedObjects (13ms)
			BackupInstance (0ms)
			ReleaseScriptingObjects (0ms)
			CreateAndSetChildDomain (54ms)
		EndReloadAssembly (2031ms)
			LoadAssemblies (217ms)
			RebuildTransferFunctionScriptingTraits (0ms)
			SetupTypeCache (511ms)
				TypeCache.Initialize (501ms)
					TypeCache.ScanAssembly (491ms)
				ResolveRequiredComponents (10ms)
			ReleaseScriptCaches (2ms)
			RebuildScriptCaches (127ms)
			SetupLoadedEditorAssemblies (1073ms)
				LogAssemblyErrors (0ms)
				InitializePlatformSupportModulesInManaged (14ms)
				SetLoadedEditorAssemblies (19ms)
				RefreshPlugins (2ms)
				BeforeProcessingInitializeOnLoad (199ms)
				ProcessInitializeOnLoadAttributes (476ms)
				ProcessInitializeOnLoadMethodAttributes (348ms)
				AfterProcessingInitializeOnLoad (14ms)
				EditorAssembliesLoaded (1ms)
			ExecutionOrderSort2 (0ms)
			AwakeInstancesAfterBackupRestoration (15ms)
Platform modules already initialized, skipping
========================================================================
Worker process is ready to serve import requests
Setting multithreaded rendering option only supported for iOS, tvOS and Android platforms, VisionOS provided
Multithreaded rendering setting removed for platform VisionOS
Launched and connected shader compiler UnityShaderCompiler.exe after 0.10 seconds
Refreshing native plugins compatible for Editor in 1.31 ms, found 2 plugins.
Preloading 0 native plugins for Editor in 0.00 ms.
Unloading 2441 Unused Serialized files (Serialized files now loaded: 0)
Unloading 53 unused Assets / (59.1 KB). Loaded Objects now: 2906.
Memory consumption went from 464.6 MB to 464.6 MB.
Total: 16.988200 ms (FindLiveObjects: 0.424500 ms CreateObjectMapping: 0.428300 ms MarkObjects: 15.820500 ms  DeleteObjects: 0.312900 ms)

AssetImportParameters requested are different than current active one (requested -> active):
  custom:video-decoder-ogg-theora: a1e56fd34408186e4bbccfd4996cb3dc -> 
  custom:container-muxer-webm: aa71ff27fc2769a1b78a27578f13a17b -> 
  custom:container-demuxer-webm: 4f35f7cbe854078d1ac9338744f61a02 -> 
  custom:video-encoder-webm-vp8: eb34c28f22e8b96e1ab97ce403110664 -> 
  custom:audio-encoder-webm-vorbis: bf7c407c2cedff20999df2af8eb42d56 -> 
  custom:framework-win-MediaFoundation: 216162199b28c13a410421893ffa2e32 -> 
  custom:container-demuxer-ogg: 62fdf1f143b41e24485cea50d1cbac27 -> 
  custom:video-decoder-webm-vp8: 9c59270c3fd7afecdb556c50c9e8de78 -> 
  custom:audio-decoder-ogg-vorbis: bf7c407c2cedff20999df2af8eb42d56 -> 
========================================================================
Received Import Request.
  Time since last request: 365582.977058 seconds.
  path: Assets/Texturas/Texturas/NewLayer.terrainlayer
  artifactKey: Guid(f228668dfa56f544bac1d5002776c381) Importer(815301076,1909f56bfc062723c751e8b465ee728b)
Start importing Assets/Texturas/Texturas/NewLayer.terrainlayer using Guid(f228668dfa56f544bac1d5002776c381) Importer(815301076,1909f56bfc062723c751e8b465ee728b)  -> (artifact id: '5577a5bd2f18e240f34e92925af4c3aa') in 0.199107 seconds 
========================================================================
Received Import Request.
  Time since last request: 27.334308 seconds.
  path: Assets/Prefabs 1/Objetos Bosque/Arbol1 Variant.prefab
  artifactKey: Guid(bd3993bd3b31da645b3d9f6f33e50267) Importer(815301076,1909f56bfc062723c751e8b465ee728b)
Start importing Assets/Prefabs 1/Objetos Bosque/Arbol1 Variant.prefab using Guid(bd3993bd3b31da645b3d9f6f33e50267) Importer(815301076,1909f56bfc062723c751e8b465ee728b)  -> (artifact id: 'ba194bbdf67671c1611f79d4ab4d15c1') in 0.113600 seconds 
========================================================================
Received Import Request.
  Time since last request: 9.137079 seconds.
  path: Assets/Prefabs 1/Objetos Bosque/Cosas/1.prefab
  artifactKey: Guid(5448d8fccbb5bd7458b920606bb94fd5) Importer(815301076,1909f56bfc062723c751e8b465ee728b)
Start importing Assets/Prefabs 1/Objetos Bosque/Cosas/1.prefab using Guid(5448d8fccbb5bd7458b920606bb94fd5) Importer(815301076,1909f56bfc062723c751e8b465ee728b)  -> (artifact id: '1fddaae42d79a1e8d08f40407f9be5ac') in 0.030683 seconds 
========================================================================
Received Import Request.
  Time since last request: 0.000032 seconds.
  path: Assets/Modelos/Modelos Bosque/Cosas/Baldosas/3.fbx
  artifactKey: Guid(0b2ef99ecb1f2f142b802d5a7fbf381f) Importer(815301076,1909f56bfc062723c751e8b465ee728b)
Start importing Assets/Modelos/Modelos Bosque/Cosas/Baldosas/3.fbx using Guid(0b2ef99ecb1f2f142b802d5a7fbf381f) Importer(815301076,1909f56bfc062723c751e8b465ee728b)  -> (artifact id: '28a57f229fbe03dd80cd8b346e81fb7c') in 0.217397 seconds 
========================================================================
Received Import Request.
  Time since last request: 0.000031 seconds.
  path: Assets/Prefabs 1/Lugares/Bosque.prefab
  artifactKey: Guid(6a64bd6a7a1c56f45b153d7a33c16c1e) Importer(815301076,1909f56bfc062723c751e8b465ee728b)
Start importing Assets/Prefabs 1/Lugares/Bosque.prefab using Guid(6a64bd6a7a1c56f45b153d7a33c16c1e) Importer(815301076,1909f56bfc062723c751e8b465ee728b)  -> (artifact id: '44a55e0c7fb53a75ce98c6806aa37d1c') in 0.037374 seconds 
========================================================================
Received Import Request.
  Time since last request: 0.000041 seconds.
  path: Assets/Modelos/New models/Barril.fbx
  artifactKey: Guid(2ade939af7930cd42badea41aba592b5) Importer(815301076,1909f56bfc062723c751e8b465ee728b)
Start importing Assets/Modelos/New models/Barril.fbx using Guid(2ade939af7930cd42badea41aba592b5) Importer(815301076,1909f56bfc062723c751e8b465ee728b)  -> (artifact id: 'a0eec7f8c9cd9ae66ef80f23fb6500c3') in 0.135063 seconds 
========================================================================
Received Import Request.
  Time since last request: 0.000032 seconds.
  path: Assets/Prefabs 1/modelosNuevos/Cajagrande.prefab
  artifactKey: Guid(ac7585c7fcdc6cb49856fecdb7c3da46) Importer(815301076,1909f56bfc062723c751e8b465ee728b)
Start importing Assets/Prefabs 1/modelosNuevos/Cajagrande.prefab using Guid(ac7585c7fcdc6cb49856fecdb7c3da46) Importer(815301076,1909f56bfc062723c751e8b465ee728b)  -> (artifact id: '1996fb4d8c214ce0fa3b3aa6f6a943df') in 0.138759 seconds 
========================================================================
Received Import Request.
  Time since last request: 0.001308 seconds.
  path: Assets/Prefabs 1/Objetos Bosque/Cosas/3 1.prefab
  artifactKey: Guid(758b64e95895c8f4ebdfeef1d6cd4e4e) Importer(815301076,1909f56bfc062723c751e8b465ee728b)
Start importing Assets/Prefabs 1/Objetos Bosque/Cosas/3 1.prefab using Guid(758b64e95895c8f4ebdfeef1d6cd4e4e) Importer(815301076,1909f56bfc062723c751e8b465ee728b)  -> (artifact id: '7cc5021dc7ca298f71356c7d810474cb') in 0.237714 seconds 
========================================================================
Received Import Request.
  Time since last request: 0.000051 seconds.
  path: Assets/CosasOrdenadas/Prefaps/Bases/Base (3).prefab
  artifactKey: Guid(0b041cb6eddf8004a872c057d7f906a0) Importer(815301076,1909f56bfc062723c751e8b465ee728b)
Start importing Assets/CosasOrdenadas/Prefaps/Bases/Base (3).prefab using Guid(0b041cb6eddf8004a872c057d7f906a0) Importer(815301076,1909f56bfc062723c751e8b465ee728b)  -> (artifact id: 'a2689002e952a3d26ab203e964d789c6') in 0.264891 seconds 
========================================================================
Received Import Request.
  Time since last request: 0.000040 seconds.
  path: Assets/CosasOrdenadas/Prefaps/Cajas/CajaPeque単a.prefab
  artifactKey: Guid(901464851fa920641b10866051965dfb) Importer(815301076,1909f56bfc062723c751e8b465ee728b)
Start importing Assets/CosasOrdenadas/Prefaps/Cajas/CajaPeque単a.prefab using Guid(901464851fa920641b10866051965dfb) Importer(815301076,1909f56bfc062723c751e8b465ee728b)  -> (artifact id: 'c295f2de36d3d37cede81c62e7e9c885') in 0.058762 seconds 
========================================================================
Received Import Request.
  Time since last request: 0.000024 seconds.
  path: Assets/Prefabs 1/Canvas/ContadorLibro.prefab
  artifactKey: Guid(f24c5b63477407644a2dc5a75081b8f6) Importer(815301076,1909f56bfc062723c751e8b465ee728b)
Start importing Assets/Prefabs 1/Canvas/ContadorLibro.prefab using Guid(f24c5b63477407644a2dc5a75081b8f6) Importer(815301076,1909f56bfc062723c751e8b465ee728b)  -> (artifact id: 'e8093cf28456aa069f9014901afdad5e') in 0.272582 seconds 
========================================================================
Received Import Request.
  Time since last request: 0.000036 seconds.
  path: Assets/Modelos/Modelos Bosque/Arbol2.fbx
  artifactKey: Guid(79548cba7eca0cf4ebfbacc95584d4dd) Importer(815301076,1909f56bfc062723c751e8b465ee728b)
Start importing Assets/Modelos/Modelos Bosque/Arbol2.fbx using Guid(79548cba7eca0cf4ebfbacc95584d4dd) Importer(815301076,1909f56bfc062723c751e8b465ee728b)  -> (artifact id: 'cdabd5b987c1d1a37dd45580e8a48b4c') in 0.090593 seconds 
========================================================================
Received Import Request.
  Time since last request: 0.001781 seconds.
  path: Assets/LobbyUltimo 1/Cartel/cartel.prefab
  artifactKey: Guid(4a198c95986882c4ea8c16b630a56ce8) Importer(815301076,1909f56bfc062723c751e8b465ee728b)
Start importing Assets/LobbyUltimo 1/Cartel/cartel.prefab using Guid(4a198c95986882c4ea8c16b630a56ce8) Importer(815301076,1909f56bfc062723c751e8b465ee728b)  -> (artifact id: 'e6b106763861c687fafd697f610eba6b') in 0.074702 seconds 
========================================================================
Received Import Request.
  Time since last request: 0.000036 seconds.
  path: Assets/Modelos/Modelos Bosque/Arbusto2.fbx
  artifactKey: Guid(4ad0ffaf347cbc4428457c2e0e02d641) Importer(815301076,1909f56bfc062723c751e8b465ee728b)
Start importing Assets/Modelos/Modelos Bosque/Arbusto2.fbx using Guid(4ad0ffaf347cbc4428457c2e0e02d641) Importer(815301076,1909f56bfc062723c751e8b465ee728b)  -> (artifact id: '2b17677425468c5070d469a29bd2e5d8') in 0.105978 seconds 
========================================================================
Received Import Request.
  Time since last request: 0.000039 seconds.
  path: Assets/Modelos/Modelos Bosque/Arbol1.fbx
  artifactKey: Guid(5289a6628dd9a2346a51e13f8f538bf2) Importer(815301076,1909f56bfc062723c751e8b465ee728b)
Start importing Assets/Modelos/Modelos Bosque/Arbol1.fbx using Guid(5289a6628dd9a2346a51e13f8f538bf2) Importer(815301076,1909f56bfc062723c751e8b465ee728b)  -> (artifact id: '3fa005b576280e9c19107c52854c2fb0') in 0.050990 seconds 
========================================================================
Received Import Request.
  Time since last request: 0.000433 seconds.
  path: Assets/Prefabs 1/Objetos Bosque/Arbol2 Variant.prefab
  artifactKey: Guid(93cc48caf7a3c964da260d181e9d6215) Importer(815301076,1909f56bfc062723c751e8b465ee728b)
Start importing Assets/Prefabs 1/Objetos Bosque/Arbol2 Variant.prefab using Guid(93cc48caf7a3c964da260d181e9d6215) Importer(815301076,1909f56bfc062723c751e8b465ee728b)  -> (artifact id: '6eb5ebe4d8247757d5ff3452053c8dc7') in 0.062152 seconds 
========================================================================
Received Import Request.
  Time since last request: 0.000030 seconds.
  path: Assets/CosasOrdenadas/Prefaps/Bases/Base (1).prefab
  artifactKey: Guid(47229bde70cffce44a7b512705060405) Importer(815301076,1909f56bfc062723c751e8b465ee728b)
Start importing Assets/CosasOrdenadas/Prefaps/Bases/Base (1).prefab using Guid(47229bde70cffce44a7b512705060405) Importer(815301076,1909f56bfc062723c751e8b465ee728b)  -> (artifact id: '4f7ed919257132d246e76fa40af76240') in 0.098117 seconds 
========================================================================
Received Import Request.
  Time since last request: 0.000030 seconds.
  path: Assets/Modelos/New models/Caja.fbx
  artifactKey: Guid(6f2cec4bf63390141885104ef90e533f) Importer(815301076,1909f56bfc062723c751e8b465ee728b)
Start importing Assets/Modelos/New models/Caja.fbx using Guid(6f2cec4bf63390141885104ef90e533f) Importer(815301076,1909f56bfc062723c751e8b465ee728b)  -> (artifact id: '3f686628375d044242e5f850d3f747e4') in 0.078303 seconds 
========================================================================
Received Import Request.
  Time since last request: 0.000131 seconds.
  path: Assets/Modelos/Modelos Bosque/Cosas/Baldosas/4.fbx
  artifactKey: Guid(b7b7423891c84e94eb2608ae97db3cd3) Importer(815301076,1909f56bfc062723c751e8b465ee728b)
Start importing Assets/Modelos/Modelos Bosque/Cosas/Baldosas/4.fbx using Guid(b7b7423891c84e94eb2608ae97db3cd3) Importer(815301076,1909f56bfc062723c751e8b465ee728b)  -> (artifact id: '7b59b20d2ff732afe162162d3e98b961') in 0.062486 seconds 
========================================================================
Received Import Request.
  Time since last request: 0.001364 seconds.
  path: Assets/Modelos/Modelos Bosque/Cosas/Baldosas/6.fbx
  artifactKey: Guid(ef68419822e742949b80047e7c8b0f0b) Importer(815301076,1909f56bfc062723c751e8b465ee728b)
Start importing Assets/Modelos/Modelos Bosque/Cosas/Baldosas/6.fbx using Guid(ef68419822e742949b80047e7c8b0f0b) Importer(815301076,1909f56bfc062723c751e8b465ee728b)  -> (artifact id: '76ef8424229e414f47c105a123db35d7') in 0.093197 seconds 
========================================================================
Received Import Request.
  Time since last request: 0.000041 seconds.
  path: Assets/Prefabs 1/modelosNuevos/CajaPeque単a.prefab
  artifactKey: Guid(c271069e95242934cb40d6f9c3636701) Importer(815301076,1909f56bfc062723c751e8b465ee728b)
Start importing Assets/Prefabs 1/modelosNuevos/CajaPeque単a.prefab using Guid(c271069e95242934cb40d6f9c3636701) Importer(815301076,1909f56bfc062723c751e8b465ee728b)  -> (artifact id: '8ff7e39382460037d88e26a7a695d26a') in 0.056928 seconds 
========================================================================
Received Import Request.
  Time since last request: 0.000025 seconds.
  path: Assets/Prefabs 1/Objetos Bosque/Cosas/6.prefab
  artifactKey: Guid(b88d2cb290bfe3946950fcc7c3a2cf1d) Importer(815301076,1909f56bfc062723c751e8b465ee728b)
Start importing Assets/Prefabs 1/Objetos Bosque/Cosas/6.prefab using Guid(b88d2cb290bfe3946950fcc7c3a2cf1d) Importer(815301076,1909f56bfc062723c751e8b465ee728b)  -> (artifact id: '5f3f7146c2693bcfeb8a53b27c9474dd') in 0.044341 seconds 
========================================================================
Received Import Request.
  Time since last request: 0.004226 seconds.
  path: Assets/Modelos/Modelos Bosque/Arbusto1.fbx
  artifactKey: Guid(50f312ad9bb42c14ab540bc3cc22595e) Importer(815301076,1909f56bfc062723c751e8b465ee728b)
Start importing Assets/Modelos/Modelos Bosque/Arbusto1.fbx using Guid(50f312ad9bb42c14ab540bc3cc22595e) Importer(815301076,1909f56bfc062723c751e8b465ee728b)  -> (artifact id: '550ece3d592cd2d87927ad59cfcb196c') in 0.067341 seconds 
========================================================================
Received Import Request.
  Time since last request: 0.000048 seconds.
  path: Assets/LobbyUltimo 1/PreFabs/Canvas.prefab
  artifactKey: Guid(94164b77926f73d44bc278a8ef6f65d8) Importer(815301076,1909f56bfc062723c751e8b465ee728b)
Start importing Assets/LobbyUltimo 1/PreFabs/Canvas.prefab using Guid(94164b77926f73d44bc278a8ef6f65d8) Importer(815301076,1909f56bfc062723c751e8b465ee728b)  -> (artifact id: '474b0d86e0182ff1cedd521584d8927b') in 0.053470 seconds 
========================================================================
Received Import Request.
  Time since last request: 0.000036 seconds.
  path: Assets/Modelos/Modelos Bosque/Cosas/Baldosas/2.fbx
  artifactKey: Guid(5bb21a8fb3a77e6449b527a5d027a36f) Importer(815301076,1909f56bfc062723c751e8b465ee728b)
Start importing Assets/Modelos/Modelos Bosque/Cosas/Baldosas/2.fbx using Guid(5bb21a8fb3a77e6449b527a5d027a36f) Importer(815301076,1909f56bfc062723c751e8b465ee728b)  -> (artifact id: 'f844d91af95f4bcffa5efad7d89ce598') in 0.060020 seconds 
========================================================================
Received Import Request.
  Time since last request: 0.000465 seconds.
  path: Assets/Prefabs 1/Lugares/Cementario.prefab
  artifactKey: Guid(6b1c459479edb884ea4a4ee1d74cb0d1) Importer(815301076,1909f56bfc062723c751e8b465ee728b)
Start importing Assets/Prefabs 1/Lugares/Cementario.prefab using Guid(6b1c459479edb884ea4a4ee1d74cb0d1) Importer(815301076,1909f56bfc062723c751e8b465ee728b)  -> (artifact id: '6b2f67cd16bea628049e3d70c422ef5b') in 0.184309 seconds 
========================================================================
Received Import Request.
  Time since last request: 0.000278 seconds.
  path: Assets/CosasOrdenadas/Prefaps/Linterna/Linterna (1).prefab
  artifactKey: Guid(da4f4571a14a8224a8b40790d0f672cd) Importer(815301076,1909f56bfc062723c751e8b465ee728b)
Start importing Assets/CosasOrdenadas/Prefaps/Linterna/Linterna (1).prefab using Guid(da4f4571a14a8224a8b40790d0f672cd) Importer(815301076,1909f56bfc062723c751e8b465ee728b)  -> (artifact id: 'bbf1cd8b780a16d08079849de47be155') in 0.088234 seconds 
========================================================================
Received Import Request.
  Time since last request: 0.000041 seconds.
  path: Assets/Prefabs 1/Objetos Bosque/Cosas/faro.prefab
  artifactKey: Guid(baec265adb580d944a49d3d638f178e7) Importer(815301076,1909f56bfc062723c751e8b465ee728b)
Start importing Assets/Prefabs 1/Objetos Bosque/Cosas/faro.prefab using Guid(baec265adb580d944a49d3d638f178e7) Importer(815301076,1909f56bfc062723c751e8b465ee728b)  -> (artifact id: 'dcc5e4ab9c00d1c14dae2f793ca34487') in 0.425134 seconds 
========================================================================
Received Import Request.
  Time since last request: 0.000925 seconds.
  path: Assets/LobbyUltimo 1/Modelos/MOD_Farol.fbx
  artifactKey: Guid(ffca28ab90b94eb409e68ca28bbb8fa4) Importer(815301076,1909f56bfc062723c751e8b465ee728b)
Start importing Assets/LobbyUltimo 1/Modelos/MOD_Farol.fbx using Guid(ffca28ab90b94eb409e68ca28bbb8fa4) Importer(815301076,1909f56bfc062723c751e8b465ee728b)  -> (artifact id: '6ba6fa302cb8fc5f52442311e048418b') in 0.080319 seconds 
========================================================================
Received Import Request.
  Time since last request: 0.000791 seconds.
  path: Assets/LobbyUltimo 1/Modelos/MOD_MuroBasico.fbx
  artifactKey: Guid(b736af7311dfd654a97c1ab89d4bac21) Importer(815301076,1909f56bfc062723c751e8b465ee728b)
Start importing Assets/LobbyUltimo 1/Modelos/MOD_MuroBasico.fbx using Guid(b736af7311dfd654a97c1ab89d4bac21) Importer(815301076,1909f56bfc062723c751e8b465ee728b)  -> (artifact id: '6d9b9eb8f064d6d50fbf302c54f9e2e6') in 0.065373 seconds 
========================================================================
Received Import Request.
  Time since last request: 0.000963 seconds.
  path: Assets/LobbyUltimo 1/Modelos/MOD_Escaleras.fbx
  artifactKey: Guid(c13348c9d0d8ff743804b857d790a471) Importer(815301076,1909f56bfc062723c751e8b465ee728b)
Start importing Assets/LobbyUltimo 1/Modelos/MOD_Escaleras.fbx using Guid(c13348c9d0d8ff743804b857d790a471) Importer(815301076,1909f56bfc062723c751e8b465ee728b)  -> (artifact id: 'e93ea60da191aa67f99f2fd1aafaa412') in 0.073522 seconds 
========================================================================
Received Import Request.
  Time since last request: 0.000047 seconds.
  path: Assets/LobbyUltimo 1/Modelos/MOD_MesaButaco.fbx
  artifactKey: Guid(862450f61220f644180de8b87b9a6f3b) Importer(815301076,1909f56bfc062723c751e8b465ee728b)
Start importing Assets/LobbyUltimo 1/Modelos/MOD_MesaButaco.fbx using Guid(862450f61220f644180de8b87b9a6f3b) Importer(815301076,1909f56bfc062723c751e8b465ee728b)  -> (artifact id: '0be82bec33b6889daffda6e7565b0b41') in 0.071036 seconds 
========================================================================
Received Import Request.
  Time since last request: 0.018374 seconds.
  path: Assets/LobbyUltimo 1/Modelos/MOD_Puerta.fbx
  artifactKey: Guid(924371994b43b3c41ac3aa10d704f4cf) Importer(815301076,1909f56bfc062723c751e8b465ee728b)
Start importing Assets/LobbyUltimo 1/Modelos/MOD_Puerta.fbx using Guid(924371994b43b3c41ac3aa10d704f4cf) Importer(815301076,1909f56bfc062723c751e8b465ee728b)  -> (artifact id: '15be6a7280909d7b4c08013367a70a1a') in 0.154798 seconds 
========================================================================
Received Import Request.
  Time since last request: 0.000030 seconds.
  path: Assets/Polytope Studio/Lowpoly_Environments/Sources/Meshes/Trees/PT_Fruit_Tree_01_green.fbx
  artifactKey: Guid(f222748f1796b2e49a56a2fbf7563247) Importer(815301076,1909f56bfc062723c751e8b465ee728b)
Start importing Assets/Polytope Studio/Lowpoly_Environments/Sources/Meshes/Trees/PT_Fruit_Tree_01_green.fbx using Guid(f222748f1796b2e49a56a2fbf7563247) Importer(815301076,1909f56bfc062723c751e8b465ee728b)  -> (artifact id: 'b71360635d9e5dec28f786fc25a23891') in 0.554538 seconds 
========================================================================
Received Import Request.
  Time since last request: 0.000086 seconds.
  path: Assets/Polytope Studio/Lowpoly_Environments/Sources/Meshes/Trees/PT_Fruit_Tree_01_pears.fbx
  artifactKey: Guid(ab5654911e4a8494190af9551d81ea81) Importer(815301076,1909f56bfc062723c751e8b465ee728b)
Start importing Assets/Polytope Studio/Lowpoly_Environments/Sources/Meshes/Trees/PT_Fruit_Tree_01_pears.fbx using Guid(ab5654911e4a8494190af9551d81ea81) Importer(815301076,1909f56bfc062723c751e8b465ee728b)  -> (artifact id: 'c6eab9491fd3279e3359fcd1f5a6c5d5') in 0.209158 seconds 
========================================================================
Received Import Request.
  Time since last request: 0.000309 seconds.
  path: Assets/LobbyUltimo 1/Modelos/Numeros_v/MOD_Numeros(102).fbx
  artifactKey: Guid(905a36787a56ef0419d97ef78225b638) Importer(815301076,1909f56bfc062723c751e8b465ee728b)
Start importing Assets/LobbyUltimo 1/Modelos/Numeros_v/MOD_Numeros(102).fbx using Guid(905a36787a56ef0419d97ef78225b638) Importer(815301076,1909f56bfc062723c751e8b465ee728b)  -> (artifact id: '5149b61b65b2e9b666954cf98c9bf886') in 0.081168 seconds 
========================================================================
Received Import Request.
  Time since last request: 0.006876 seconds.
  path: Assets/Polytope Studio/Lowpoly_Environments/Sources/Meshes/Shrubs/PT_Generic_Shrub_01_dead.fbx
  artifactKey: Guid(0101712be5ca1c7449afe15d548c8817) Importer(815301076,1909f56bfc062723c751e8b465ee728b)
Start importing Assets/Polytope Studio/Lowpoly_Environments/Sources/Meshes/Shrubs/PT_Generic_Shrub_01_dead.fbx using Guid(0101712be5ca1c7449afe15d548c8817) Importer(815301076,1909f56bfc062723c751e8b465ee728b)  -> (artifact id: 'dd529b8ced6bd01be3f1a13f3d5ea201') in 0.145446 seconds 
========================================================================
Received Import Request.
  Time since last request: 0.000029 seconds.
  path: Assets/LobbyUltimo 1/PreFabs/MuroPuerta.prefab
  artifactKey: Guid(950db9e6b9953cc4bb2eec7b51e7211f) Importer(815301076,1909f56bfc062723c751e8b465ee728b)
Start importing Assets/LobbyUltimo 1/PreFabs/MuroPuerta.prefab using Guid(950db9e6b9953cc4bb2eec7b51e7211f) Importer(815301076,1909f56bfc062723c751e8b465ee728b)  -> (artifact id: '71f43ab4c92c193f72ae3910720b058c') in 0.184288 seconds 
========================================================================
Received Import Request.
  Time since last request: 0.002552 seconds.
  path: Assets/Polytope Studio/Lowpoly_Environments/Sources/Meshes/Plants/PT_Grass_02.fbx
  artifactKey: Guid(8c71f03fcb0c13644a30696cafc5cda8) Importer(815301076,1909f56bfc062723c751e8b465ee728b)
Start importing Assets/Polytope Studio/Lowpoly_Environments/Sources/Meshes/Plants/PT_Grass_02.fbx using Guid(8c71f03fcb0c13644a30696cafc5cda8) Importer(815301076,1909f56bfc062723c751e8b465ee728b)  -> (artifact id: '710b3b6a1ce995204c03871ac8b17582') in 0.270806 seconds 
========================================================================
Received Import Request.
  Time since last request: 0.007602 seconds.
  path: Assets/Polytope Studio/Lowpoly_Environments/Sources/Meshes/Trees/PT_Fruit_Tree_01_logs.fbx
  artifactKey: Guid(268a14e7ef45f1542a7d335b0a20d200) Importer(815301076,1909f56bfc062723c751e8b465ee728b)
Start importing Assets/Polytope Studio/Lowpoly_Environments/Sources/Meshes/Trees/PT_Fruit_Tree_01_logs.fbx using Guid(268a14e7ef45f1542a7d335b0a20d200) Importer(815301076,1909f56bfc062723c751e8b465ee728b)  -> (artifact id: 'aded689ffccc0cf4197bc21a41a2b863') in 0.087189 seconds 
========================================================================
Received Import Request.
  Time since last request: 0.022514 seconds.
  path: Assets/LobbyUltimo 1/Modelos/MOD_Cama.fbx
  artifactKey: Guid(945a772b9940d554a87efae0badc4bab) Importer(815301076,1909f56bfc062723c751e8b465ee728b)
Start importing Assets/LobbyUltimo 1/Modelos/MOD_Cama.fbx using Guid(945a772b9940d554a87efae0badc4bab) Importer(815301076,1909f56bfc062723c751e8b465ee728b)  -> (artifact id: '01bf084dc94435ffa756997d8a6222f1') in 0.248158 seconds 
========================================================================
Received Import Request.
  Time since last request: 0.012435 seconds.
  path: Assets/Polytope Studio/Lowpoly_Environments/Sources/Meshes/Trees/PT_Fruit_Tree_01_dead.fbx
  artifactKey: Guid(3ebf65d3a6489594ca09a35d85d43b0a) Importer(815301076,1909f56bfc062723c751e8b465ee728b)
Start importing Assets/Polytope Studio/Lowpoly_Environments/Sources/Meshes/Trees/PT_Fruit_Tree_01_dead.fbx using Guid(3ebf65d3a6489594ca09a35d85d43b0a) Importer(815301076,1909f56bfc062723c751e8b465ee728b)  -> (artifact id: '753f42fce3bea219596d2dd1f2444249') in 0.191791 seconds 
========================================================================
Received Import Request.
  Time since last request: 0.010246 seconds.
  path: Assets/Prefabs 1/Objetos Bosque/Arbusto2 Variant.prefab
  artifactKey: Guid(4807ab308379b3a4a9277b0f42a59127) Importer(815301076,1909f56bfc062723c751e8b465ee728b)
Start importing Assets/Prefabs 1/Objetos Bosque/Arbusto2 Variant.prefab using Guid(4807ab308379b3a4a9277b0f42a59127) Importer(815301076,1909f56bfc062723c751e8b465ee728b)  -> (artifact id: '38b0d5e9c5ee85794b0f6a94cb7b760a') in 0.054332 seconds 
========================================================================
Received Import Request.
  Time since last request: 0.004313 seconds.
  path: Assets/LobbyUltimo 1/Modelos/MOD_Caja.fbx
  artifactKey: Guid(59d6aa49bf027ee48912a67af476ddaa) Importer(815301076,1909f56bfc062723c751e8b465ee728b)
Start importing Assets/LobbyUltimo 1/Modelos/MOD_Caja.fbx using Guid(59d6aa49bf027ee48912a67af476ddaa) Importer(815301076,1909f56bfc062723c751e8b465ee728b)  -> (artifact id: '4394f858206d5be9cebbc466d2bac7c3') in 0.065909 seconds 
========================================================================
Received Import Request.
  Time since last request: 0.000105 seconds.
  path: Assets/CosasOrdenadas/Prefaps/Cajas/CajaGrande.prefab
  artifactKey: Guid(dd16649e651943d48a228eb2d5259428) Importer(815301076,1909f56bfc062723c751e8b465ee728b)
Start importing Assets/CosasOrdenadas/Prefaps/Cajas/CajaGrande.prefab using Guid(dd16649e651943d48a228eb2d5259428) Importer(815301076,1909f56bfc062723c751e8b465ee728b)  -> (artifact id: 'f479e692f4360d95895bcdcd065f4dcc') in 0.045157 seconds 
========================================================================
Received Import Request.
  Time since last request: 0.000034 seconds.
  path: Assets/Polytope Studio/Lowpoly_Environments/Sources/Meshes/Trees/PT_Fruit_Tree_01_apples.fbx
  artifactKey: Guid(fb0559a36ae9650449b6e3c26d5076a5) Importer(815301076,1909f56bfc062723c751e8b465ee728b)
Start importing Assets/Polytope Studio/Lowpoly_Environments/Sources/Meshes/Trees/PT_Fruit_Tree_01_apples.fbx using Guid(fb0559a36ae9650449b6e3c26d5076a5) Importer(815301076,1909f56bfc062723c751e8b465ee728b)  -> (artifact id: 'c72434c5092a3eb5ed3dd9dcc984b79b') in 0.140946 seconds 
========================================================================
Received Import Request.
  Time since last request: 0.000996 seconds.
  path: Assets/Modelos/Modelos Bosque/Cosas/Bosque/faro.fbx
  artifactKey: Guid(691e04402143be541ab40ea41c83ba68) Importer(815301076,1909f56bfc062723c751e8b465ee728b)
Start importing Assets/Modelos/Modelos Bosque/Cosas/Bosque/faro.fbx using Guid(691e04402143be541ab40ea41c83ba68) Importer(815301076,1909f56bfc062723c751e8b465ee728b)  -> (artifact id: '21835e4bd5c5e13398f2017063e46383') in 0.045711 seconds 
========================================================================
Received Import Request.
  Time since last request: 0.000036 seconds.
  path: Assets/LobbyUltimo 1/Modelos/MOD_Sofa.fbx
  artifactKey: Guid(69307b5c786accf4f9e7004e2b109142) Importer(815301076,1909f56bfc062723c751e8b465ee728b)
Start importing Assets/LobbyUltimo 1/Modelos/MOD_Sofa.fbx using Guid(69307b5c786accf4f9e7004e2b109142) Importer(815301076,1909f56bfc062723c751e8b465ee728b)  -> (artifact id: '59bc23b33341abd9089018c40cc2684a') in 0.256339 seconds 
========================================================================
Received Import Request.
  Time since last request: 0.001842 seconds.
  path: Assets/LobbyUltimo 1/Modelos/MOD_Cajonera.fbx
  artifactKey: Guid(db9901f9d5c333444a7b796914cd6e46) Importer(815301076,1909f56bfc062723c751e8b465ee728b)
Start importing Assets/LobbyUltimo 1/Modelos/MOD_Cajonera.fbx using Guid(db9901f9d5c333444a7b796914cd6e46) Importer(815301076,1909f56bfc062723c751e8b465ee728b)  -> (artifact id: 'da90f1e0db7b67923b1777db368e38a4') in 0.119713 seconds 
========================================================================
Received Import Request.
  Time since last request: 0.298129 seconds.
  path: Assets/Polytope Studio/Lowpoly_Environments/Sources/Meshes/Rocks/PT_Menhir_Rock_02.fbx
  artifactKey: Guid(e0fe1b80592a0144babd1bf297ad32ad) Importer(815301076,1909f56bfc062723c751e8b465ee728b)
Start importing Assets/Polytope Studio/Lowpoly_Environments/Sources/Meshes/Rocks/PT_Menhir_Rock_02.fbx using Guid(e0fe1b80592a0144babd1bf297ad32ad) Importer(815301076,1909f56bfc062723c751e8b465ee728b)  -> (artifact id: 'e1b5a53ec822d2a695de8a14f9326106') in 0.365215 seconds 
========================================================================
Received Import Request.
  Time since last request: 1.241158 seconds.
  path: Assets/Polytope Studio/Lowpoly_Village/Sources/Meshes/PT_Modular_Fence_Wood_03.fbx
  artifactKey: Guid(955f7ab7f12013b42b2aa2e494846f3a) Importer(815301076,1909f56bfc062723c751e8b465ee728b)
Start importing Assets/Polytope Studio/Lowpoly_Village/Sources/Meshes/PT_Modular_Fence_Wood_03.fbx using Guid(955f7ab7f12013b42b2aa2e494846f3a) Importer(815301076,1909f56bfc062723c751e8b465ee728b)  -> (artifact id: '105b504f58d09fa70561d25f7c7a20dc') in 0.056143 seconds 
========================================================================
Received Import Request.
  Time since last request: 0.000130 seconds.
  path: Assets/Polytope Studio/Lowpoly_Environments/Sources/Meshes/Rocks/PT_Ore_Rock_01.fbx
  artifactKey: Guid(a9129ae83f8faf646961b70c4b103833) Importer(815301076,1909f56bfc062723c751e8b465ee728b)
Start importing Assets/Polytope Studio/Lowpoly_Environments/Sources/Meshes/Rocks/PT_Ore_Rock_01.fbx using Guid(a9129ae83f8faf646961b70c4b103833) Importer(815301076,1909f56bfc062723c751e8b465ee728b)  -> (artifact id: '5069019d117600668db84f558bd5fcc0') in 0.233090 seconds 
========================================================================
Received Import Request.
  Time since last request: 0.011893 seconds.
  path: Assets/Polytope Studio/Lowpoly_Environments/Sources/Meshes/Rocks/PT_Ore_Rock_01_split.fbx
  artifactKey: Guid(e011a827265c38e44baeae9310a2a9e2) Importer(815301076,1909f56bfc062723c751e8b465ee728b)
Start importing Assets/Polytope Studio/Lowpoly_Environments/Sources/Meshes/Rocks/PT_Ore_Rock_01_split.fbx using Guid(e011a827265c38e44baeae9310a2a9e2) Importer(815301076,1909f56bfc062723c751e8b465ee728b)  -> (artifact id: '256d4eab4c210aa4170833575b02248d') in 0.218774 seconds 
Editor requested this worker to shutdown with reason: Scaling down because of idle timeout
AssetImportWorker is now disconnected from the server
Process exiting
Exiting without the bug reporter. Application will terminate with return code 0