Using pre-set license
Built from '2023.1/staging' branch; Version is '2023.1.2f1 (e348e726afe7) revision 14895335'; Using compiler version '192829333'; Build Type 'Release'
OS: 'Windows 11  (10.0.22621) 64bit Enterprise' Language: 'es' Physical Memory: 32565 MB
BatchMode: 1, IsHumanControllingUs: 0, StartBugReporterOnCrash: 0, Is64bit: 1, IsPro: 1

COMMAND LINE ARGUMENTS:
C:\Program Files\Unity 2023.1.2f1\Editor\Unity.exe
-adb2
-batchMode
-noUpm
-name
AssetImportWorker4
-projectPath
D:/Downloads/juego/Dark-Night--Proyecto-Final-
-logFile
Logs/AssetImportWorker4.log
-srvPort
57299
Successfully changed project path to: D:/Downloads/juego/Dark-Night--Proyecto-Final-
D:/Downloads/juego/Dark-Night--Proyecto-Final-
[UnityMemory] Configuration Parameters - Can be set up in boot.config
    "memorysetup-bucket-allocator-granularity=16"
    "memorysetup-bucket-allocator-bucket-count=8"
    "memorysetup-bucket-allocator-block-size=33554432"
    "memorysetup-bucket-allocator-block-count=8"
    "memorysetup-main-allocator-block-size=16777216"
    "memorysetup-thread-allocator-block-size=16777216"
    "memorysetup-gfx-main-allocator-block-size=16777216"
    "memorysetup-gfx-thread-allocator-block-size=16777216"
    "memorysetup-cache-allocator-block-size=4194304"
    "memorysetup-typetree-allocator-block-size=2097152"
    "memorysetup-profiler-bucket-allocator-granularity=16"
    "memorysetup-profiler-bucket-allocator-bucket-count=8"
    "memorysetup-profiler-bucket-allocator-block-size=33554432"
    "memorysetup-profiler-bucket-allocator-block-count=8"
    "memorysetup-profiler-allocator-block-size=16777216"
    "memorysetup-profiler-editor-allocator-block-size=1048576"
    "memorysetup-temp-allocator-size-main=16777216"
    "memorysetup-job-temp-allocator-block-size=2097152"
    "memorysetup-job-temp-allocator-block-size-background=1048576"
    "memorysetup-job-temp-allocator-reduction-small-platforms=262144"
    "memorysetup-allocator-temp-initial-block-size-main=262144"
    "memorysetup-allocator-temp-initial-block-size-worker=262144"
    "memorysetup-temp-allocator-size-background-worker=32768"
    "memorysetup-temp-allocator-size-job-worker=262144"
    "memorysetup-temp-allocator-size-preload-manager=33554432"
    "memorysetup-temp-allocator-size-nav-mesh-worker=65536"
    "memorysetup-temp-allocator-size-audio-worker=65536"
    "memorysetup-temp-allocator-size-cloud-worker=32768"
    "memorysetup-temp-allocator-size-gi-baking-worker=262144"
    "memorysetup-temp-allocator-size-gfx=262144"
Player connection [3144] Host "[IP] 10.179.64.24 [Port] 0 [Flags] 2 [Guid] 395351061 [EditorId] 395351061 [Version] 1048832 [Id] WindowsEditor(7,BOGDFPCGMF5014) [Debug] 1 [PackageName] WindowsEditor [ProjectName] Editor" joined multi-casting on [225.0.0.222:54997]...

Player connection [3144] Host "[IP] 10.179.64.24 [Port] 0 [Flags] 2 [Guid] 395351061 [EditorId] 395351061 [Version] 1048832 [Id] WindowsEditor(7,BOGDFPCGMF5014) [Debug] 1 [PackageName] WindowsEditor [ProjectName] Editor" joined alternative multi-casting on [225.0.0.222:34997]...

Library Redirect Path: Library/Setting multithreaded rendering option only supported for iOS, tvOS and Android platforms, VisionOS provided
Multithreaded rendering setting removed for platform VisionOS
Refreshing native plugins compatible for Editor in 25.53 ms, found 2 plugins.
Preloading 0 native plugins for Editor in 0.00 ms.
Initialize engine version: 2023.1.2f1 (e348e726afe7)
[Subsystems] Discovering subsystems at path C:/Program Files/Unity 2023.1.2f1/Editor/Data/Resources/UnitySubsystems
[Subsystems] Discovering subsystems at path D:/Downloads/juego/Dark-Night--Proyecto-Final-/Assets
GfxDevice: creating device client; threaded=0; jobified=0
Direct3D:
    Version:  Direct3D 11.0 [level 11.1]
    Renderer: Intel(R) UHD Graphics 630 (ID=0x3e98)
    Vendor:   Intel
    VRAM:     16282 MB
    Driver:   30.0.100.9864
Initialize mono
Mono path[0] = 'C:/Program Files/Unity 2023.1.2f1/Editor/Data/Managed'
Mono path[1] = 'C:/Program Files/Unity 2023.1.2f1/Editor/Data/MonoBleedingEdge/lib/mono/unityjit-win32'
Mono config path = 'C:/Program Files/Unity 2023.1.2f1/Editor/Data/MonoBleedingEdge/etc'
Using monoOptions --debugger-agent=transport=dt_socket,embedding=1,server=y,suspend=n,address=127.0.0.1:56804
Begin MonoManager ReloadAssembly
Registering precompiled unity dll's ...
Register platform support module: C:/Program Files/Unity 2023.1.2f1/Editor/Data/PlaybackEngines/WindowsStandaloneSupport/UnityEditor.WindowsStandalone.Extensions.dll
Registered in 0.002997 seconds.
- Loaded All Assemblies, in  0.463 seconds
Native extension for WindowsStandalone target not found
Mono: successfully reloaded assembly
- Finished resetting the current domain, in  0.273 seconds
Domain Reload Profiling: 734ms
	BeginReloadAssembly (196ms)
		ExecutionOrderSort (0ms)
		DisableScriptedObjects (0ms)
		BackupInstance (0ms)
		ReleaseScriptingObjects (0ms)
		CreateAndSetChildDomain (1ms)
	RebuildCommonClasses (48ms)
	RebuildNativeTypeToScriptingClass (11ms)
	initialDomainReloadingComplete (45ms)
	LoadAllAssembliesAndSetupDomain (161ms)
		LoadAssemblies (194ms)
		RebuildTransferFunctionScriptingTraits (0ms)
		AnalyzeDomain (156ms)
			TypeCache.Refresh (155ms)
				TypeCache.ScanAssembly (138ms)
			ScanForSourceGeneratedMonoScriptInfo (0ms)
			ResolveRequiredComponents (0ms)
	FinalizeReload (273ms)
		ReleaseScriptCaches (0ms)
		RebuildScriptCaches (0ms)
		SetupLoadedEditorAssemblies (232ms)
			LogAssemblyErrors (0ms)
			InitializePlatformSupportModulesInManaged (7ms)
			SetLoadedEditorAssemblies (4ms)
			BeforeProcessingInitializeOnLoad (6ms)
			ProcessInitializeOnLoadAttributes (167ms)
			ProcessInitializeOnLoadMethodAttributes (47ms)
			AfterProcessingInitializeOnLoad (0ms)
			EditorAssembliesLoaded (0ms)
		ExecutionOrderSort2 (0ms)
		AwakeInstancesAfterBackupRestoration (0ms)
========================================================================
Worker process is ready to serve import requests
Import Worker Mode flag is 0x00
Begin MonoManager ReloadAssembly
- Loaded All Assemblies, in  0.937 seconds
Refreshing native plugins compatible for Editor in 16.75 ms, found 2 plugins.
Native extension for WindowsStandalone target not found
Mono: successfully reloaded assembly
- Finished resetting the current domain, in  0.664 seconds
Domain Reload Profiling: 1600ms
	BeginReloadAssembly (323ms)
		ExecutionOrderSort (0ms)
		DisableScriptedObjects (5ms)
		BackupInstance (0ms)
		ReleaseScriptingObjects (0ms)
		CreateAndSetChildDomain (26ms)
	RebuildCommonClasses (46ms)
	RebuildNativeTypeToScriptingClass (11ms)
	initialDomainReloadingComplete (42ms)
	LoadAllAssembliesAndSetupDomain (512ms)
		LoadAssemblies (375ms)
		RebuildTransferFunctionScriptingTraits (0ms)
		AnalyzeDomain (285ms)
			TypeCache.Refresh (265ms)
				TypeCache.ScanAssembly (245ms)
			ScanForSourceGeneratedMonoScriptInfo (16ms)
			ResolveRequiredComponents (4ms)
	FinalizeReload (665ms)
		ReleaseScriptCaches (0ms)
		RebuildScriptCaches (0ms)
		SetupLoadedEditorAssemblies (463ms)
			LogAssemblyErrors (0ms)
			InitializePlatformSupportModulesInManaged (5ms)
			SetLoadedEditorAssemblies (3ms)
			BeforeProcessingInitializeOnLoad (64ms)
			ProcessInitializeOnLoadAttributes (216ms)
			ProcessInitializeOnLoadMethodAttributes (172ms)
			AfterProcessingInitializeOnLoad (4ms)
			EditorAssembliesLoaded (0ms)
		ExecutionOrderSort2 (0ms)
		AwakeInstancesAfterBackupRestoration (6ms)
Setting multithreaded rendering option only supported for iOS, tvOS and Android platforms, VisionOS provided
Multithreaded rendering setting removed for platform VisionOS
Launched and connected shader compiler UnityShaderCompiler.exe after 0.10 seconds
Refreshing native plugins compatible for Editor in 13.29 ms, found 2 plugins.
Preloading 0 native plugins for Editor in 0.00 ms.
Unloading 2687 Unused Serialized files (Serialized files now loaded: 0)
Unloading 61 unused Assets / (66.2 KB). Loaded Objects now: 3234.
Memory consumption went from 193.6 MB to 193.5 MB.
Total: 6.971400 ms (FindLiveObjects: 0.191600 ms CreateObjectMapping: 0.126300 ms MarkObjects: 6.527800 ms  DeleteObjects: 0.124200 ms)

AssetImportParameters requested are different than current active one (requested -> active):
  custom:container-demuxer-ogg: 62fdf1f143b41e24485cea50d1cbac27 -> 
  custom:framework-win-MediaFoundation: 216162199b28c13a410421893ffa2e32 -> 
  custom:video-decoder-webm-vp8: 9c59270c3fd7afecdb556c50c9e8de78 -> 
  custom:audio-encoder-webm-vorbis: bf7c407c2cedff20999df2af8eb42d56 -> 
  custom:video-decoder-ogg-theora: a1e56fd34408186e4bbccfd4996cb3dc -> 
  custom:container-muxer-webm: aa71ff27fc2769a1b78a27578f13a17b -> 
  custom:AudioImporter_EditorPlatform: d09bf68614088b80899f8185d706f6e7 -> 
  custom:audio-decoder-ogg-vorbis: bf7c407c2cedff20999df2af8eb42d56 -> 
  custom:video-codec-MediaFoundation-h265: 746d11721c4dcdbdad8f713fa42b33f4 -> 
  custom:CustomObjectIndexerAttribute: 756ad292c208cfabdd7b50bc23989ffe -> 
  custom:container-demuxer-webm: 4f35f7cbe854078d1ac9338744f61a02 -> 
  custom:video-encoder-webm-vp8: eb34c28f22e8b96e1ab97ce403110664 -> 
========================================================================
Received Import Request.
  Time since last request: 716413.585412 seconds.
  path: Assets/CosasOrdenadas/Materiales/Colores
  artifactKey: Guid(e318fd18aa0c00f4eb1053ccb08c29c0) Importer(815301076,1909f56bfc062723c751e8b465ee728b)
Start importing Assets/CosasOrdenadas/Materiales/Colores using Guid(e318fd18aa0c00f4eb1053ccb08c29c0) Importer(815301076,1909f56bfc062723c751e8b465ee728b)  -> (artifact id: '43ee74c63e95956f3e141b00df72d629') in 0.001868 seconds
Number of updated asset objects reloaded before import = 0
Number of asset objects unloaded after import = 0
========================================================================
Received Import Request.
  Time since last request: 0.065204 seconds.
  path: Assets/CosasOrdenadas/Materiales/Colores/Color 1.mat
  artifactKey: Guid(ffb95034716367d4485a5b239581434a) Importer(815301076,1909f56bfc062723c751e8b465ee728b)
Start importing Assets/CosasOrdenadas/Materiales/Colores/Color 1.mat using Guid(ffb95034716367d4485a5b239581434a) Importer(815301076,1909f56bfc062723c751e8b465ee728b)  -> (artifact id: 'f475cfb89674b6c0184a938646b13643') in 0.118981 seconds
Number of updated asset objects reloaded before import = 0
Number of asset objects unloaded after import = 1
========================================================================
Received Import Request.
  Time since last request: 0.000023 seconds.
  path: Assets/CosasOrdenadas/Materiales/Colores/Color 12.mat
  artifactKey: Guid(d3fbb48641ada2d4b8dc63bfb62234cc) Importer(815301076,1909f56bfc062723c751e8b465ee728b)
Start importing Assets/CosasOrdenadas/Materiales/Colores/Color 12.mat using Guid(d3fbb48641ada2d4b8dc63bfb62234cc) Importer(815301076,1909f56bfc062723c751e8b465ee728b)  -> (artifact id: '7edbec1e916543b27407001e62bd1803') in 0.029040 seconds
Number of updated asset objects reloaded before import = 0
Number of asset objects unloaded after import = 1
========================================================================
Received Import Request.
  Time since last request: 0.000158 seconds.
  path: Assets/CosasOrdenadas/Materiales/Colores/Color 16.mat
  artifactKey: Guid(688c60dcf679da4448123fe1358c5411) Importer(815301076,1909f56bfc062723c751e8b465ee728b)
Start importing Assets/CosasOrdenadas/Materiales/Colores/Color 16.mat using Guid(688c60dcf679da4448123fe1358c5411) Importer(815301076,1909f56bfc062723c751e8b465ee728b)  -> (artifact id: '32f0ed3fe38c5c66b5266f96236fb982') in 0.009036 seconds
Number of updated asset objects reloaded before import = 0
Number of asset objects unloaded after import = 1
========================================================================
Received Import Request.
  Time since last request: 0.000125 seconds.
  path: Assets/CosasOrdenadas/Materiales/Colores/Color 9.mat
  artifactKey: Guid(f3faa1e4a55900648baef57465c4a21b) Importer(815301076,1909f56bfc062723c751e8b465ee728b)
Start importing Assets/CosasOrdenadas/Materiales/Colores/Color 9.mat using Guid(f3faa1e4a55900648baef57465c4a21b) Importer(815301076,1909f56bfc062723c751e8b465ee728b)  -> (artifact id: 'aa2009dc59d2d74e0444904361d19504') in 0.027932 seconds
Number of updated asset objects reloaded before import = 0
Number of asset objects unloaded after import = 1
========================================================================
Received Import Request.
  Time since last request: 0.000159 seconds.
  path: Assets/CosasOrdenadas/Materiales/Colores/Color 10.mat
  artifactKey: Guid(cbfa35f4352e5a84fa8086fa1b81145b) Importer(815301076,1909f56bfc062723c751e8b465ee728b)
Start importing Assets/CosasOrdenadas/Materiales/Colores/Color 10.mat using Guid(cbfa35f4352e5a84fa8086fa1b81145b) Importer(815301076,1909f56bfc062723c751e8b465ee728b)  -> (artifact id: 'af41d10ee3effd85390cb5b1011069e1') in 0.015035 seconds
Number of updated asset objects reloaded before import = 0
Number of asset objects unloaded after import = 1
========================================================================
Received Import Request.
  Time since last request: 0.000159 seconds.
  path: Assets/CosasOrdenadas/Materiales/Colores/Color 7.mat
  artifactKey: Guid(17f70b9ffe58dd743a0b9f46e32f97dd) Importer(815301076,1909f56bfc062723c751e8b465ee728b)
Start importing Assets/CosasOrdenadas/Materiales/Colores/Color 7.mat using Guid(17f70b9ffe58dd743a0b9f46e32f97dd) Importer(815301076,1909f56bfc062723c751e8b465ee728b)  -> (artifact id: '52e9f6c765e32bd5e5bcfc21dc8aa8fa') in 0.033822 seconds
Number of updated asset objects reloaded before import = 0
Number of asset objects unloaded after import = 1
========================================================================
Received Import Request.
  Time since last request: 1.723701 seconds.
  path: Assets/CosasOrdenadas/Materiales/Materials/cielo.mat
  artifactKey: Guid(627d70ca8d75d3d4ea3279706504c40d) Importer(815301076,1909f56bfc062723c751e8b465ee728b)
Start importing Assets/CosasOrdenadas/Materiales/Materials/cielo.mat using Guid(627d70ca8d75d3d4ea3279706504c40d) Importer(815301076,1909f56bfc062723c751e8b465ee728b)  -> (artifact id: 'f05360471161a9f588a76777bbdc76e1') in 0.013881 seconds
Number of updated asset objects reloaded before import = 0
Number of asset objects unloaded after import = 2
========================================================================
Received Import Request.
  Time since last request: 1.927503 seconds.
  path: Assets/CosasOrdenadas/Sonidos/Ambiente bosque.mp3
  artifactKey: Guid(86f1268755b147b45b253aaca2438295) Importer(815301076,1909f56bfc062723c751e8b465ee728b)
Start importing Assets/CosasOrdenadas/Sonidos/Ambiente bosque.mp3 using Guid(86f1268755b147b45b253aaca2438295) Importer(815301076,1909f56bfc062723c751e8b465ee728b)  -> (artifact id: 'b3755f48c84377d35cf163f145b25fd2') in 2.443076 seconds
Number of updated asset objects reloaded before import = 0
Number of asset objects unloaded after import = 2
========================================================================
Received Import Request.
  Time since last request: 2.758899 seconds.
  path: Assets/Imagenes/Sprites/Interfaz.png
  artifactKey: Guid(a855f05d7c5d3ac4fbfe0e8f1f9185c7) Importer(815301076,1909f56bfc062723c751e8b465ee728b)
Start importing Assets/Imagenes/Sprites/Interfaz.png using Guid(a855f05d7c5d3ac4fbfe0e8f1f9185c7) Importer(815301076,1909f56bfc062723c751e8b465ee728b)  -> (artifact id: '255f58868b0c9890478cfb104a6caad9') in 0.441409 seconds
Number of updated asset objects reloaded before import = 0
Number of asset objects unloaded after import = 122
========================================================================
Received Import Request.
  Time since last request: 6.526121 seconds.
  path: Assets/Materiales/MAT_Ayuda.mat
  artifactKey: Guid(11deb1ce38fb96f4a96c744def6a1f06) Importer(815301076,1909f56bfc062723c751e8b465ee728b)
Start importing Assets/Materiales/MAT_Ayuda.mat using Guid(11deb1ce38fb96f4a96c744def6a1f06) Importer(815301076,1909f56bfc062723c751e8b465ee728b)  -> (artifact id: 'd27cc56899a7d2ca4b3f64e773490534') in 0.126434 seconds
Number of updated asset objects reloaded before import = 0
Number of asset objects unloaded after import = 1
========================================================================
Received Import Request.
  Time since last request: 1.095598 seconds.
  path: Assets/Mini First Person Controller/Cube.prefab
  artifactKey: Guid(a12a38dffb159224395594acf9103ef4) Importer(815301076,1909f56bfc062723c751e8b465ee728b)
Start importing Assets/Mini First Person Controller/Cube.prefab using Guid(a12a38dffb159224395594acf9103ef4) Importer(815301076,1909f56bfc062723c751e8b465ee728b)  -> (artifact id: '71f759e0c43d6637c759bbfe2377f13e') in 0.026774 seconds
Number of updated asset objects reloaded before import = 0
Number of asset objects unloaded after import = 10
========================================================================
Received Import Request.
  Time since last request: 0.852797 seconds.
  path: Assets/MiniMapa/Indicador.mat
  artifactKey: Guid(92622c59f270e1f4891b78cde6d33f03) Importer(815301076,1909f56bfc062723c751e8b465ee728b)
Start importing Assets/MiniMapa/Indicador.mat using Guid(92622c59f270e1f4891b78cde6d33f03) Importer(815301076,1909f56bfc062723c751e8b465ee728b)  -> (artifact id: '55150c23474f71ee018ca95cc804fa57') in 0.009590 seconds
Number of updated asset objects reloaded before import = 0
Number of asset objects unloaded after import = 1
========================================================================
Received Import Request.
  Time since last request: 1.894289 seconds.
  path: Assets/Modelos/Modelos Bosque/Arbol1.fbx
  artifactKey: Guid(5289a6628dd9a2346a51e13f8f538bf2) Importer(815301076,1909f56bfc062723c751e8b465ee728b)
Start importing Assets/Modelos/Modelos Bosque/Arbol1.fbx using Guid(5289a6628dd9a2346a51e13f8f538bf2) Importer(815301076,1909f56bfc062723c751e8b465ee728b)  -> (artifact id: '15a8683de120f81cec0e7e4eed9934ed') in 0.033040 seconds
Number of updated asset objects reloaded before import = 0
Number of asset objects unloaded after import = 9
========================================================================
Received Import Request.
  Time since last request: 0.000021 seconds.
  path: Assets/Modelos/Modelos Bosque/Roca4.fbx
  artifactKey: Guid(8ea47fc45d2dd3b4fb4ee48b3ebfca43) Importer(815301076,1909f56bfc062723c751e8b465ee728b)
Start importing Assets/Modelos/Modelos Bosque/Roca4.fbx using Guid(8ea47fc45d2dd3b4fb4ee48b3ebfca43) Importer(815301076,1909f56bfc062723c751e8b465ee728b)  -> (artifact id: '14b9f55e14c18a91023ce2300fd5e547') in 0.028054 seconds
Number of updated asset objects reloaded before import = 0
Number of asset objects unloaded after import = 8
========================================================================
Received Import Request.
  Time since last request: 0.000053 seconds.
  path: Assets/Modelos/Modelos Bosque/Roca3.fbx
  artifactKey: Guid(f9b00c0c922c8a349a5ac35050a05e68) Importer(815301076,1909f56bfc062723c751e8b465ee728b)
Start importing Assets/Modelos/Modelos Bosque/Roca3.fbx using Guid(f9b00c0c922c8a349a5ac35050a05e68) Importer(815301076,1909f56bfc062723c751e8b465ee728b)  -> (artifact id: 'ff2f11f7424b2da8e70a50adc47519f4') in 0.155388 seconds
Number of updated asset objects reloaded before import = 0
Number of asset objects unloaded after import = 8
========================================================================
Received Import Request.
  Time since last request: 1.582820 seconds.
  path: Assets/Modelos/ModelosUltimos/1.prefab
  artifactKey: Guid(4d0a648a014da1b498049bca22270b4e) Importer(815301076,1909f56bfc062723c751e8b465ee728b)
Start importing Assets/Modelos/ModelosUltimos/1.prefab using Guid(4d0a648a014da1b498049bca22270b4e) Importer(815301076,1909f56bfc062723c751e8b465ee728b)  -> (artifact id: '262e73d2afe9c257b1e63d6f12418a21') in 0.032948 seconds
Number of updated asset objects reloaded before import = 0
Number of asset objects unloaded after import = 423
========================================================================
Received Import Request.
  Time since last request: 0.000018 seconds.
  path: Assets/Modelos/ModelosUltimos/Extacionamiento.fbx
  artifactKey: Guid(68b3630328d8ab74e9f2e05aa46658f7) Importer(815301076,1909f56bfc062723c751e8b465ee728b)
Start importing Assets/Modelos/ModelosUltimos/Extacionamiento.fbx using Guid(68b3630328d8ab74e9f2e05aa46658f7) Importer(815301076,1909f56bfc062723c751e8b465ee728b)  -> (artifact id: '0f890c60a15b80689568ad35d6a74c56') in 0.132108 seconds
Number of updated asset objects reloaded before import = 0
Number of asset objects unloaded after import = 11
========================================================================
Received Import Request.
  Time since last request: 0.000101 seconds.
  path: Assets/Modelos/ModelosUltimos/Tanque2.fbx
  artifactKey: Guid(88e8b79e9ac2efa4baf233edbede98db) Importer(815301076,1909f56bfc062723c751e8b465ee728b)
Start importing Assets/Modelos/ModelosUltimos/Tanque2.fbx using Guid(88e8b79e9ac2efa4baf233edbede98db) Importer(815301076,1909f56bfc062723c751e8b465ee728b)  -> (artifact id: 'd953a994d59d031aa66798105a6b96f3') in 0.103788 seconds
Number of updated asset objects reloaded before import = 0
Number of asset objects unloaded after import = 10
========================================================================
Received Import Request.
  Time since last request: 0.000099 seconds.
  path: Assets/Modelos/ModelosUltimos/Torre.fbx
  artifactKey: Guid(028be4281cf405f46beaa939bb2e744f) Importer(815301076,1909f56bfc062723c751e8b465ee728b)
Start importing Assets/Modelos/ModelosUltimos/Torre.fbx using Guid(028be4281cf405f46beaa939bb2e744f) Importer(815301076,1909f56bfc062723c751e8b465ee728b)  -> (artifact id: '7968c59c70fd8c4e10a31d596af83021') in 0.240552 seconds
Number of updated asset objects reloaded before import = 0
Number of asset objects unloaded after import = 17
========================================================================
Received Import Request.
  Time since last request: 0.891293 seconds.
  path: Assets/Modelos/New models/Barril.fbx
  artifactKey: Guid(2ade939af7930cd42badea41aba592b5) Importer(815301076,1909f56bfc062723c751e8b465ee728b)
Start importing Assets/Modelos/New models/Barril.fbx using Guid(2ade939af7930cd42badea41aba592b5) Importer(815301076,1909f56bfc062723c751e8b465ee728b)  -> (artifact id: '27076bb6f80522af6d68bd20cc551757') in 0.032943 seconds
Number of updated asset objects reloaded before import = 0
Number of asset objects unloaded after import = 9
========================================================================
Received Import Request.
  Time since last request: 0.000016 seconds.
  path: Assets/Modelos/New models/torre.fbx
  artifactKey: Guid(00e01621219662c4bbf2615dff8fe235) Importer(815301076,1909f56bfc062723c751e8b465ee728b)
Start importing Assets/Modelos/New models/torre.fbx using Guid(00e01621219662c4bbf2615dff8fe235) Importer(815301076,1909f56bfc062723c751e8b465ee728b)  -> (artifact id: 'c4aac77e346bbaa08cee8a97e38421c8') in 0.112994 seconds
Number of updated asset objects reloaded before import = 0
Number of asset objects unloaded after import = 8
========================================================================
Received Import Request.
  Time since last request: 1.078833 seconds.
  path: Assets/Modelos/Prision/Arbusto.fbx
  artifactKey: Guid(1063ac412930113479f631357dbb7e56) Importer(815301076,1909f56bfc062723c751e8b465ee728b)
Start importing Assets/Modelos/Prision/Arbusto.fbx using Guid(1063ac412930113479f631357dbb7e56) Importer(815301076,1909f56bfc062723c751e8b465ee728b)  -> (artifact id: '5b3908fd1c84f414fa45bcd830114dc4') in 0.026545 seconds
Number of updated asset objects reloaded before import = 0
Number of asset objects unloaded after import = 9
========================================================================
Received Import Request.
  Time since last request: 0.000014 seconds.
  path: Assets/Modelos/Prision/CadenaLarga.fbx
  artifactKey: Guid(d11414f5c7f7f5b44a18e1304a935d4b) Importer(815301076,1909f56bfc062723c751e8b465ee728b)
Start importing Assets/Modelos/Prision/CadenaLarga.fbx using Guid(d11414f5c7f7f5b44a18e1304a935d4b) Importer(815301076,1909f56bfc062723c751e8b465ee728b)  -> (artifact id: 'd1ed9ab0fa08e2fc1d9cdee1d32ffd4f') in 0.030566 seconds
Number of updated asset objects reloaded before import = 0
Number of asset objects unloaded after import = 8
========================================================================
Received Import Request.
  Time since last request: 0.000087 seconds.
  path: Assets/Modelos/Prision/Plataformas.fbx
  artifactKey: Guid(3d9ffa6e8b59ccc47913749734fb9298) Importer(815301076,1909f56bfc062723c751e8b465ee728b)
Start importing Assets/Modelos/Prision/Plataformas.fbx using Guid(3d9ffa6e8b59ccc47913749734fb9298) Importer(815301076,1909f56bfc062723c751e8b465ee728b)  -> (artifact id: 'a1076ba4a9f7d38f876b30629e57b582') in 0.052938 seconds
Number of updated asset objects reloaded before import = 0
Number of asset objects unloaded after import = 9
========================================================================
Received Import Request.
  Time since last request: 3.710738 seconds.
  path: Assets/Niebla/niebla2.png
  artifactKey: Guid(fe4f8eeaf1b0bd2489a52607ae07869c) Importer(815301076,1909f56bfc062723c751e8b465ee728b)
Start importing Assets/Niebla/niebla2.png using Guid(fe4f8eeaf1b0bd2489a52607ae07869c) Importer(815301076,1909f56bfc062723c751e8b465ee728b)  -> (artifact id: '6e6ba5dcb2bbcbc3911ef530fb19e57b') in 0.017276 seconds
Number of updated asset objects reloaded before import = 0
Number of asset objects unloaded after import = 2
========================================================================
Received Import Request.
  Time since last request: 14.670975 seconds.
  path: Assets/terreno/New Terrain 2.asset
  artifactKey: Guid(d21f0af34308bf541b60d5c327fe0250) Importer(815301076,1909f56bfc062723c751e8b465ee728b)
Start importing Assets/terreno/New Terrain 2.asset using Guid(d21f0af34308bf541b60d5c327fe0250) Importer(815301076,1909f56bfc062723c751e8b465ee728b) The tree Arbol2 Variant must use the Nature/Soft Occlusion shader. Otherwise billboarding/lighting will not work correctly.
The tree Arbol1 Variant must use the Nature/Soft Occlusion shader. Otherwise billboarding/lighting will not work correctly.
The tree Arbol2 must use the Nature/Soft Occlusion shader. Otherwise billboarding/lighting will not work correctly.
 -> (artifact id: 'a974574c27b97e51ac9016bb184daf35') in 0.022842 seconds
Number of updated asset objects reloaded before import = 0
Number of asset objects unloaded after import = 26
========================================================================
Received Import Request.
  Time since last request: 0.000015 seconds.
  path: Assets/terreno/TerrainData_77d30e97-a9b8-43db-b57c-016c18e2c95c.asset
  artifactKey: Guid(eb041a10e74b9b348a27939ab04c18ae) Importer(815301076,1909f56bfc062723c751e8b465ee728b)
Start importing Assets/terreno/TerrainData_77d30e97-a9b8-43db-b57c-016c18e2c95c.asset using Guid(eb041a10e74b9b348a27939ab04c18ae) Importer(815301076,1909f56bfc062723c751e8b465ee728b) The tree Arbol1 Variant must use the Nature/Soft Occlusion shader. Otherwise billboarding/lighting will not work correctly.
The tree Arbol2 must use the Nature/Soft Occlusion shader. Otherwise billboarding/lighting will not work correctly.
The tree PT_Caesars_Mushroom_01 must use the Nature/Soft Occlusion shader. Otherwise billboarding/lighting will not work correctly.
The tree PT_Fruit_Tree_01_stump must use the Nature/Soft Occlusion shader. Otherwise billboarding/lighting will not work correctly.
 -> (artifact id: 'e708b6c5a583d65219dd614c47020acd') in 0.148844 seconds
Number of updated asset objects reloaded before import = 0
Number of asset objects unloaded after import = 95
========================================================================
Received Import Request.
  Time since last request: 0.000033 seconds.
  path: Assets/terreno/TerrainData_8fae1169-e9a3-4ca5-b2b9-bc4d0a24d4d1.asset
  artifactKey: Guid(6d8cd76f0f54878429152516f7de4c22) Importer(815301076,1909f56bfc062723c751e8b465ee728b)
Start importing Assets/terreno/TerrainData_8fae1169-e9a3-4ca5-b2b9-bc4d0a24d4d1.asset using Guid(6d8cd76f0f54878429152516f7de4c22) Importer(815301076,1909f56bfc062723c751e8b465ee728b) The tree Arbol1 Variant must use the Nature/Soft Occlusion shader. Otherwise billboarding/lighting will not work correctly.
The tree Arbol2 must use the Nature/Soft Occlusion shader. Otherwise billboarding/lighting will not work correctly.
The tree PT_Caesars_Mushroom_01 must use the Nature/Soft Occlusion shader. Otherwise billboarding/lighting will not work correctly.
The tree PT_Fruit_Tree_01_stump must use the Nature/Soft Occlusion shader. Otherwise billboarding/lighting will not work correctly.
 -> (artifact id: 'b73e2ab5a102312c28cf220fe5d6af8b') in 0.037763 seconds
Number of updated asset objects reloaded before import = 0
Number of asset objects unloaded after import = 95
========================================================================
Received Import Request.
  Time since last request: 1.616320 seconds.
  path: Assets/Zona de Sonido/ZonaZonido.prefab
  artifactKey: Guid(40efba4f8fcf9aa4e848adb1988ea209) Importer(815301076,1909f56bfc062723c751e8b465ee728b)
Start importing Assets/Zona de Sonido/ZonaZonido.prefab using Guid(40efba4f8fcf9aa4e848adb1988ea209) Importer(815301076,1909f56bfc062723c751e8b465ee728b)  -> (artifact id: '95b6cc54a36fb9d6637a631db0c020e7') in 0.003657 seconds
Number of updated asset objects reloaded before import = 0
Number of asset objects unloaded after import = 7
========================================================================
Received Import Request.
  Time since last request: 0.714907 seconds.
  path: Assets/Zona de Texto/Zona Texto.prefab
  artifactKey: Guid(40867c72c338ef94c8ae07dd9370a4b3) Importer(815301076,1909f56bfc062723c751e8b465ee728b)
Start importing Assets/Zona de Texto/Zona Texto.prefab using Guid(40867c72c338ef94c8ae07dd9370a4b3) Importer(815301076,1909f56bfc062723c751e8b465ee728b)  -> (artifact id: 'f71a3137dbe14cb6b597b9f2f523ab12') in 0.002201 seconds
Number of updated asset objects reloaded before import = 0
Number of asset objects unloaded after import = 6
========================================================================
Received Import Request.
  Time since last request: 205.254634 seconds.
  path: Assets
  artifactKey: Guid(00000000000000001000000000000000) Importer(815301076,1909f56bfc062723c751e8b465ee728b)
Start importing Assets using Guid(00000000000000001000000000000000) Importer(815301076,1909f56bfc062723c751e8b465ee728b)  -> (artifact id: '3c0a7ef1c14d54095b344b5b7b6db27e') in 0.000396 seconds
Number of updated asset objects reloaded before import = 0
Number of asset objects unloaded after import = 0
========================================================================
Received Import Request.
  Time since last request: 4.465274 seconds.
  path: Assets/PlataformaMovil.cs
  artifactKey: Guid(87c7260896561d241975489f96038374) Importer(815301076,1909f56bfc062723c751e8b465ee728b)
Start importing Assets/PlataformaMovil.cs using Guid(87c7260896561d241975489f96038374) Importer(815301076,1909f56bfc062723c751e8b465ee728b)  -> (artifact id: 'd2dff48bc1170990fb40a6a35f52498f') in 0.001520 seconds
Number of updated asset objects reloaded before import = 0
Number of asset objects unloaded after import = 0
========================================================================
Received Prepare
Setting multithreaded rendering option only supported for iOS, tvOS and Android platforms, VisionOS provided
Multithreaded rendering setting removed for platform VisionOS
Begin MonoManager ReloadAssembly
- Loaded All Assemblies, in  1.319 seconds
Refreshing native plugins compatible for Editor in 30.77 ms, found 2 plugins.
Native extension for WindowsStandalone target not found
Mono: successfully reloaded assembly
- Finished resetting the current domain, in  4.540 seconds
Domain Reload Profiling: 5856ms
	BeginReloadAssembly (371ms)
		ExecutionOrderSort (0ms)
		DisableScriptedObjects (7ms)
		BackupInstance (0ms)
		ReleaseScriptingObjects (0ms)
		CreateAndSetChildDomain (58ms)
	RebuildCommonClasses (82ms)
	RebuildNativeTypeToScriptingClass (23ms)
	initialDomainReloadingComplete (36ms)
	LoadAllAssembliesAndSetupDomain (801ms)
		LoadAssemblies (660ms)
		RebuildTransferFunctionScriptingTraits (0ms)
		AnalyzeDomain (403ms)
			TypeCache.Refresh (394ms)
				TypeCache.ScanAssembly (371ms)
			ScanForSourceGeneratedMonoScriptInfo (3ms)
			ResolveRequiredComponents (5ms)
	FinalizeReload (4543ms)
		ReleaseScriptCaches (0ms)
		RebuildScriptCaches (0ms)
		SetupLoadedEditorAssemblies (1879ms)
			LogAssemblyErrors (0ms)
			InitializePlatformSupportModulesInManaged (26ms)
			SetLoadedEditorAssemblies (8ms)
			BeforeProcessingInitializeOnLoad (410ms)
			ProcessInitializeOnLoadAttributes (1131ms)
			ProcessInitializeOnLoadMethodAttributes (298ms)
			AfterProcessingInitializeOnLoad (6ms)
			EditorAssembliesLoaded (0ms)
		ExecutionOrderSort2 (0ms)
		AwakeInstancesAfterBackupRestoration (12ms)
Refreshing native plugins compatible for Editor in 64.74 ms, found 2 plugins.
Preloading 0 native plugins for Editor in 0.00 ms.
Unloading 2642 Unused Serialized files (Serialized files now loaded: 0)
Unloading 48 unused Assets / (42.2 KB). Loaded Objects now: 3299.
Memory consumption went from 183.4 MB to 183.4 MB.
Total: 8.477300 ms (FindLiveObjects: 0.264800 ms CreateObjectMapping: 0.245500 ms MarkObjects: 7.891200 ms  DeleteObjects: 0.074100 ms)

Prepare: number of updated asset objects reloaded= 0
AssetImportParameters requested are different than current active one (requested -> active):
  custom:container-demuxer-ogg: 62fdf1f143b41e24485cea50d1cbac27 -> 
  custom:framework-win-MediaFoundation: 216162199b28c13a410421893ffa2e32 -> 
  custom:video-decoder-webm-vp8: 9c59270c3fd7afecdb556c50c9e8de78 -> 
  custom:audio-encoder-webm-vorbis: bf7c407c2cedff20999df2af8eb42d56 -> 
  custom:video-decoder-ogg-theora: a1e56fd34408186e4bbccfd4996cb3dc -> 
  custom:container-muxer-webm: aa71ff27fc2769a1b78a27578f13a17b -> 
  custom:AudioImporter_EditorPlatform: d09bf68614088b80899f8185d706f6e7 -> 
  custom:audio-decoder-ogg-vorbis: bf7c407c2cedff20999df2af8eb42d56 -> 
  custom:video-codec-MediaFoundation-h265: 746d11721c4dcdbdad8f713fa42b33f4 -> 
  custom:CustomObjectIndexerAttribute: 756ad292c208cfabdd7b50bc23989ffe -> 
  custom:container-demuxer-webm: 4f35f7cbe854078d1ac9338744f61a02 -> 
  custom:video-encoder-webm-vp8: eb34c28f22e8b96e1ab97ce403110664 -> 
========================================================================
Received Import Request.
  Time since last request: 25.095325 seconds.
  path: Assets/PlataformaMovil.cs
  artifactKey: Guid(87c7260896561d241975489f96038374) Importer(815301076,1909f56bfc062723c751e8b465ee728b)
Start importing Assets/PlataformaMovil.cs using Guid(87c7260896561d241975489f96038374) Importer(815301076,1909f56bfc062723c751e8b465ee728b)  -> (artifact id: 'd872f08101bfa68804c9c47a386b31e2') in 0.002068 seconds
Number of updated asset objects reloaded before import = 0
Number of asset objects unloaded after import = 0
========================================================================
Received Prepare
Setting multithreaded rendering option only supported for iOS, tvOS and Android platforms, VisionOS provided
Multithreaded rendering setting removed for platform VisionOS
Begin MonoManager ReloadAssembly
- Loaded All Assemblies, in  0.914 seconds
Refreshing native plugins compatible for Editor in 19.47 ms, found 2 plugins.
Native extension for WindowsStandalone target not found
Mono: successfully reloaded assembly
- Finished resetting the current domain, in  1.692 seconds
Domain Reload Profiling: 2603ms
	BeginReloadAssembly (264ms)
		ExecutionOrderSort (0ms)
		DisableScriptedObjects (7ms)
		BackupInstance (0ms)
		ReleaseScriptingObjects (0ms)
		CreateAndSetChildDomain (39ms)
	RebuildCommonClasses (57ms)
	RebuildNativeTypeToScriptingClass (22ms)
	initialDomainReloadingComplete (27ms)
	LoadAllAssembliesAndSetupDomain (540ms)
		LoadAssemblies (468ms)
		RebuildTransferFunctionScriptingTraits (0ms)
		AnalyzeDomain (257ms)
			TypeCache.Refresh (251ms)
				TypeCache.ScanAssembly (236ms)
			ScanForSourceGeneratedMonoScriptInfo (2ms)
			ResolveRequiredComponents (4ms)
	FinalizeReload (1692ms)
		ReleaseScriptCaches (0ms)
		RebuildScriptCaches (0ms)
		SetupLoadedEditorAssemblies (468ms)
			LogAssemblyErrors (0ms)
			InitializePlatformSupportModulesInManaged (5ms)
			SetLoadedEditorAssemblies (3ms)
			BeforeProcessingInitializeOnLoad (77ms)
			ProcessInitializeOnLoadAttributes (215ms)
			ProcessInitializeOnLoadMethodAttributes (163ms)
			AfterProcessingInitializeOnLoad (4ms)
			EditorAssembliesLoaded (0ms)
		ExecutionOrderSort2 (0ms)
		AwakeInstancesAfterBackupRestoration (7ms)
Refreshing native plugins compatible for Editor in 28.86 ms, found 2 plugins.
Preloading 0 native plugins for Editor in 0.00 ms.
Unloading 2642 Unused Serialized files (Serialized files now loaded: 0)
Unloading 48 unused Assets / (42.5 KB). Loaded Objects now: 3303.
Memory consumption went from 184.5 MB to 184.4 MB.
Total: 9.418400 ms (FindLiveObjects: 0.301300 ms CreateObjectMapping: 0.203600 ms MarkObjects: 8.826600 ms  DeleteObjects: 0.084800 ms)

Prepare: number of updated asset objects reloaded= 0
AssetImportParameters requested are different than current active one (requested -> active):
  custom:container-demuxer-ogg: 62fdf1f143b41e24485cea50d1cbac27 -> 
  custom:framework-win-MediaFoundation: 216162199b28c13a410421893ffa2e32 -> 
  custom:video-decoder-webm-vp8: 9c59270c3fd7afecdb556c50c9e8de78 -> 
  custom:audio-encoder-webm-vorbis: bf7c407c2cedff20999df2af8eb42d56 -> 
  custom:video-decoder-ogg-theora: a1e56fd34408186e4bbccfd4996cb3dc -> 
  custom:container-muxer-webm: aa71ff27fc2769a1b78a27578f13a17b -> 
  custom:AudioImporter_EditorPlatform: d09bf68614088b80899f8185d706f6e7 -> 
  custom:audio-decoder-ogg-vorbis: bf7c407c2cedff20999df2af8eb42d56 -> 
  custom:video-codec-MediaFoundation-h265: 746d11721c4dcdbdad8f713fa42b33f4 -> 
  custom:CustomObjectIndexerAttribute: 756ad292c208cfabdd7b50bc23989ffe -> 
  custom:container-demuxer-webm: 4f35f7cbe854078d1ac9338744f61a02 -> 
  custom:video-encoder-webm-vp8: eb34c28f22e8b96e1ab97ce403110664 -> 
========================================================================
Received Prepare
Setting multithreaded rendering option only supported for iOS, tvOS and Android platforms, VisionOS provided
Multithreaded rendering setting removed for platform VisionOS
Begin MonoManager ReloadAssembly
- Loaded All Assemblies, in  0.782 seconds
Refreshing native plugins compatible for Editor in 25.63 ms, found 2 plugins.
Native extension for WindowsStandalone target not found
Mono: successfully reloaded assembly
- Finished resetting the current domain, in  2.345 seconds
Domain Reload Profiling: 3126ms
	BeginReloadAssembly (224ms)
		ExecutionOrderSort (0ms)
		DisableScriptedObjects (6ms)
		BackupInstance (0ms)
		ReleaseScriptingObjects (0ms)
		CreateAndSetChildDomain (40ms)
	RebuildCommonClasses (43ms)
	RebuildNativeTypeToScriptingClass (12ms)
	initialDomainReloadingComplete (24ms)
	LoadAllAssembliesAndSetupDomain (476ms)
		LoadAssemblies (369ms)
		RebuildTransferFunctionScriptingTraits (0ms)
		AnalyzeDomain (248ms)
			TypeCache.Refresh (243ms)
				TypeCache.ScanAssembly (227ms)
			ScanForSourceGeneratedMonoScriptInfo (0ms)
			ResolveRequiredComponents (4ms)
	FinalizeReload (2346ms)
		ReleaseScriptCaches (0ms)
		RebuildScriptCaches (0ms)
		SetupLoadedEditorAssemblies (601ms)
			LogAssemblyErrors (0ms)
			InitializePlatformSupportModulesInManaged (6ms)
			SetLoadedEditorAssemblies (4ms)
			BeforeProcessingInitializeOnLoad (88ms)
			ProcessInitializeOnLoadAttributes (283ms)
			ProcessInitializeOnLoadMethodAttributes (215ms)
			AfterProcessingInitializeOnLoad (5ms)
			EditorAssembliesLoaded (0ms)
		ExecutionOrderSort2 (0ms)
		AwakeInstancesAfterBackupRestoration (11ms)
Refreshing native plugins compatible for Editor in 61.56 ms, found 2 plugins.
Preloading 0 native plugins for Editor in 0.00 ms.
Unloading 2643 Unused Serialized files (Serialized files now loaded: 0)
Unloading 48 unused Assets / (42.4 KB). Loaded Objects now: 3307.
Memory consumption went from 185.8 MB to 185.7 MB.
Total: 10.467500 ms (FindLiveObjects: 0.454300 ms CreateObjectMapping: 0.964000 ms MarkObjects: 8.965100 ms  DeleteObjects: 0.082600 ms)

Prepare: number of updated asset objects reloaded= 0
AssetImportParameters requested are different than current active one (requested -> active):
  custom:container-demuxer-ogg: 62fdf1f143b41e24485cea50d1cbac27 -> 
  custom:framework-win-MediaFoundation: 216162199b28c13a410421893ffa2e32 -> 
  custom:video-decoder-webm-vp8: 9c59270c3fd7afecdb556c50c9e8de78 -> 
  custom:audio-encoder-webm-vorbis: bf7c407c2cedff20999df2af8eb42d56 -> 
  custom:video-decoder-ogg-theora: a1e56fd34408186e4bbccfd4996cb3dc -> 
  custom:container-muxer-webm: aa71ff27fc2769a1b78a27578f13a17b -> 
  custom:AudioImporter_EditorPlatform: d09bf68614088b80899f8185d706f6e7 -> 
  custom:audio-decoder-ogg-vorbis: bf7c407c2cedff20999df2af8eb42d56 -> 
  custom:video-codec-MediaFoundation-h265: 746d11721c4dcdbdad8f713fa42b33f4 -> 
  custom:CustomObjectIndexerAttribute: 756ad292c208cfabdd7b50bc23989ffe -> 
  custom:container-demuxer-webm: 4f35f7cbe854078d1ac9338744f61a02 -> 
  custom:video-encoder-webm-vp8: eb34c28f22e8b96e1ab97ce403110664 -> 
========================================================================
Received Prepare
Setting multithreaded rendering option only supported for iOS, tvOS and Android platforms, VisionOS provided
Multithreaded rendering setting removed for platform VisionOS
Begin MonoManager ReloadAssembly
- Loaded All Assemblies, in  0.835 seconds
Refreshing native plugins compatible for Editor in 27.01 ms, found 2 plugins.
Native extension for WindowsStandalone target not found
Mono: successfully reloaded assembly
- Finished resetting the current domain, in  2.253 seconds
Domain Reload Profiling: 3086ms
	BeginReloadAssembly (235ms)
		ExecutionOrderSort (0ms)
		DisableScriptedObjects (7ms)
		BackupInstance (0ms)
		ReleaseScriptingObjects (0ms)
		CreateAndSetChildDomain (41ms)
	RebuildCommonClasses (47ms)
	RebuildNativeTypeToScriptingClass (13ms)
	initialDomainReloadingComplete (25ms)
	LoadAllAssembliesAndSetupDomain (512ms)
		LoadAssemblies (405ms)
		RebuildTransferFunctionScriptingTraits (0ms)
		AnalyzeDomain (258ms)
			TypeCache.Refresh (251ms)
				TypeCache.ScanAssembly (236ms)
			ScanForSourceGeneratedMonoScriptInfo (2ms)
			ResolveRequiredComponents (4ms)
	FinalizeReload (2254ms)
		ReleaseScriptCaches (0ms)
		RebuildScriptCaches (0ms)
		SetupLoadedEditorAssemblies (462ms)
			LogAssemblyErrors (0ms)
			InitializePlatformSupportModulesInManaged (5ms)
			SetLoadedEditorAssemblies (3ms)
			BeforeProcessingInitializeOnLoad (67ms)
			ProcessInitializeOnLoadAttributes (213ms)
			ProcessInitializeOnLoadMethodAttributes (169ms)
			AfterProcessingInitializeOnLoad (4ms)
			EditorAssembliesLoaded (0ms)
		ExecutionOrderSort2 (0ms)
		AwakeInstancesAfterBackupRestoration (7ms)
Refreshing native plugins compatible for Editor in 25.56 ms, found 2 plugins.
Preloading 0 native plugins for Editor in 0.00 ms.
Unloading 2643 Unused Serialized files (Serialized files now loaded: 0)
Unloading 48 unused Assets / (42.6 KB). Loaded Objects now: 3311.
Memory consumption went from 186.8 MB to 186.8 MB.
Total: 6.931800 ms (FindLiveObjects: 0.221100 ms CreateObjectMapping: 0.186000 ms MarkObjects: 6.457500 ms  DeleteObjects: 0.065600 ms)

Prepare: number of updated asset objects reloaded= 0
AssetImportParameters requested are different than current active one (requested -> active):
  custom:container-demuxer-ogg: 62fdf1f143b41e24485cea50d1cbac27 -> 
  custom:framework-win-MediaFoundation: 216162199b28c13a410421893ffa2e32 -> 
  custom:video-decoder-webm-vp8: 9c59270c3fd7afecdb556c50c9e8de78 -> 
  custom:audio-encoder-webm-vorbis: bf7c407c2cedff20999df2af8eb42d56 -> 
  custom:video-decoder-ogg-theora: a1e56fd34408186e4bbccfd4996cb3dc -> 
  custom:container-muxer-webm: aa71ff27fc2769a1b78a27578f13a17b -> 
  custom:AudioImporter_EditorPlatform: d09bf68614088b80899f8185d706f6e7 -> 
  custom:audio-decoder-ogg-vorbis: bf7c407c2cedff20999df2af8eb42d56 -> 
  custom:video-codec-MediaFoundation-h265: 746d11721c4dcdbdad8f713fa42b33f4 -> 
  custom:CustomObjectIndexerAttribute: 756ad292c208cfabdd7b50bc23989ffe -> 
  custom:container-demuxer-webm: 4f35f7cbe854078d1ac9338744f61a02 -> 
  custom:video-encoder-webm-vp8: eb34c28f22e8b96e1ab97ce403110664 -> 
========================================================================
Received Prepare
Setting multithreaded rendering option only supported for iOS, tvOS and Android platforms, VisionOS provided
Multithreaded rendering setting removed for platform VisionOS
Begin MonoManager ReloadAssembly
- Loaded All Assemblies, in  0.825 seconds
Refreshing native plugins compatible for Editor in 24.54 ms, found 2 plugins.
Native extension for WindowsStandalone target not found
Mono: successfully reloaded assembly
- Finished resetting the current domain, in  2.589 seconds
Domain Reload Profiling: 3411ms
	BeginReloadAssembly (250ms)
		ExecutionOrderSort (0ms)
		DisableScriptedObjects (7ms)
		BackupInstance (0ms)
		ReleaseScriptingObjects (0ms)
		CreateAndSetChildDomain (41ms)
	RebuildCommonClasses (44ms)
	RebuildNativeTypeToScriptingClass (12ms)
	initialDomainReloadingComplete (25ms)
	LoadAllAssembliesAndSetupDomain (491ms)
		LoadAssemblies (407ms)
		RebuildTransferFunctionScriptingTraits (0ms)
		AnalyzeDomain (251ms)
			TypeCache.Refresh (246ms)
				TypeCache.ScanAssembly (230ms)
			ScanForSourceGeneratedMonoScriptInfo (0ms)
			ResolveRequiredComponents (5ms)
	FinalizeReload (2589ms)
		ReleaseScriptCaches (0ms)
		RebuildScriptCaches (0ms)
		SetupLoadedEditorAssemblies (665ms)
			LogAssemblyErrors (0ms)
			InitializePlatformSupportModulesInManaged (10ms)
			SetLoadedEditorAssemblies (4ms)
			BeforeProcessingInitializeOnLoad (94ms)
			ProcessInitializeOnLoadAttributes (310ms)
			ProcessInitializeOnLoadMethodAttributes (241ms)
			AfterProcessingInitializeOnLoad (6ms)
			EditorAssembliesLoaded (0ms)
		ExecutionOrderSort2 (0ms)
		AwakeInstancesAfterBackupRestoration (11ms)
Refreshing native plugins compatible for Editor in 31.49 ms, found 2 plugins.
Preloading 0 native plugins for Editor in 0.00 ms.
Unloading 2643 Unused Serialized files (Serialized files now loaded: 0)
Unloading 48 unused Assets / (42.6 KB). Loaded Objects now: 3315.
Memory consumption went from 187.8 MB to 187.8 MB.
Total: 10.878400 ms (FindLiveObjects: 0.240500 ms CreateObjectMapping: 0.261300 ms MarkObjects: 10.287900 ms  DeleteObjects: 0.087200 ms)

Prepare: number of updated asset objects reloaded= 0
AssetImportParameters requested are different than current active one (requested -> active):
  custom:container-demuxer-ogg: 62fdf1f143b41e24485cea50d1cbac27 -> 
  custom:framework-win-MediaFoundation: 216162199b28c13a410421893ffa2e32 -> 
  custom:video-decoder-webm-vp8: 9c59270c3fd7afecdb556c50c9e8de78 -> 
  custom:audio-encoder-webm-vorbis: bf7c407c2cedff20999df2af8eb42d56 -> 
  custom:video-decoder-ogg-theora: a1e56fd34408186e4bbccfd4996cb3dc -> 
  custom:container-muxer-webm: aa71ff27fc2769a1b78a27578f13a17b -> 
  custom:AudioImporter_EditorPlatform: d09bf68614088b80899f8185d706f6e7 -> 
  custom:audio-decoder-ogg-vorbis: bf7c407c2cedff20999df2af8eb42d56 -> 
  custom:video-codec-MediaFoundation-h265: 746d11721c4dcdbdad8f713fa42b33f4 -> 
  custom:CustomObjectIndexerAttribute: 756ad292c208cfabdd7b50bc23989ffe -> 
  custom:container-demuxer-webm: 4f35f7cbe854078d1ac9338744f61a02 -> 
  custom:video-encoder-webm-vp8: eb34c28f22e8b96e1ab97ce403110664 -> 
========================================================================
Received Prepare
Setting multithreaded rendering option only supported for iOS, tvOS and Android platforms, VisionOS provided
Multithreaded rendering setting removed for platform VisionOS
Begin MonoManager ReloadAssembly
- Loaded All Assemblies, in  0.824 seconds
Refreshing native plugins compatible for Editor in 22.15 ms, found 2 plugins.
Native extension for WindowsStandalone target not found
Mono: successfully reloaded assembly
- Finished resetting the current domain, in  2.637 seconds
Domain Reload Profiling: 3458ms
	BeginReloadAssembly (255ms)
		ExecutionOrderSort (0ms)
		DisableScriptedObjects (6ms)
		BackupInstance (0ms)
		ReleaseScriptingObjects (0ms)
		CreateAndSetChildDomain (38ms)
	RebuildCommonClasses (42ms)
	RebuildNativeTypeToScriptingClass (12ms)
	initialDomainReloadingComplete (23ms)
	LoadAllAssembliesAndSetupDomain (489ms)
		LoadAssemblies (413ms)
		RebuildTransferFunctionScriptingTraits (0ms)
		AnalyzeDomain (252ms)
			TypeCache.Refresh (248ms)
				TypeCache.ScanAssembly (231ms)
			ScanForSourceGeneratedMonoScriptInfo (0ms)
			ResolveRequiredComponents (4ms)
	FinalizeReload (2637ms)
		ReleaseScriptCaches (0ms)
		RebuildScriptCaches (0ms)
		SetupLoadedEditorAssemblies (610ms)
			LogAssemblyErrors (0ms)
			InitializePlatformSupportModulesInManaged (8ms)
			SetLoadedEditorAssemblies (3ms)
			BeforeProcessingInitializeOnLoad (96ms)
			ProcessInitializeOnLoadAttributes (282ms)
			ProcessInitializeOnLoadMethodAttributes (215ms)
			AfterProcessingInitializeOnLoad (5ms)
			EditorAssembliesLoaded (0ms)
		ExecutionOrderSort2 (0ms)
		AwakeInstancesAfterBackupRestoration (10ms)
Refreshing native plugins compatible for Editor in 29.10 ms, found 2 plugins.
Preloading 0 native plugins for Editor in 0.00 ms.
Unloading 2643 Unused Serialized files (Serialized files now loaded: 0)
Unloading 48 unused Assets / (42.5 KB). Loaded Objects now: 3319.
Memory consumption went from 188.9 MB to 188.8 MB.
Total: 10.529600 ms (FindLiveObjects: 0.224100 ms CreateObjectMapping: 0.418200 ms MarkObjects: 9.779500 ms  DeleteObjects: 0.105800 ms)

Prepare: number of updated asset objects reloaded= 0
AssetImportParameters requested are different than current active one (requested -> active):
  custom:container-demuxer-ogg: 62fdf1f143b41e24485cea50d1cbac27 -> 
  custom:framework-win-MediaFoundation: 216162199b28c13a410421893ffa2e32 -> 
  custom:video-decoder-webm-vp8: 9c59270c3fd7afecdb556c50c9e8de78 -> 
  custom:audio-encoder-webm-vorbis: bf7c407c2cedff20999df2af8eb42d56 -> 
  custom:video-decoder-ogg-theora: a1e56fd34408186e4bbccfd4996cb3dc -> 
  custom:container-muxer-webm: aa71ff27fc2769a1b78a27578f13a17b -> 
  custom:AudioImporter_EditorPlatform: d09bf68614088b80899f8185d706f6e7 -> 
  custom:audio-decoder-ogg-vorbis: bf7c407c2cedff20999df2af8eb42d56 -> 
  custom:video-codec-MediaFoundation-h265: 746d11721c4dcdbdad8f713fa42b33f4 -> 
  custom:CustomObjectIndexerAttribute: 756ad292c208cfabdd7b50bc23989ffe -> 
  custom:container-demuxer-webm: 4f35f7cbe854078d1ac9338744f61a02 -> 
  custom:video-encoder-webm-vp8: eb34c28f22e8b96e1ab97ce403110664 -> 
========================================================================
Received Prepare
Setting multithreaded rendering option only supported for iOS, tvOS and Android platforms, VisionOS provided
Multithreaded rendering setting removed for platform VisionOS
Begin MonoManager ReloadAssembly
- Loaded All Assemblies, in  0.809 seconds
Refreshing native plugins compatible for Editor in 26.68 ms, found 2 plugins.
Native extension for WindowsStandalone target not found
Mono: successfully reloaded assembly
- Finished resetting the current domain, in  1.984 seconds
Domain Reload Profiling: 2792ms
	BeginReloadAssembly (231ms)
		ExecutionOrderSort (0ms)
		DisableScriptedObjects (7ms)
		BackupInstance (0ms)
		ReleaseScriptingObjects (0ms)
		CreateAndSetChildDomain (40ms)
	RebuildCommonClasses (44ms)
	RebuildNativeTypeToScriptingClass (12ms)
	initialDomainReloadingComplete (24ms)
	LoadAllAssembliesAndSetupDomain (496ms)
		LoadAssemblies (396ms)
		RebuildTransferFunctionScriptingTraits (0ms)
		AnalyzeDomain (249ms)
			TypeCache.Refresh (243ms)
				TypeCache.ScanAssembly (227ms)
			ScanForSourceGeneratedMonoScriptInfo (0ms)
			ResolveRequiredComponents (5ms)
	FinalizeReload (1985ms)
		ReleaseScriptCaches (0ms)
		RebuildScriptCaches (0ms)
		SetupLoadedEditorAssemblies (449ms)
			LogAssemblyErrors (0ms)
			InitializePlatformSupportModulesInManaged (5ms)
			SetLoadedEditorAssemblies (3ms)
			BeforeProcessingInitializeOnLoad (67ms)
			ProcessInitializeOnLoadAttributes (217ms)
			ProcessInitializeOnLoadMethodAttributes (154ms)
			AfterProcessingInitializeOnLoad (4ms)
			EditorAssembliesLoaded (0ms)
		ExecutionOrderSort2 (0ms)
		AwakeInstancesAfterBackupRestoration (7ms)
Refreshing native plugins compatible for Editor in 23.80 ms, found 2 plugins.
Preloading 0 native plugins for Editor in 0.00 ms.
Unloading 2643 Unused Serialized files (Serialized files now loaded: 0)
Unloading 48 unused Assets / (42.5 KB). Loaded Objects now: 3323.
Memory consumption went from 189.9 MB to 189.9 MB.
Total: 7.093300 ms (FindLiveObjects: 0.196900 ms CreateObjectMapping: 0.147500 ms MarkObjects: 6.684700 ms  DeleteObjects: 0.062900 ms)

Prepare: number of updated asset objects reloaded= 0
AssetImportParameters requested are different than current active one (requested -> active):
  custom:container-demuxer-ogg: 62fdf1f143b41e24485cea50d1cbac27 -> 
  custom:framework-win-MediaFoundation: 216162199b28c13a410421893ffa2e32 -> 
  custom:video-decoder-webm-vp8: 9c59270c3fd7afecdb556c50c9e8de78 -> 
  custom:audio-encoder-webm-vorbis: bf7c407c2cedff20999df2af8eb42d56 -> 
  custom:video-decoder-ogg-theora: a1e56fd34408186e4bbccfd4996cb3dc -> 
  custom:container-muxer-webm: aa71ff27fc2769a1b78a27578f13a17b -> 
  custom:AudioImporter_EditorPlatform: d09bf68614088b80899f8185d706f6e7 -> 
  custom:audio-decoder-ogg-vorbis: bf7c407c2cedff20999df2af8eb42d56 -> 
  custom:video-codec-MediaFoundation-h265: 746d11721c4dcdbdad8f713fa42b33f4 -> 
  custom:CustomObjectIndexerAttribute: 756ad292c208cfabdd7b50bc23989ffe -> 
  custom:container-demuxer-webm: 4f35f7cbe854078d1ac9338744f61a02 -> 
  custom:video-encoder-webm-vp8: eb34c28f22e8b96e1ab97ce403110664 -> 
========================================================================
Received Import Request.
  Time since last request: 2919.610580 seconds.
  path: Assets/Modelos/Prision/Prefab/Base.prefab
  artifactKey: Guid(804c02842e3bd294a8e7d3df58a12081) Importer(815301076,1909f56bfc062723c751e8b465ee728b)
Start importing Assets/Modelos/Prision/Prefab/Base.prefab using Guid(804c02842e3bd294a8e7d3df58a12081) Importer(815301076,1909f56bfc062723c751e8b465ee728b)  -> (artifact id: 'fddd671adb421a35073aa5502b388feb') in 0.105118 seconds
Number of updated asset objects reloaded before import = 0
Number of asset objects unloaded after import = 61
========================================================================
Received Import Request.
  Time since last request: 0.000020 seconds.
  path: Assets/CosasOrdenadas/Prefaps/Bases/Base (3).prefab
  artifactKey: Guid(0b041cb6eddf8004a872c057d7f906a0) Importer(815301076,1909f56bfc062723c751e8b465ee728b)
Start importing Assets/CosasOrdenadas/Prefaps/Bases/Base (3).prefab using Guid(0b041cb6eddf8004a872c057d7f906a0) Importer(815301076,1909f56bfc062723c751e8b465ee728b)  -> (artifact id: 'c552b52f01402e8a37ecb2c4ae479313') in 0.058642 seconds
Number of updated asset objects reloaded before import = 0
Number of asset objects unloaded after import = 890
========================================================================
Received Import Request.
  Time since last request: 0.000038 seconds.
  path: Assets/LobbyUltimo 1/Modelos/MOD_MuroBasico.fbx
  artifactKey: Guid(b736af7311dfd654a97c1ab89d4bac21) Importer(815301076,1909f56bfc062723c751e8b465ee728b)
Start importing Assets/LobbyUltimo 1/Modelos/MOD_MuroBasico.fbx using Guid(b736af7311dfd654a97c1ab89d4bac21) Importer(815301076,1909f56bfc062723c751e8b465ee728b)  -> (artifact id: 'cbf64abed8f215cd0da6b1a68d8ea125') in 0.034395 seconds
Number of updated asset objects reloaded before import = 0
Number of asset objects unloaded after import = 7
========================================================================
Received Import Request.
  Time since last request: 0.000014 seconds.
  path: Assets/LobbyUltimo 1/Texturas/TEX_MuroBasico.png
  artifactKey: Guid(20b9d9973ea65304f8958897afe8d986) Importer(815301076,1909f56bfc062723c751e8b465ee728b)
Start importing Assets/LobbyUltimo 1/Texturas/TEX_MuroBasico.png using Guid(20b9d9973ea65304f8958897afe8d986) Importer(815301076,1909f56bfc062723c751e8b465ee728b)  -> (artifact id: 'b4aac985d85d52e3691ffbb734f6989b') in 0.021640 seconds
Number of updated asset objects reloaded before import = 0
Number of asset objects unloaded after import = 2
Editor requested this worker to shutdown with reason: Scaling down because of idle timeout
AssetImportWorker is now disconnected from the server
Process exiting
Exiting without the bug reporter. Application will terminate with return code 0