Using pre-set license
Built from '2022.1/staging' branch; Version is '2022.1.8f1 (2961e8c2b463) revision 2712040'; Using compiler version '192829333'; Build Type 'Release'
OS: 'Windows 10  (10.0.19044) 64bit Professional' Language: 'es' Physical Memory: 8083 MB
BatchMode: 1, IsHumanControllingUs: 0, StartBugReporterOnCrash: 0, Is64bit: 1, IsPro: 1

COMMAND LINE ARGUMENTS:
C:\Program Files\Unity\Hub\Editor\2022.1.8f1\Editor\Unity.exe
-adb2
-batchMode
-noUpm
-name
AssetImportWorker1
-projectPath
C:/Users/Usuario/Downloads/Dark Night/Dark-Night--Proyecto-Final-
-logFile
Logs/AssetImportWorker1.log
-srvPort
50091
Successfully changed project path to: C:/Users/Usuario/Downloads/Dark Night/Dark-Night--Proyecto-Final-
C:/Users/Usuario/Downloads/Dark Night/Dark-Night--Proyecto-Final-
[UnityMemory] Configuration Parameters - Can be set up in boot.config
    "memorysetup-bucket-allocator-granularity=16"
    "memorysetup-bucket-allocator-bucket-count=8"
    "memorysetup-bucket-allocator-block-size=33554432"
    "memorysetup-bucket-allocator-block-count=8"
    "memorysetup-main-allocator-block-size=16777216"
    "memorysetup-thread-allocator-block-size=16777216"
    "memorysetup-gfx-main-allocator-block-size=16777216"
    "memorysetup-gfx-thread-allocator-block-size=16777216"
    "memorysetup-cache-allocator-block-size=4194304"
    "memorysetup-typetree-allocator-block-size=2097152"
    "memorysetup-profiler-bucket-allocator-granularity=16"
    "memorysetup-profiler-bucket-allocator-bucket-count=8"
    "memorysetup-profiler-bucket-allocator-block-size=33554432"
    "memorysetup-profiler-bucket-allocator-block-count=8"
    "memorysetup-profiler-allocator-block-size=16777216"
    "memorysetup-profiler-editor-allocator-block-size=1048576"
    "memorysetup-temp-allocator-size-main=16777216"
    "memorysetup-job-temp-allocator-block-size=2097152"
    "memorysetup-job-temp-allocator-block-size-background=1048576"
    "memorysetup-job-temp-allocator-reduction-small-platforms=262144"
    "memorysetup-temp-allocator-size-background-worker=32768"
    "memorysetup-temp-allocator-size-job-worker=262144"
    "memorysetup-temp-allocator-size-preload-manager=33554432"
    "memorysetup-temp-allocator-size-nav-mesh-worker=65536"
    "memorysetup-temp-allocator-size-audio-worker=65536"
    "memorysetup-temp-allocator-size-cloud-worker=32768"
    "memorysetup-temp-allocator-size-gi-baking-worker=262144"
    "memorysetup-temp-allocator-size-gfx=262144"
Setting multithreaded rendering option only supported for iOS, tvOS and Android platforms, VisionOS provided
Multithreaded rendering setting removed for platform VisionOS
Refreshing native plugins compatible for Editor in 207.41 ms, found 2 plugins.
Preloading 0 native plugins for Editor in 0.00 ms.
Initialize engine version: 2022.1.8f1 (2961e8c2b463)
[Subsystems] Discovering subsystems at path C:/Program Files/Unity/Hub/Editor/2022.1.8f1/Editor/Data/Resources/UnitySubsystems
[Subsystems] Discovering subsystems at path C:/Users/Usuario/Downloads/Dark Night/Dark-Night--Proyecto-Final-/Assets
GfxDevice: creating device client; threaded=0; jobified=0
Direct3D:
    Version:  Direct3D 11.0 [level 11.1]
    Renderer: AMD Radeon (TM) R7 M360 (ID=0x6900)
    Vendor:   ATI
    VRAM:     2038 MB
    Driver:   27.20.20913.2000
Initialize mono
Mono path[0] = 'C:/Program Files/Unity/Hub/Editor/2022.1.8f1/Editor/Data/Managed'
Mono path[1] = 'C:/Program Files/Unity/Hub/Editor/2022.1.8f1/Editor/Data/MonoBleedingEdge/lib/mono/unityjit-win32'
Mono config path = 'C:/Program Files/Unity/Hub/Editor/2022.1.8f1/Editor/Data/MonoBleedingEdge/etc'
Using monoOptions --debugger-agent=transport=dt_socket,embedding=1,server=y,suspend=n,address=127.0.0.1:56732
Begin MonoManager ReloadAssembly
Registering precompiled unity dll's ...
Register platform support module: C:/Program Files/Unity/Hub/Editor/2022.1.8f1/Editor/Data/PlaybackEngines/WindowsStandaloneSupport/UnityEditor.WindowsStandalone.Extensions.dll
Registered in 0.013370 seconds.
Native extension for WindowsStandalone target not found
Refreshing native plugins compatible for Editor in 126.08 ms, found 2 plugins.
Preloading 0 native plugins for Editor in 0.00 ms.
Mono: successfully reloaded assembly
- Completed reload, in  1.620 seconds
Domain Reload Profiling:
	ReloadAssembly (1621ms)
		BeginReloadAssembly (188ms)
			ExecutionOrderSort (0ms)
			DisableScriptedObjects (0ms)
			BackupInstance (0ms)
			ReleaseScriptingObjects (0ms)
			CreateAndSetChildDomain (1ms)
		EndReloadAssembly (1164ms)
			LoadAssemblies (185ms)
			RebuildTransferFunctionScriptingTraits (0ms)
			SetupTypeCache (311ms)
				TypeCache.Initialize (309ms)
					TypeCache.ScanAssembly (305ms)
				ResolveRequiredComponents (1ms)
			ReleaseScriptCaches (0ms)
			RebuildScriptCaches (82ms)
			SetupLoadedEditorAssemblies (628ms)
				LogAssemblyErrors (0ms)
				InitializePlatformSupportModulesInManaged (17ms)
				SetLoadedEditorAssemblies (16ms)
				RefreshPlugins (126ms)
				BeforeProcessingInitializeOnLoad (2ms)
				ProcessInitializeOnLoadAttributes (344ms)
				ProcessInitializeOnLoadMethodAttributes (122ms)
				AfterProcessingInitializeOnLoad (0ms)
				EditorAssembliesLoaded (0ms)
			ExecutionOrderSort2 (0ms)
			AwakeInstancesAfterBackupRestoration (0ms)
Platform modules already initialized, skipping
Registering precompiled user dll's ...
Registered in 0.013612 seconds.
Begin MonoManager ReloadAssembly
Native extension for WindowsStandalone target not found
Refreshing native plugins compatible for Editor in 1.42 ms, found 2 plugins.
Preloading 0 native plugins for Editor in 0.00 ms.
Mono: successfully reloaded assembly
- Completed reload, in  2.688 seconds
Domain Reload Profiling:
	ReloadAssembly (2690ms)
		BeginReloadAssembly (327ms)
			ExecutionOrderSort (0ms)
			DisableScriptedObjects (15ms)
			BackupInstance (0ms)
			ReleaseScriptingObjects (0ms)
			CreateAndSetChildDomain (44ms)
		EndReloadAssembly (2071ms)
			LoadAssemblies (248ms)
			RebuildTransferFunctionScriptingTraits (0ms)
			SetupTypeCache (517ms)
				TypeCache.Initialize (506ms)
					TypeCache.ScanAssembly (499ms)
				ResolveRequiredComponents (11ms)
			ReleaseScriptCaches (1ms)
			RebuildScriptCaches (143ms)
			SetupLoadedEditorAssemblies (1084ms)
				LogAssemblyErrors (0ms)
				InitializePlatformSupportModulesInManaged (12ms)
				SetLoadedEditorAssemblies (15ms)
				RefreshPlugins (2ms)
				BeforeProcessingInitializeOnLoad (198ms)
				ProcessInitializeOnLoadAttributes (489ms)
				ProcessInitializeOnLoadMethodAttributes (354ms)
				AfterProcessingInitializeOnLoad (14ms)
				EditorAssembliesLoaded (0ms)
			ExecutionOrderSort2 (0ms)
			AwakeInstancesAfterBackupRestoration (15ms)
Platform modules already initialized, skipping
========================================================================
Worker process is ready to serve import requests
Setting multithreaded rendering option only supported for iOS, tvOS and Android platforms, VisionOS provided
Multithreaded rendering setting removed for platform VisionOS
Launched and connected shader compiler UnityShaderCompiler.exe after 0.08 seconds
Refreshing native plugins compatible for Editor in 2.33 ms, found 2 plugins.
Preloading 0 native plugins for Editor in 0.00 ms.
Unloading 2441 Unused Serialized files (Serialized files now loaded: 0)
Unloading 53 unused Assets / (59.1 KB). Loaded Objects now: 2906.
Memory consumption went from 464.6 MB to 464.6 MB.
Total: 19.249400 ms (FindLiveObjects: 0.395700 ms CreateObjectMapping: 0.332100 ms MarkObjects: 18.313500 ms  DeleteObjects: 0.206300 ms)

AssetImportParameters requested are different than current active one (requested -> active):
  custom:video-decoder-ogg-theora: a1e56fd34408186e4bbccfd4996cb3dc -> 
  custom:container-muxer-webm: aa71ff27fc2769a1b78a27578f13a17b -> 
  custom:container-demuxer-webm: 4f35f7cbe854078d1ac9338744f61a02 -> 
  custom:video-encoder-webm-vp8: eb34c28f22e8b96e1ab97ce403110664 -> 
  custom:audio-encoder-webm-vorbis: bf7c407c2cedff20999df2af8eb42d56 -> 
  custom:framework-win-MediaFoundation: 216162199b28c13a410421893ffa2e32 -> 
  custom:container-demuxer-ogg: 62fdf1f143b41e24485cea50d1cbac27 -> 
  custom:video-decoder-webm-vp8: 9c59270c3fd7afecdb556c50c9e8de78 -> 
  custom:audio-decoder-ogg-vorbis: bf7c407c2cedff20999df2af8eb42d56 -> 
========================================================================
Received Import Request.
  Time since last request: 365249.718333 seconds.
  path: Assets/Texturas/Texturas/NewLayer 1.terrainlayer
  artifactKey: Guid(de79e497e9bc11c4d97c7e0dc1410a73) Importer(815301076,1909f56bfc062723c751e8b465ee728b)
Start importing Assets/Texturas/Texturas/NewLayer 1.terrainlayer using Guid(de79e497e9bc11c4d97c7e0dc1410a73) Importer(815301076,1909f56bfc062723c751e8b465ee728b)  -> (artifact id: '278894537c0749f50ee79bccaa90b1e5') in 0.299360 seconds 
========================================================================
Received Import Request.
  Time since last request: 369.747526 seconds.
  path: Assets/Modelos/Modelos Bosque/Cosas/Baldosas/1.fbx
  artifactKey: Guid(6aa48805e042e8a4f8725a182f7d3309) Importer(815301076,1909f56bfc062723c751e8b465ee728b)
Start importing Assets/Modelos/Modelos Bosque/Cosas/Baldosas/1.fbx using Guid(6aa48805e042e8a4f8725a182f7d3309) Importer(815301076,1909f56bfc062723c751e8b465ee728b)  -> (artifact id: 'f09cc80603eae9c066776fecad783e3d') in 0.339811 seconds 
========================================================================
Received Import Request.
  Time since last request: 0.000028 seconds.
  path: Assets/Modelos/Modelos Bosque/Cosas/Baldosas/5.fbx
  artifactKey: Guid(31fb8dd69d2201f429ea3a817540bf23) Importer(815301076,1909f56bfc062723c751e8b465ee728b)
Start importing Assets/Modelos/Modelos Bosque/Cosas/Baldosas/5.fbx using Guid(31fb8dd69d2201f429ea3a817540bf23) Importer(815301076,1909f56bfc062723c751e8b465ee728b)  -> (artifact id: '46c6df50b41b44f84df46cdf32820147') in 0.085587 seconds 
========================================================================
Received Import Request.
  Time since last request: 0.047501 seconds.
  path: Assets/Modelos/New models/FabricaNuclear.fbx
  artifactKey: Guid(7618f541094af554086c22f3b6e28e81) Importer(815301076,1909f56bfc062723c751e8b465ee728b)
Start importing Assets/Modelos/New models/FabricaNuclear.fbx using Guid(7618f541094af554086c22f3b6e28e81) Importer(815301076,1909f56bfc062723c751e8b465ee728b)  -> (artifact id: '5a1bd1019ea0f02eb0589a06e0899c75') in 0.156350 seconds 
========================================================================
Received Import Request.
  Time since last request: 0.000029 seconds.
  path: Assets/Prefabs 1/Objetos Bosque/Arbusto1 Variant.prefab
  artifactKey: Guid(a8e90c31fa6b0d14789c169f94d34c4a) Importer(815301076,1909f56bfc062723c751e8b465ee728b)
Start importing Assets/Prefabs 1/Objetos Bosque/Arbusto1 Variant.prefab using Guid(a8e90c31fa6b0d14789c169f94d34c4a) Importer(815301076,1909f56bfc062723c751e8b465ee728b)  -> (artifact id: 'de3c4fce0cb72d51788198394be3035c') in 0.048484 seconds 
========================================================================
Received Import Request.
  Time since last request: 0.000047 seconds.
  path: Assets/Prefabs 1/Objetos Bosque/Cosas/2.prefab
  artifactKey: Guid(88f84bb86e08d584d9da19534594b615) Importer(815301076,1909f56bfc062723c751e8b465ee728b)
Start importing Assets/Prefabs 1/Objetos Bosque/Cosas/2.prefab using Guid(88f84bb86e08d584d9da19534594b615) Importer(815301076,1909f56bfc062723c751e8b465ee728b)  -> (artifact id: '483c8e65de21b109c8a1198826b314a1') in 0.061202 seconds 
========================================================================
Received Import Request.
  Time since last request: 0.000028 seconds.
  path: Assets/Prefabs 1/Objetos Bosque/Cosas/3.prefab
  artifactKey: Guid(070a357a2c1dc7e448cf8ca9aa0c4d62) Importer(815301076,1909f56bfc062723c751e8b465ee728b)
Start importing Assets/Prefabs 1/Objetos Bosque/Cosas/3.prefab using Guid(070a357a2c1dc7e448cf8ca9aa0c4d62) Importer(815301076,1909f56bfc062723c751e8b465ee728b)  -> (artifact id: '13cdea112c1596d37343524fa9a65bc7') in 0.042296 seconds 
========================================================================
Received Import Request.
  Time since last request: 0.000161 seconds.
  path: Assets/Prefabs 1/Objetos Bosque/Cosas/4.prefab
  artifactKey: Guid(989ff88a260a83e4585666de750b71eb) Importer(815301076,1909f56bfc062723c751e8b465ee728b)
Start importing Assets/Prefabs 1/Objetos Bosque/Cosas/4.prefab using Guid(989ff88a260a83e4585666de750b71eb) Importer(815301076,1909f56bfc062723c751e8b465ee728b)  -> (artifact id: 'a505b64be9d31380b2bf271be1769ee8') in 0.060717 seconds 
========================================================================
Received Import Request.
  Time since last request: 0.002021 seconds.
  path: Assets/LobbyUltimo 1/Cartel/Dialogue Panel.prefab
  artifactKey: Guid(818617983ecf17f4cbc8556e875a453b) Importer(815301076,1909f56bfc062723c751e8b465ee728b)
Start importing Assets/LobbyUltimo 1/Cartel/Dialogue Panel.prefab using Guid(818617983ecf17f4cbc8556e875a453b) Importer(815301076,1909f56bfc062723c751e8b465ee728b)  -> (artifact id: '6d99934d955e088b3f4147d4e5506d3c') in 0.184318 seconds 
========================================================================
Received Import Request.
  Time since last request: 0.000036 seconds.
  path: Packages/com.unity.analytics/DataPrivacy/DataPrivacyButton.prefab
  artifactKey: Guid(71b11355001648444b41d17fd36c150d) Importer(815301076,1909f56bfc062723c751e8b465ee728b)
Start importing Packages/com.unity.analytics/DataPrivacy/DataPrivacyButton.prefab using Guid(71b11355001648444b41d17fd36c150d) Importer(815301076,1909f56bfc062723c751e8b465ee728b)  -> (artifact id: '5ba31693b7161e20c06a52ce6f4f6da4') in 0.132233 seconds 
========================================================================
Received Import Request.
  Time since last request: 0.007752 seconds.
  path: Assets/Prefabs 1/modelosNuevos/Barril.prefab
  artifactKey: Guid(167598418a9c4f34fb666ca0b516f05f) Importer(815301076,1909f56bfc062723c751e8b465ee728b)
Start importing Assets/Prefabs 1/modelosNuevos/Barril.prefab using Guid(167598418a9c4f34fb666ca0b516f05f) Importer(815301076,1909f56bfc062723c751e8b465ee728b)  -> (artifact id: '485ef83c3ce5982330feee5a372b0410') in 0.075974 seconds 
========================================================================
Received Import Request.
  Time since last request: 0.000041 seconds.
  path: Assets/Prefabs 1/modelosNuevos/FabricaNuclear.prefab
  artifactKey: Guid(1b146eba1e2db334fa269a84a604721e) Importer(815301076,1909f56bfc062723c751e8b465ee728b)
Start importing Assets/Prefabs 1/modelosNuevos/FabricaNuclear.prefab using Guid(1b146eba1e2db334fa269a84a604721e) Importer(815301076,1909f56bfc062723c751e8b465ee728b)  -> (artifact id: '3b4e21342e244624615cf263a550c895') in 0.093063 seconds 
========================================================================
Received Import Request.
  Time since last request: 0.014793 seconds.
  path: Assets/CosasOrdenadas/Prefaps/Bases/Base (2).prefab
  artifactKey: Guid(09fa9b6cb3d950748bddc21482975ad7) Importer(815301076,1909f56bfc062723c751e8b465ee728b)
Start importing Assets/CosasOrdenadas/Prefaps/Bases/Base (2).prefab using Guid(09fa9b6cb3d950748bddc21482975ad7) Importer(815301076,1909f56bfc062723c751e8b465ee728b)  -> (artifact id: '488130ed67b877e5e3181b5e6a66e972') in 1.366923 seconds 
========================================================================
Received Import Request.
  Time since last request: 0.015800 seconds.
  path: Assets/Prefabs 1/Objetos Bosque/Cosas/Llave.prefab
  artifactKey: Guid(243957e0e48eac24d860fd9f65710a93) Importer(815301076,1909f56bfc062723c751e8b465ee728b)
Start importing Assets/Prefabs 1/Objetos Bosque/Cosas/Llave.prefab using Guid(243957e0e48eac24d860fd9f65710a93) Importer(815301076,1909f56bfc062723c751e8b465ee728b)  -> (artifact id: '1ce4a9e8704efed5295131a3a21e0912') in 0.118844 seconds 
========================================================================
Received Import Request.
  Time since last request: 0.000029 seconds.
  path: Assets/LobbyUltimo 1/Modelos/MOD_Armario.fbx
  artifactKey: Guid(756419344433f8f4a9f6a983256a6efa) Importer(815301076,1909f56bfc062723c751e8b465ee728b)
Start importing Assets/LobbyUltimo 1/Modelos/MOD_Armario.fbx using Guid(756419344433f8f4a9f6a983256a6efa) Importer(815301076,1909f56bfc062723c751e8b465ee728b)  -> (artifact id: '7b91d524a2f9ad4df256bf5ad57e971e') in 0.115564 seconds 
========================================================================
Received Import Request.
  Time since last request: 0.000291 seconds.
  path: Assets/LobbyUltimo 1/Modelos/MOD_Campanilla.fbx
  artifactKey: Guid(4c9a9c06f752e0c4196027eb4b4b0fa0) Importer(815301076,1909f56bfc062723c751e8b465ee728b)
Start importing Assets/LobbyUltimo 1/Modelos/MOD_Campanilla.fbx using Guid(4c9a9c06f752e0c4196027eb4b4b0fa0) Importer(815301076,1909f56bfc062723c751e8b465ee728b)  -> (artifact id: '81fcfb2982386ad610de40c206d6a4e6') in 0.054546 seconds 
========================================================================
Received Import Request.
  Time since last request: 0.000031 seconds.
  path: Assets/LobbyUltimo 1/Modelos/MOD_MuroPuerta.fbx
  artifactKey: Guid(212adbe3ce64c694580cf80e9afbb8fb) Importer(815301076,1909f56bfc062723c751e8b465ee728b)
Start importing Assets/LobbyUltimo 1/Modelos/MOD_MuroPuerta.fbx using Guid(212adbe3ce64c694580cf80e9afbb8fb) Importer(815301076,1909f56bfc062723c751e8b465ee728b)  -> (artifact id: 'a97260fae7643256fa3e6072e1e6c228') in 0.046861 seconds 
========================================================================
Received Import Request.
  Time since last request: 0.000032 seconds.
  path: Assets/LobbyUltimo 1/Modelos/MOD_MuebleLlaves.fbx
  artifactKey: Guid(b1794702cca8a9b40b86e87ad1662a4c) Importer(815301076,1909f56bfc062723c751e8b465ee728b)
Start importing Assets/LobbyUltimo 1/Modelos/MOD_MuebleLlaves.fbx using Guid(b1794702cca8a9b40b86e87ad1662a4c) Importer(815301076,1909f56bfc062723c751e8b465ee728b)  -> (artifact id: '9e06b4f4fe34683ad41038d7419f7587') in 0.071972 seconds 
========================================================================
Received Import Request.
  Time since last request: 0.000047 seconds.
  path: Assets/LobbyUltimo 1/Modelos/MOD_Linterna.fbx
  artifactKey: Guid(bcfbb5e40b36f1b43a14d3e653b66970) Importer(815301076,1909f56bfc062723c751e8b465ee728b)
Start importing Assets/LobbyUltimo 1/Modelos/MOD_Linterna.fbx using Guid(bcfbb5e40b36f1b43a14d3e653b66970) Importer(815301076,1909f56bfc062723c751e8b465ee728b)  -> (artifact id: '057addf8c341ca8b5e252cab5586d746') in 0.091949 seconds 
========================================================================
Received Import Request.
  Time since last request: 0.000038 seconds.
  path: Assets/LobbyUltimo 1/Modelos/MOD_Mesa.fbx
  artifactKey: Guid(c0a3f93112cadb1428eb462027c27688) Importer(815301076,1909f56bfc062723c751e8b465ee728b)
Start importing Assets/LobbyUltimo 1/Modelos/MOD_Mesa.fbx using Guid(c0a3f93112cadb1428eb462027c27688) Importer(815301076,1909f56bfc062723c751e8b465ee728b)  -> (artifact id: 'cca4e868553e136b20f78b811376640f') in 0.108755 seconds 
========================================================================
Received Import Request.
  Time since last request: 0.000050 seconds.
  path: Assets/Modelos/Modelos Bosque/Cosas/Bosque/Llave.fbx
  artifactKey: Guid(58f5b48fbac91f044b47f237e1632478) Importer(815301076,1909f56bfc062723c751e8b465ee728b)
Start importing Assets/Modelos/Modelos Bosque/Cosas/Bosque/Llave.fbx using Guid(58f5b48fbac91f044b47f237e1632478) Importer(815301076,1909f56bfc062723c751e8b465ee728b)  -> (artifact id: '2ea1886dc523ca3c03cc482d62440665') in 0.083184 seconds 
========================================================================
Received Import Request.
  Time since last request: 0.031449 seconds.
  path: Assets/LobbyUltimo 1/Modelos/MOD_MuroVentana.fbx
  artifactKey: Guid(367e16ff6b5405941a9be1da39eee4af) Importer(815301076,1909f56bfc062723c751e8b465ee728b)
Start importing Assets/LobbyUltimo 1/Modelos/MOD_MuroVentana.fbx using Guid(367e16ff6b5405941a9be1da39eee4af) Importer(815301076,1909f56bfc062723c751e8b465ee728b)  -> (artifact id: '23f30c00b9cd6fbbc1a91ac77216a921') in 0.040000 seconds 
========================================================================
Received Import Request.
  Time since last request: 0.000033 seconds.
  path: Assets/LobbyUltimo 1/Modelos/MOD_Piso.fbx
  artifactKey: Guid(39564acb4f474fd46887750375b79502) Importer(815301076,1909f56bfc062723c751e8b465ee728b)
Start importing Assets/LobbyUltimo 1/Modelos/MOD_Piso.fbx using Guid(39564acb4f474fd46887750375b79502) Importer(815301076,1909f56bfc062723c751e8b465ee728b)  -> (artifact id: '06fe27c6dc6b5ee93de64816bf6753f5') in 0.038419 seconds 
========================================================================
Received Import Request.
  Time since last request: 0.004949 seconds.
  path: Assets/Modelos/Modelos Bosque/Pasto.fbx
  artifactKey: Guid(9fa5215fcc0b0b0409dca3f1d0708722) Importer(815301076,1909f56bfc062723c751e8b465ee728b)
Start importing Assets/Modelos/Modelos Bosque/Pasto.fbx using Guid(9fa5215fcc0b0b0409dca3f1d0708722) Importer(815301076,1909f56bfc062723c751e8b465ee728b)  -> (artifact id: '16a303b2e760cd7a092b35bca069a5a7') in 0.112625 seconds 
========================================================================
Received Import Request.
  Time since last request: 0.041843 seconds.
  path: Assets/Polytope Studio/Lowpoly_Environments/Sources/Meshes/Trees/PT_Fruit_Tree_01_dead_cut.fbx
  artifactKey: Guid(ddcbcdd7a43212c4d86fe33f77dac074) Importer(815301076,1909f56bfc062723c751e8b465ee728b)
Start importing Assets/Polytope Studio/Lowpoly_Environments/Sources/Meshes/Trees/PT_Fruit_Tree_01_dead_cut.fbx using Guid(ddcbcdd7a43212c4d86fe33f77dac074) Importer(815301076,1909f56bfc062723c751e8b465ee728b)  -> (artifact id: 'b26a0425d7fbe030543469f90606436a') in 0.447030 seconds 
========================================================================
Received Import Request.
  Time since last request: 0.006356 seconds.
  path: Assets/Prefabs 1/Objetos Bosque/Pasto Variant.prefab
  artifactKey: Guid(14a307e38f1d9b849840f85d56ec87f0) Importer(815301076,1909f56bfc062723c751e8b465ee728b)
Start importing Assets/Prefabs 1/Objetos Bosque/Pasto Variant.prefab using Guid(14a307e38f1d9b849840f85d56ec87f0) Importer(815301076,1909f56bfc062723c751e8b465ee728b)  -> (artifact id: 'bc856cb72745bb4533d05645613e78a5') in 0.078016 seconds 
========================================================================
Received Import Request.
  Time since last request: 0.000046 seconds.
  path: Assets/Polytope Studio/Lowpoly_Environments/Sources/Meshes/Trees/PT_Fruit_Tree_01_green_cut.fbx
  artifactKey: Guid(1500a5535a073af4797d5ba960824cb3) Importer(815301076,1909f56bfc062723c751e8b465ee728b)
Start importing Assets/Polytope Studio/Lowpoly_Environments/Sources/Meshes/Trees/PT_Fruit_Tree_01_green_cut.fbx using Guid(1500a5535a073af4797d5ba960824cb3) Importer(815301076,1909f56bfc062723c751e8b465ee728b)  -> (artifact id: 'eefa32ff97817ef5433061c45b9da0fd') in 0.133964 seconds 
========================================================================
Received Import Request.
  Time since last request: 0.000036 seconds.
  path: Assets/Polytope Studio/Lowpoly_Environments/Sources/Meshes/Trees/PT_Fruit_Tree_01_plums.fbx
  artifactKey: Guid(0ef9f3b550a8ffd40ab0be1ae6034fe1) Importer(815301076,1909f56bfc062723c751e8b465ee728b)
Start importing Assets/Polytope Studio/Lowpoly_Environments/Sources/Meshes/Trees/PT_Fruit_Tree_01_plums.fbx using Guid(0ef9f3b550a8ffd40ab0be1ae6034fe1) Importer(815301076,1909f56bfc062723c751e8b465ee728b)  -> (artifact id: 'b1a47b24188c473afa4d3faa96093d7f') in 0.414515 seconds 
========================================================================
Received Import Request.
  Time since last request: 0.000036 seconds.
  path: Assets/Polytope Studio/Lowpoly_Environments/Sources/Meshes/Mushrooms/PT_Caesars_Mushroom_01.fbx
  artifactKey: Guid(2ec966d90911a454c9760fa28789a4f8) Importer(815301076,1909f56bfc062723c751e8b465ee728b)
Start importing Assets/Polytope Studio/Lowpoly_Environments/Sources/Meshes/Mushrooms/PT_Caesars_Mushroom_01.fbx using Guid(2ec966d90911a454c9760fa28789a4f8) Importer(815301076,1909f56bfc062723c751e8b465ee728b)  -> (artifact id: '0020b732c4bdff6567f9637050d23ac1') in 0.090330 seconds 
========================================================================
Received Import Request.
  Time since last request: 0.010079 seconds.
  path: Assets/Polytope Studio/Lowpoly_Environments/Sources/Meshes/Trees/PT_Fruit_Tree_01_stump.fbx
  artifactKey: Guid(f42a2ed0c78e45643bba339ed33235d4) Importer(815301076,1909f56bfc062723c751e8b465ee728b)
Start importing Assets/Polytope Studio/Lowpoly_Environments/Sources/Meshes/Trees/PT_Fruit_Tree_01_stump.fbx using Guid(f42a2ed0c78e45643bba339ed33235d4) Importer(815301076,1909f56bfc062723c751e8b465ee728b)  -> (artifact id: '73a0373baad2e57e07ab054748c3d4fa') in 0.082218 seconds 
========================================================================
Received Import Request.
  Time since last request: 0.000037 seconds.
  path: Assets/LobbyUltimo 1/PreFabs/MuroVentana.prefab
  artifactKey: Guid(aa9e79f8c5665b94fbd1ad2b4e4dcd24) Importer(815301076,1909f56bfc062723c751e8b465ee728b)
Start importing Assets/LobbyUltimo 1/PreFabs/MuroVentana.prefab using Guid(aa9e79f8c5665b94fbd1ad2b4e4dcd24) Importer(815301076,1909f56bfc062723c751e8b465ee728b)  -> (artifact id: 'cc326db612a6b832c496c774f53cd065') in 0.053703 seconds 
========================================================================
Received Import Request.
  Time since last request: 0.000247 seconds.
  path: Assets/Polytope Studio/Lowpoly_Environments/Sources/Meshes/Shrubs/PT_Generic_Shrub_01_green.fbx
  artifactKey: Guid(cc43ed905f6a9d24a86d3eb531265e85) Importer(815301076,1909f56bfc062723c751e8b465ee728b)
Start importing Assets/Polytope Studio/Lowpoly_Environments/Sources/Meshes/Shrubs/PT_Generic_Shrub_01_green.fbx using Guid(cc43ed905f6a9d24a86d3eb531265e85) Importer(815301076,1909f56bfc062723c751e8b465ee728b)  -> (artifact id: '8ca17c9eabe36ef6a4a0ed5859c6ddf5') in 0.282276 seconds 
========================================================================
Received Import Request.
  Time since last request: 0.000034 seconds.
  path: Assets/LobbyUltimo 1/Modelos/Numeros_v/MOD_Numeros(101).fbx
  artifactKey: Guid(86f4a5456eeaee648bfb3f0a3092d07d) Importer(815301076,1909f56bfc062723c751e8b465ee728b)
Start importing Assets/LobbyUltimo 1/Modelos/Numeros_v/MOD_Numeros(101).fbx using Guid(86f4a5456eeaee648bfb3f0a3092d07d) Importer(815301076,1909f56bfc062723c751e8b465ee728b)  -> (artifact id: '26ad4d7ca4b7a8e1a02cc27430799bba') in 0.097323 seconds 
========================================================================
Received Import Request.
  Time since last request: 0.018282 seconds.
  path: Assets/LobbyUltimo 1/Modelos/Numeros_v/MOD_Numeros(103).fbx
  artifactKey: Guid(33bb3f1bad481c1469ccd2fb8a07128a) Importer(815301076,1909f56bfc062723c751e8b465ee728b)
Start importing Assets/LobbyUltimo 1/Modelos/Numeros_v/MOD_Numeros(103).fbx using Guid(33bb3f1bad481c1469ccd2fb8a07128a) Importer(815301076,1909f56bfc062723c751e8b465ee728b)  -> (artifact id: '14ea755d81e63a21b2f31b3cd50057e5') in 0.151469 seconds 
========================================================================
Received Import Request.
  Time since last request: 0.022243 seconds.
  path: Assets/Prefabs 1/Objetos Bosque/Cosas/5.prefab
  artifactKey: Guid(13e773354e862b5439e54eef5bdd3936) Importer(815301076,1909f56bfc062723c751e8b465ee728b)
Start importing Assets/Prefabs 1/Objetos Bosque/Cosas/5.prefab using Guid(13e773354e862b5439e54eef5bdd3936) Importer(815301076,1909f56bfc062723c751e8b465ee728b)  -> (artifact id: 'b927195cb3aac07599cad90da568dfa0') in 0.052093 seconds 
========================================================================
Received Import Request.
  Time since last request: 0.013737 seconds.
  path: Assets/Polytope Studio/Lowpoly_Environments/Sources/Meshes/Rocks/PT_Generic_Rock_01.fbx
  artifactKey: Guid(f226223b3a11d2d4b980aaa520301583) Importer(815301076,1909f56bfc062723c751e8b465ee728b)
Start importing Assets/Polytope Studio/Lowpoly_Environments/Sources/Meshes/Rocks/PT_Generic_Rock_01.fbx using Guid(f226223b3a11d2d4b980aaa520301583) Importer(815301076,1909f56bfc062723c751e8b465ee728b)  -> (artifact id: '4114ab814b12dadfbfc5fe6578db773e') in 0.648298 seconds 
========================================================================
Received Import Request.
  Time since last request: 0.000043 seconds.
  path: Assets/Modelos/Modelos Bosque/Cosas/Bosque/FabricaNuclear.fbx
  artifactKey: Guid(43f2a8212abfe59438df385717ad0c5e) Importer(815301076,1909f56bfc062723c751e8b465ee728b)
Start importing Assets/Modelos/Modelos Bosque/Cosas/Bosque/FabricaNuclear.fbx using Guid(43f2a8212abfe59438df385717ad0c5e) Importer(815301076,1909f56bfc062723c751e8b465ee728b)  -> (artifact id: '45653b129034547e26c584c38154d1e2') in 0.061684 seconds 
========================================================================
Received Import Request.
  Time since last request: 0.427822 seconds.
  path: Assets/Polytope Studio/Lowpoly_Village/Sources/Meshes/PT_Modular_Fence_Wood_01.fbx
  artifactKey: Guid(ed920bad5318ee347ad3e34dd82e273f) Importer(815301076,1909f56bfc062723c751e8b465ee728b)
Start importing Assets/Polytope Studio/Lowpoly_Village/Sources/Meshes/PT_Modular_Fence_Wood_01.fbx using Guid(ed920bad5318ee347ad3e34dd82e273f) Importer(815301076,1909f56bfc062723c751e8b465ee728b)  -> (artifact id: 'fd07accc689399bb2d78cedf7db30d97') in 0.055451 seconds 
========================================================================
Received Import Request.
  Time since last request: 0.013958 seconds.
  path: Assets/Polytope Studio/Lowpoly_Village/Prefabs/PT_Modular_Fence_Wood_02.prefab
  artifactKey: Guid(ae358aa425fe140409d8a560f4492730) Importer(815301076,1909f56bfc062723c751e8b465ee728b)
Start importing Assets/Polytope Studio/Lowpoly_Village/Prefabs/PT_Modular_Fence_Wood_02.prefab using Guid(ae358aa425fe140409d8a560f4492730) Importer(815301076,1909f56bfc062723c751e8b465ee728b)  -> (artifact id: '1421e0f1511d550a6839570cf8f960d9') in 0.045537 seconds 
========================================================================
Received Import Request.
  Time since last request: 0.000056 seconds.
  path: Assets/Polytope Studio/Lowpoly_Village/Sources/Meshes/PT_Modular_Fence_Wood_02.fbx
  artifactKey: Guid(b67d2b761d3397348831d776dbb33e03) Importer(815301076,1909f56bfc062723c751e8b465ee728b)
Start importing Assets/Polytope Studio/Lowpoly_Village/Sources/Meshes/PT_Modular_Fence_Wood_02.fbx using Guid(b67d2b761d3397348831d776dbb33e03) Importer(815301076,1909f56bfc062723c751e8b465ee728b)  -> (artifact id: 'abf5898aa8c71903d1579b5584f60e1c') in 0.053090 seconds 
========================================================================
Received Import Request.
  Time since last request: 0.000037 seconds.
  path: Assets/Polytope Studio/Lowpoly_Village/Prefabs/PT_Modular_Fence_Wood_01.prefab
  artifactKey: Guid(21a364ddeffc797439f2a5721660b0e6) Importer(815301076,1909f56bfc062723c751e8b465ee728b)
Start importing Assets/Polytope Studio/Lowpoly_Village/Prefabs/PT_Modular_Fence_Wood_01.prefab using Guid(21a364ddeffc797439f2a5721660b0e6) Importer(815301076,1909f56bfc062723c751e8b465ee728b)  -> (artifact id: 'bd48058d31a6f31e7471283c8786c7d6') in 0.034219 seconds 
========================================================================
Received Import Request.
  Time since last request: 1.369045 seconds.
  path: Assets/Polytope Studio/Lowpoly_Village/Prefabs/PT_Modular_Fence_Wood_03.prefab
  artifactKey: Guid(2c59246f075efff4eacdd481ad75421a) Importer(815301076,1909f56bfc062723c751e8b465ee728b)
Start importing Assets/Polytope Studio/Lowpoly_Village/Prefabs/PT_Modular_Fence_Wood_03.prefab using Guid(2c59246f075efff4eacdd481ad75421a) Importer(815301076,1909f56bfc062723c751e8b465ee728b)  -> (artifact id: '968a0d1b42970c143de9e291a406b57e') in 0.073107 seconds 
========================================================================
Received Import Request.
  Time since last request: 0.002203 seconds.
  path: Assets/Polytope Studio/Lowpoly_Village/Prefabs/PT_Modular_Gate_Wood_01.prefab
  artifactKey: Guid(5db93e6325024c749aa2663b9998053d) Importer(815301076,1909f56bfc062723c751e8b465ee728b)
Start importing Assets/Polytope Studio/Lowpoly_Village/Prefabs/PT_Modular_Gate_Wood_01.prefab using Guid(5db93e6325024c749aa2663b9998053d) Importer(815301076,1909f56bfc062723c751e8b465ee728b)  -> (artifact id: '4bb8d10f12559e5bd6d561c8af6c5c14') in 0.090112 seconds 
========================================================================
Received Import Request.
  Time since last request: 0.017438 seconds.
  path: Assets/Polytope Studio/Lowpoly_Village/Sources/Meshes/PT_Modular_Gate_Wood_01.fbx
  artifactKey: Guid(be10e17a73c475f41849cedee3245fd3) Importer(815301076,1909f56bfc062723c751e8b465ee728b)
Start importing Assets/Polytope Studio/Lowpoly_Village/Sources/Meshes/PT_Modular_Gate_Wood_01.fbx using Guid(be10e17a73c475f41849cedee3245fd3) Importer(815301076,1909f56bfc062723c751e8b465ee728b)  -> (artifact id: '368f99621b690f93b68a61e0f58065e4') in 0.184663 seconds 
========================================================================
Received Import Request.
  Time since last request: 0.014075 seconds.
  path: Assets/Polytope Studio/Lowpoly_Environments/Sources/Meshes/Trees/PT_Pine_Tree_03_dead.fbx
  artifactKey: Guid(021e9eaa88033da4c94bcdeddffe6562) Importer(815301076,1909f56bfc062723c751e8b465ee728b)
Start importing Assets/Polytope Studio/Lowpoly_Environments/Sources/Meshes/Trees/PT_Pine_Tree_03_dead.fbx using Guid(021e9eaa88033da4c94bcdeddffe6562) Importer(815301076,1909f56bfc062723c751e8b465ee728b)  -> (artifact id: '7e584ef3f6fd239f4175f8d18ac1b1fc') in 0.171151 seconds 
Editor requested this worker to shutdown with reason: Scaling down because of idle timeout
AssetImportWorker is now disconnected from the server
Process exiting
Exiting without the bug reporter. Application will terminate with return code 0